[0.837s] Invoking command in '/home/fishros/chapt2/demo_python_pkg': PYTHONPATH=/home/fishros/chapt2/build/demo_python_pkg/prefix_override:/usr/lib/python3/dist-packages/colcon_core/task/python/colcon_distutils_commands:/home/fishros/chapt2/install/demo_python_pkg/lib/python3.10/site-packages:${PYTHONPATH} /usr/bin/python3 -W ignore:setup.py install is deprecated -W ignore:easy_install command is deprecated setup.py egg_info --egg-base ../build/demo_python_pkg build --build-base /home/fishros/chapt2/build/demo_python_pkg/build install --record /home/fishros/chapt2/build/demo_python_pkg/install.log --single-version-externally-managed install_data
[0.979s] /home/fishros/.local/lib/python3.10/site-packages/setuptools/_distutils/dist.py:270: UserWarning: Unknown distribution option: 'tests_require'
[0.979s]   warnings.warn(msg)
[1.056s] running egg_info
[1.067s] creating ../build/demo_python_pkg/demo_python_pkg.egg-info
[1.067s] writing ../build/demo_python_pkg/demo_python_pkg.egg-info/PKG-INFO
[1.069s] writing dependency_links to ../build/demo_python_pkg/demo_python_pkg.egg-info/dependency_links.txt
[1.069s] writing entry points to ../build/demo_python_pkg/demo_python_pkg.egg-info/entry_points.txt
[1.069s] writing requirements to ../build/demo_python_pkg/demo_python_pkg.egg-info/requires.txt
[1.069s] writing top-level names to ../build/demo_python_pkg/demo_python_pkg.egg-info/top_level.txt
[1.069s] writing manifest file '../build/demo_python_pkg/demo_python_pkg.egg-info/SOURCES.txt'
[1.091s] reading manifest file '../build/demo_python_pkg/demo_python_pkg.egg-info/SOURCES.txt'
[1.091s] adding license file 'LICENSE'
[1.092s] writing manifest file '../build/demo_python_pkg/demo_python_pkg.egg-info/SOURCES.txt'
[1.092s] running build
[1.092s] running build_py
[1.092s] creating /home/fishros/chapt2/build/demo_python_pkg/build/lib/demo_python_pkg
[1.092s] copying demo_python_pkg/__init__.py -> /home/fishros/chapt2/build/demo_python_pkg/build/lib/demo_python_pkg
[1.093s] copying demo_python_pkg/python_node.py -> /home/fishros/chapt2/build/demo_python_pkg/build/lib/demo_python_pkg
[1.093s] running install
[1.097s] running install_lib
[1.110s] creating /home/fishros/chapt2/install/demo_python_pkg/lib/python3.10/site-packages/demo_python_pkg
[1.111s] copying /home/fishros/chapt2/build/demo_python_pkg/build/lib/demo_python_pkg/__init__.py -> /home/fishros/chapt2/install/demo_python_pkg/lib/python3.10/site-packages/demo_python_pkg
[1.111s] copying /home/fishros/chapt2/build/demo_python_pkg/build/lib/demo_python_pkg/python_node.py -> /home/fishros/chapt2/install/demo_python_pkg/lib/python3.10/site-packages/demo_python_pkg
[1.111s] byte-compiling /home/fishros/chapt2/install/demo_python_pkg/lib/python3.10/site-packages/demo_python_pkg/__init__.py to __init__.cpython-310.pyc
[1.112s] byte-compiling /home/fishros/chapt2/install/demo_python_pkg/lib/python3.10/site-packages/demo_python_pkg/python_node.py to python_node.cpython-310.pyc
[1.112s] running install_data
[1.112s] creating /home/fishros/chapt2/install/demo_python_pkg/share/ament_index/resource_index/packages
[1.112s] copying resource/demo_python_pkg -> /home/fishros/chapt2/install/demo_python_pkg/share/ament_index/resource_index/packages
[1.113s] copying package.xml -> /home/fishros/chapt2/install/demo_python_pkg/share/demo_python_pkg
[1.113s] running install_egg_info
[1.128s] Copying ../build/demo_python_pkg/demo_python_pkg.egg-info to /home/fishros/chapt2/install/demo_python_pkg/lib/python3.10/site-packages/demo_python_pkg-0.0.0-py3.10.egg-info
[1.129s] running install_scripts
[1.239s] Installing python_node script to /home/fishros/chapt2/install/demo_python_pkg/lib/demo_python_pkg
[1.240s] writing list of installed files to '/home/fishros/chapt2/build/demo_python_pkg/install.log'
[1.263s] Invoked command in '/home/fishros/chapt2/demo_python_pkg' returned '0': PYTHONPATH=/home/fishros/chapt2/build/demo_python_pkg/prefix_override:/usr/lib/python3/dist-packages/colcon_core/task/python/colcon_distutils_commands:/home/fishros/chapt2/install/demo_python_pkg/lib/python3.10/site-packages:${PYTHONPATH} /usr/bin/python3 -W ignore:setup.py install is deprecated -W ignore:easy_install command is deprecated setup.py egg_info --egg-base ../build/demo_python_pkg build --build-base /home/fishros/chapt2/build/demo_python_pkg/build install --record /home/fishros/chapt2/build/demo_python_pkg/install.log --single-version-externally-managed install_data
