[1.136s] Invoking command in '/home/fishros/document/GitHub/Learning-ROS2-with-Fishbot/chapt3/topic_practice_ws/src/status_publisher': AMENT_PREFIX_PATH=/home/fishros/document/GitHub/Learning-ROS2-with-Fishbot/chapt3/topic_practice_ws/src/install/status_interfaces:${AMENT_PREFIX_PATH} CMAKE_PREFIX_PATH=/home/fishros/document/GitHub/Learning-ROS2-with-Fishbot/chapt3/topic_practice_ws/src/install/status_interfaces LD_LIBRARY_PATH=/home/fishros/document/GitHub/Learning-ROS2-with-Fishbot/chapt3/topic_practice_ws/src/install/status_interfaces/lib:${LD_LIBRARY_PATH} PYTHONPATH=/home/fishros/document/GitHub/Learning-ROS2-with-Fishbot/chapt3/topic_practice_ws/src/build/status_publisher/prefix_override:/usr/lib/python3/dist-packages/colcon_core/task/python/colcon_distutils_commands:/home/fishros/document/GitHub/Learning-ROS2-with-Fishbot/chapt3/topic_practice_ws/src/install/status_publisher/lib/python3.10/site-packages:/home/fishros/document/GitHub/Learning-ROS2-with-Fishbot/chapt3/topic_practice_ws/src/install/status_interfaces/local/lib/python3.10/dist-packages:${PYTHONPATH} /usr/bin/python3 -W ignore:setup.py install is deprecated -W ignore:easy_install command is deprecated setup.py egg_info --egg-base ../build/status_publisher build --build-base /home/fishros/document/GitHub/Learning-ROS2-with-Fishbot/chapt3/topic_practice_ws/src/build/status_publisher/build install --record /home/fishros/document/GitHub/Learning-ROS2-with-Fishbot/chapt3/topic_practice_ws/src/build/status_publisher/install.log --single-version-externally-managed install_data
[1.351s] /home/fishros/.local/lib/python3.10/site-packages/setuptools/_distutils/dist.py:270: UserWarning: Unknown distribution option: 'tests_require'
[1.352s]   warnings.warn(msg)
[1.495s] running egg_info
[1.518s] creating ../build/status_publisher/status_publisher.egg-info
[1.518s] writing ../build/status_publisher/status_publisher.egg-info/PKG-INFO
[1.518s] writing dependency_links to ../build/status_publisher/status_publisher.egg-info/dependency_links.txt
[1.519s] writing entry points to ../build/status_publisher/status_publisher.egg-info/entry_points.txt
[1.519s] writing requirements to ../build/status_publisher/status_publisher.egg-info/requires.txt
[1.519s] writing top-level names to ../build/status_publisher/status_publisher.egg-info/top_level.txt
[1.520s] writing manifest file '../build/status_publisher/status_publisher.egg-info/SOURCES.txt'
[1.563s] reading manifest file '../build/status_publisher/status_publisher.egg-info/SOURCES.txt'
[1.563s] adding license file 'LICENSE'
[1.565s] writing manifest file '../build/status_publisher/status_publisher.egg-info/SOURCES.txt'
[1.565s] running build
[1.565s] running build_py
[1.566s] creating /home/fishros/document/GitHub/Learning-ROS2-with-Fishbot/chapt3/topic_practice_ws/src/build/status_publisher/build/lib/status_publisher
[1.566s] copying status_publisher/__init__.py -> /home/fishros/document/GitHub/Learning-ROS2-with-Fishbot/chapt3/topic_practice_ws/src/build/status_publisher/build/lib/status_publisher
[1.566s] copying status_publisher/sys_status_pub.py -> /home/fishros/document/GitHub/Learning-ROS2-with-Fishbot/chapt3/topic_practice_ws/src/build/status_publisher/build/lib/status_publisher
[1.567s] running install
[1.579s] running install_lib
[1.603s] creating /home/fishros/document/GitHub/Learning-ROS2-with-Fishbot/chapt3/topic_practice_ws/src/install/status_publisher/lib/python3.10/site-packages/status_publisher
[1.603s] copying /home/fishros/document/GitHub/Learning-ROS2-with-Fishbot/chapt3/topic_practice_ws/src/build/status_publisher/build/lib/status_publisher/__init__.py -> /home/fishros/document/GitHub/Learning-ROS2-with-Fishbot/chapt3/topic_practice_ws/src/install/status_publisher/lib/python3.10/site-packages/status_publisher
[1.603s] copying /home/fishros/document/GitHub/Learning-ROS2-with-Fishbot/chapt3/topic_practice_ws/src/build/status_publisher/build/lib/status_publisher/sys_status_pub.py -> /home/fishros/document/GitHub/Learning-ROS2-with-Fishbot/chapt3/topic_practice_ws/src/install/status_publisher/lib/python3.10/site-packages/status_publisher
[1.604s] byte-compiling /home/fishros/document/GitHub/Learning-ROS2-with-Fishbot/chapt3/topic_practice_ws/src/install/status_publisher/lib/python3.10/site-packages/status_publisher/__init__.py to __init__.cpython-310.pyc
[1.604s] byte-compiling /home/fishros/document/GitHub/Learning-ROS2-with-Fishbot/chapt3/topic_practice_ws/src/install/status_publisher/lib/python3.10/site-packages/status_publisher/sys_status_pub.py to sys_status_pub.cpython-310.pyc
[1.605s] running install_data
[1.605s] creating /home/fishros/document/GitHub/Learning-ROS2-with-Fishbot/chapt3/topic_practice_ws/src/install/status_publisher/share/ament_index/resource_index/packages
[1.605s] copying resource/status_publisher -> /home/fishros/document/GitHub/Learning-ROS2-with-Fishbot/chapt3/topic_practice_ws/src/install/status_publisher/share/ament_index/resource_index/packages
[1.605s] copying package.xml -> /home/fishros/document/GitHub/Learning-ROS2-with-Fishbot/chapt3/topic_practice_ws/src/install/status_publisher/share/status_publisher
[1.606s] running install_egg_info
[1.628s] Copying ../build/status_publisher/status_publisher.egg-info to /home/fishros/document/GitHub/Learning-ROS2-with-Fishbot/chapt3/topic_practice_ws/src/install/status_publisher/lib/python3.10/site-packages/status_publisher-0.0.0-py3.10.egg-info
[1.629s] running install_scripts
[1.811s] Installing sys_status_pub script to /home/fishros/document/GitHub/Learning-ROS2-with-Fishbot/chapt3/topic_practice_ws/src/install/status_publisher/lib/status_publisher
[1.811s] writing list of installed files to '/home/fishros/document/GitHub/Learning-ROS2-with-Fishbot/chapt3/topic_practice_ws/src/build/status_publisher/install.log'
[1.861s] Invoked command in '/home/fishros/document/GitHub/Learning-ROS2-with-Fishbot/chapt3/topic_practice_ws/src/status_publisher' returned '0': AMENT_PREFIX_PATH=/home/fishros/document/GitHub/Learning-ROS2-with-Fishbot/chapt3/topic_practice_ws/src/install/status_interfaces:${AMENT_PREFIX_PATH} CMAKE_PREFIX_PATH=/home/fishros/document/GitHub/Learning-ROS2-with-Fishbot/chapt3/topic_practice_ws/src/install/status_interfaces LD_LIBRARY_PATH=/home/fishros/document/GitHub/Learning-ROS2-with-Fishbot/chapt3/topic_practice_ws/src/install/status_interfaces/lib:${LD_LIBRARY_PATH} PYTHONPATH=/home/fishros/document/GitHub/Learning-ROS2-with-Fishbot/chapt3/topic_practice_ws/src/build/status_publisher/prefix_override:/usr/lib/python3/dist-packages/colcon_core/task/python/colcon_distutils_commands:/home/fishros/document/GitHub/Learning-ROS2-with-Fishbot/chapt3/topic_practice_ws/src/install/status_publisher/lib/python3.10/site-packages:/home/fishros/document/GitHub/Learning-ROS2-with-Fishbot/chapt3/topic_practice_ws/src/install/status_interfaces/local/lib/python3.10/dist-packages:${PYTHONPATH} /usr/bin/python3 -W ignore:setup.py install is deprecated -W ignore:easy_install command is deprecated setup.py egg_info --egg-base ../build/status_publisher build --build-base /home/fishros/document/GitHub/Learning-ROS2-with-Fishbot/chapt3/topic_practice_ws/src/build/status_publisher/build install --record /home/fishros/document/GitHub/Learning-ROS2-with-Fishbot/chapt3/topic_practice_ws/src/build/status_publisher/install.log --single-version-externally-managed install_data
