[0.146s] DEBUG:colcon:Command line arguments: ['/usr/bin/colcon', 'build', '--packages-select', 'demo_cpp_topic']
[0.146s] DEBUG:colcon:Parsed command line arguments: Namespace(log_base=None, log_level=None, verb_name='build', build_base='build', install_base='install', merge_install=False, symlink_install=False, test_result_base=None, continue_on_error=False, executor='parallel', parallel_workers=8, event_handlers=None, ignore_user_meta=False, metas=['./colcon.meta'], base_paths=['.'], packages_ignore=None, packages_ignore_regex=None, paths=None, packages_up_to=None, packages_up_to_regex=None, packages_above=None, packages_above_and_dependencies=None, packages_above_depth=None, packages_select_by_dep=None, packages_skip_by_dep=None, packages_skip_up_to=None, packages_select_build_failed=False, packages_skip_build_finished=False, packages_select_test_failures=False, packages_skip_test_passed=False, packages_select=['demo_cpp_topic'], packages_skip=None, packages_select_regex=None, packages_skip_regex=None, packages_start=None, packages_end=None, allow_overriding=[], cmake_args=None, cmake_target=None, cmake_target_skip_unavailable=False, cmake_clean_cache=False, cmake_clean_first=False, cmake_force_configure=False, ament_cmake_args=None, catkin_cmake_args=None, catkin_skip_building_tests=False, verb_parser=<colcon_defaults.argument_parser.defaults.DefaultArgumentsDecorator object at 0x7dd57e3f07f0>, verb_extension=<colcon_core.verb.build.BuildVerb object at 0x7dd57e566290>, main=<bound method BuildVerb.main of <colcon_core.verb.build.BuildVerb object at 0x7dd57e566290>>)
[0.202s] Level 1:colcon.colcon_core.package_discovery:discover_packages(colcon_meta) check parameters
[0.202s] Level 1:colcon.colcon_core.package_discovery:discover_packages(recursive) check parameters
[0.202s] Level 1:colcon.colcon_core.package_discovery:discover_packages(ignore) check parameters
[0.202s] Level 1:colcon.colcon_core.package_discovery:discover_packages(path) check parameters
[0.202s] Level 1:colcon.colcon_core.package_discovery:discover_packages(colcon_meta) discover
[0.202s] Level 1:colcon.colcon_core.package_discovery:discover_packages(recursive) discover
[0.202s] INFO:colcon.colcon_core.package_discovery:Crawling recursively for packages in '/home/fishros/文档/GitHub/Learning-ROS2-with-Fishbot/chapt3/topic_ws'
[0.202s] Level 1:colcon.colcon_core.package_identification:_identify(.) by extensions ['ignore', 'ignore_ament_install']
[0.203s] Level 1:colcon.colcon_core.package_identification:_identify(.) by extension 'ignore'
[0.203s] Level 1:colcon.colcon_core.package_identification:_identify(.) by extension 'ignore_ament_install'
[0.203s] Level 1:colcon.colcon_core.package_identification:_identify(.) by extensions ['colcon_pkg']
[0.203s] Level 1:colcon.colcon_core.package_identification:_identify(.) by extension 'colcon_pkg'
[0.203s] Level 1:colcon.colcon_core.package_identification:_identify(.) by extensions ['colcon_meta']
[0.203s] Level 1:colcon.colcon_core.package_identification:_identify(.) by extension 'colcon_meta'
[0.203s] Level 1:colcon.colcon_core.package_identification:_identify(.) by extensions ['ros']
[0.203s] Level 1:colcon.colcon_core.package_identification:_identify(.) by extension 'ros'
[0.223s] Level 1:colcon.colcon_core.package_identification:_identify(.) by extensions ['cmake', 'python']
[0.223s] Level 1:colcon.colcon_core.package_identification:_identify(.) by extension 'cmake'
[0.224s] Level 1:colcon.colcon_core.package_identification:_identify(.) by extension 'python'
[0.224s] Level 1:colcon.colcon_core.package_identification:_identify(.) by extensions ['python_setup_py']
[0.224s] Level 1:colcon.colcon_core.package_identification:_identify(.) by extension 'python_setup_py'
[0.224s] Level 1:colcon.colcon_core.package_identification:_identify(build) by extensions ['ignore', 'ignore_ament_install']
[0.224s] Level 1:colcon.colcon_core.package_identification:_identify(build) by extension 'ignore'
[0.224s] Level 1:colcon.colcon_core.package_identification:_identify(build) ignored
[0.224s] Level 1:colcon.colcon_core.package_identification:_identify(install) by extensions ['ignore', 'ignore_ament_install']
[0.224s] Level 1:colcon.colcon_core.package_identification:_identify(install) by extension 'ignore'
[0.224s] Level 1:colcon.colcon_core.package_identification:_identify(install) ignored
[0.224s] Level 1:colcon.colcon_core.package_identification:_identify(log) by extensions ['ignore', 'ignore_ament_install']
[0.224s] Level 1:colcon.colcon_core.package_identification:_identify(log) by extension 'ignore'
[0.225s] Level 1:colcon.colcon_core.package_identification:_identify(log) ignored
[0.225s] Level 1:colcon.colcon_core.package_identification:_identify(src) by extensions ['ignore', 'ignore_ament_install']
[0.225s] Level 1:colcon.colcon_core.package_identification:_identify(src) by extension 'ignore'
[0.225s] Level 1:colcon.colcon_core.package_identification:_identify(src) by extension 'ignore_ament_install'
[0.225s] Level 1:colcon.colcon_core.package_identification:_identify(src) by extensions ['colcon_pkg']
[0.225s] Level 1:colcon.colcon_core.package_identification:_identify(src) by extension 'colcon_pkg'
[0.225s] Level 1:colcon.colcon_core.package_identification:_identify(src) by extensions ['colcon_meta']
[0.225s] Level 1:colcon.colcon_core.package_identification:_identify(src) by extension 'colcon_meta'
[0.225s] Level 1:colcon.colcon_core.package_identification:_identify(src) by extensions ['ros']
[0.225s] Level 1:colcon.colcon_core.package_identification:_identify(src) by extension 'ros'
[0.225s] Level 1:colcon.colcon_core.package_identification:_identify(src) by extensions ['cmake', 'python']
[0.225s] Level 1:colcon.colcon_core.package_identification:_identify(src) by extension 'cmake'
[0.225s] Level 1:colcon.colcon_core.package_identification:_identify(src) by extension 'python'
[0.225s] Level 1:colcon.colcon_core.package_identification:_identify(src) by extensions ['python_setup_py']
[0.225s] Level 1:colcon.colcon_core.package_identification:_identify(src) by extension 'python_setup_py'
[0.225s] Level 1:colcon.colcon_core.package_identification:_identify(src/demo_cpp_topic) by extensions ['ignore', 'ignore_ament_install']
[0.225s] Level 1:colcon.colcon_core.package_identification:_identify(src/demo_cpp_topic) by extension 'ignore'
[0.225s] Level 1:colcon.colcon_core.package_identification:_identify(src/demo_cpp_topic) by extension 'ignore_ament_install'
[0.226s] Level 1:colcon.colcon_core.package_identification:_identify(src/demo_cpp_topic) by extensions ['colcon_pkg']
[0.226s] Level 1:colcon.colcon_core.package_identification:_identify(src/demo_cpp_topic) by extension 'colcon_pkg'
[0.226s] Level 1:colcon.colcon_core.package_identification:_identify(src/demo_cpp_topic) by extensions ['colcon_meta']
[0.226s] Level 1:colcon.colcon_core.package_identification:_identify(src/demo_cpp_topic) by extension 'colcon_meta'
[0.226s] Level 1:colcon.colcon_core.package_identification:_identify(src/demo_cpp_topic) by extensions ['ros']
[0.226s] Level 1:colcon.colcon_core.package_identification:_identify(src/demo_cpp_topic) by extension 'ros'
[0.229s] DEBUG:colcon.colcon_core.package_identification:Package 'src/demo_cpp_topic' with type 'ros.ament_cmake' and name 'demo_cpp_topic'
[0.229s] Level 1:colcon.colcon_core.package_identification:_identify(src/demo_python_topic) by extensions ['ignore', 'ignore_ament_install']
[0.229s] Level 1:colcon.colcon_core.package_identification:_identify(src/demo_python_topic) by extension 'ignore'
[0.229s] Level 1:colcon.colcon_core.package_identification:_identify(src/demo_python_topic) by extension 'ignore_ament_install'
[0.229s] Level 1:colcon.colcon_core.package_identification:_identify(src/demo_python_topic) by extensions ['colcon_pkg']
[0.229s] Level 1:colcon.colcon_core.package_identification:_identify(src/demo_python_topic) by extension 'colcon_pkg'
[0.230s] Level 1:colcon.colcon_core.package_identification:_identify(src/demo_python_topic) by extensions ['colcon_meta']
[0.230s] Level 1:colcon.colcon_core.package_identification:_identify(src/demo_python_topic) by extension 'colcon_meta'
[0.230s] Level 1:colcon.colcon_core.package_identification:_identify(src/demo_python_topic) by extensions ['ros']
[0.230s] Level 1:colcon.colcon_core.package_identification:_identify(src/demo_python_topic) by extension 'ros'
[0.231s] DEBUG:colcon.colcon_core.package_identification:Package 'src/demo_python_topic' with type 'ros.ament_python' and name 'demo_python_topic'
[0.231s] Level 1:colcon.colcon_core.package_discovery:discover_packages(recursive) using defaults
[0.232s] Level 1:colcon.colcon_core.package_discovery:discover_packages(ignore) discover
[0.232s] Level 1:colcon.colcon_core.package_discovery:discover_packages(ignore) using defaults
[0.232s] Level 1:colcon.colcon_core.package_discovery:discover_packages(path) discover
[0.232s] Level 1:colcon.colcon_core.package_discovery:discover_packages(path) using defaults
[0.262s] INFO:colcon.colcon_core.package_selection:Skipping not selected package 'demo_python_topic' in 'src/demo_python_topic'
[0.263s] Level 1:colcon.colcon_core.package_discovery:discover_packages(prefix_path) check parameters
[0.263s] Level 1:colcon.colcon_core.package_discovery:discover_packages(prefix_path) discover
[0.265s] DEBUG:colcon.colcon_installed_package_information.package_discovery:Found 2 installed packages in /home/fishros/文档/GitHub/Learning-ROS2-with-Fishbot/chapt3/topic_ws/install
[0.268s] DEBUG:colcon.colcon_installed_package_information.package_discovery:Found 314 installed packages in /opt/ros/humble
[0.271s] Level 1:colcon.colcon_core.package_discovery:discover_packages(prefix_path) using defaults
[0.352s] Level 5:colcon.colcon_core.verb:set package 'demo_cpp_topic' build argument 'cmake_args' from command line to 'None'
[0.353s] Level 5:colcon.colcon_core.verb:set package 'demo_cpp_topic' build argument 'cmake_target' from command line to 'None'
[0.353s] Level 5:colcon.colcon_core.verb:set package 'demo_cpp_topic' build argument 'cmake_target_skip_unavailable' from command line to 'False'
[0.353s] Level 5:colcon.colcon_core.verb:set package 'demo_cpp_topic' build argument 'cmake_clean_cache' from command line to 'False'
[0.353s] Level 5:colcon.colcon_core.verb:set package 'demo_cpp_topic' build argument 'cmake_clean_first' from command line to 'False'
[0.353s] Level 5:colcon.colcon_core.verb:set package 'demo_cpp_topic' build argument 'cmake_force_configure' from command line to 'False'
[0.353s] Level 5:colcon.colcon_core.verb:set package 'demo_cpp_topic' build argument 'ament_cmake_args' from command line to 'None'
[0.353s] Level 5:colcon.colcon_core.verb:set package 'demo_cpp_topic' build argument 'catkin_cmake_args' from command line to 'None'
[0.353s] Level 5:colcon.colcon_core.verb:set package 'demo_cpp_topic' build argument 'catkin_skip_building_tests' from command line to 'False'
[0.353s] DEBUG:colcon.colcon_core.verb:Building package 'demo_cpp_topic' with the following arguments: {'ament_cmake_args': None, 'build_base': '/home/fishros/文档/GitHub/Learning-ROS2-with-Fishbot/chapt3/topic_ws/build/demo_cpp_topic', 'catkin_cmake_args': None, 'catkin_skip_building_tests': False, 'cmake_args': None, 'cmake_clean_cache': False, 'cmake_clean_first': False, 'cmake_force_configure': False, 'cmake_target': None, 'cmake_target_skip_unavailable': False, 'install_base': '/home/fishros/文档/GitHub/Learning-ROS2-with-Fishbot/chapt3/topic_ws/install/demo_cpp_topic', 'merge_install': False, 'path': '/home/fishros/文档/GitHub/Learning-ROS2-with-Fishbot/chapt3/topic_ws/src/demo_cpp_topic', 'symlink_install': False, 'test_result_base': None}
[0.353s] INFO:colcon.colcon_core.executor:Executing jobs using 'parallel' executor
[0.356s] DEBUG:colcon.colcon_parallel_executor.executor.parallel:run_until_complete
[0.356s] INFO:colcon.colcon_ros.task.ament_cmake.build:Building ROS package in '/home/fishros/文档/GitHub/Learning-ROS2-with-Fishbot/chapt3/topic_ws/src/demo_cpp_topic' with build type 'ament_cmake'
[0.356s] INFO:colcon.colcon_cmake.task.cmake.build:Building CMake package in '/home/fishros/文档/GitHub/Learning-ROS2-with-Fishbot/chapt3/topic_ws/src/demo_cpp_topic'
[0.360s] INFO:colcon.colcon_core.plugin_system:Skipping extension 'colcon_core.shell.bat': Not used on non-Windows systems
[0.360s] INFO:colcon.colcon_core.shell:Skip shell extension 'powershell' for command environment: Not usable outside of PowerShell
[0.360s] DEBUG:colcon.colcon_core.shell:Skip shell extension 'dsv' for command environment
[0.377s] DEBUG:colcon.colcon_core.event_handler.log_command:Invoking command in '/home/fishros/文档/GitHub/Learning-ROS2-with-Fishbot/chapt3/topic_ws/build/demo_cpp_topic': CMAKE_PREFIX_PATH=${CMAKE_PREFIX_PATH}:/home/fishros/文档/GitHub/Learning-ROS2-with-Fishbot/chapt3/topic_ws/install/demo_python_topic:/opt/ros/humble /usr/bin/cmake --build /home/fishros/文档/GitHub/Learning-ROS2-with-Fishbot/chapt3/topic_ws/build/demo_cpp_topic -- -j8 -l8
[15.990s] DEBUG:colcon.colcon_core.event_handler.log_command:Invoked command in '/home/fishros/文档/GitHub/Learning-ROS2-with-Fishbot/chapt3/topic_ws/build/demo_cpp_topic' returned '0': CMAKE_PREFIX_PATH=${CMAKE_PREFIX_PATH}:/home/fishros/文档/GitHub/Learning-ROS2-with-Fishbot/chapt3/topic_ws/install/demo_python_topic:/opt/ros/humble /usr/bin/cmake --build /home/fishros/文档/GitHub/Learning-ROS2-with-Fishbot/chapt3/topic_ws/build/demo_cpp_topic -- -j8 -l8
[16.008s] DEBUG:colcon.colcon_core.event_handler.log_command:Invoking command in '/home/fishros/文档/GitHub/Learning-ROS2-with-Fishbot/chapt3/topic_ws/build/demo_cpp_topic': CMAKE_PREFIX_PATH=${CMAKE_PREFIX_PATH}:/home/fishros/文档/GitHub/Learning-ROS2-with-Fishbot/chapt3/topic_ws/install/demo_python_topic:/opt/ros/humble /usr/bin/cmake --install /home/fishros/文档/GitHub/Learning-ROS2-with-Fishbot/chapt3/topic_ws/build/demo_cpp_topic
[16.027s] Level 1:colcon.colcon_core.environment:create_environment_scripts_only(demo_cpp_topic)
[16.028s] DEBUG:colcon.colcon_core.event_handler.log_command:Invoked command in '/home/fishros/文档/GitHub/Learning-ROS2-with-Fishbot/chapt3/topic_ws/build/demo_cpp_topic' returned '0': CMAKE_PREFIX_PATH=${CMAKE_PREFIX_PATH}:/home/fishros/文档/GitHub/Learning-ROS2-with-Fishbot/chapt3/topic_ws/install/demo_python_topic:/opt/ros/humble /usr/bin/cmake --install /home/fishros/文档/GitHub/Learning-ROS2-with-Fishbot/chapt3/topic_ws/build/demo_cpp_topic
[16.032s] Level 1:colcon.colcon_core.environment:checking '/home/fishros/文档/GitHub/Learning-ROS2-with-Fishbot/chapt3/topic_ws/install/demo_cpp_topic' for CMake module files
[16.033s] Level 1:colcon.colcon_core.environment:checking '/home/fishros/文档/GitHub/Learning-ROS2-with-Fishbot/chapt3/topic_ws/install/demo_cpp_topic' for CMake config files
[16.033s] Level 1:colcon.colcon_core.shell:create_environment_hook('demo_cpp_topic', 'cmake_prefix_path')
[16.034s] INFO:colcon.colcon_core.shell:Creating environment hook '/home/fishros/文档/GitHub/Learning-ROS2-with-Fishbot/chapt3/topic_ws/install/demo_cpp_topic/share/demo_cpp_topic/hook/cmake_prefix_path.ps1'
[16.035s] INFO:colcon.colcon_core.shell:Creating environment descriptor '/home/fishros/文档/GitHub/Learning-ROS2-with-Fishbot/chapt3/topic_ws/install/demo_cpp_topic/share/demo_cpp_topic/hook/cmake_prefix_path.dsv'
[16.035s] INFO:colcon.colcon_core.shell:Creating environment hook '/home/fishros/文档/GitHub/Learning-ROS2-with-Fishbot/chapt3/topic_ws/install/demo_cpp_topic/share/demo_cpp_topic/hook/cmake_prefix_path.sh'
[16.037s] Level 1:colcon.colcon_core.environment:checking '/home/fishros/文档/GitHub/Learning-ROS2-with-Fishbot/chapt3/topic_ws/install/demo_cpp_topic/lib'
[16.037s] Level 1:colcon.colcon_core.environment:checking '/home/fishros/文档/GitHub/Learning-ROS2-with-Fishbot/chapt3/topic_ws/install/demo_cpp_topic/bin'
[16.037s] Level 1:colcon.colcon_core.environment:checking '/home/fishros/文档/GitHub/Learning-ROS2-with-Fishbot/chapt3/topic_ws/install/demo_cpp_topic/lib/pkgconfig/demo_cpp_topic.pc'
[16.038s] Level 1:colcon.colcon_core.environment:checking '/home/fishros/文档/GitHub/Learning-ROS2-with-Fishbot/chapt3/topic_ws/install/demo_cpp_topic/lib/python3.10/site-packages'
[16.038s] Level 1:colcon.colcon_core.environment:checking '/home/fishros/文档/GitHub/Learning-ROS2-with-Fishbot/chapt3/topic_ws/install/demo_cpp_topic/bin'
[16.039s] INFO:colcon.colcon_core.shell:Creating package script '/home/fishros/文档/GitHub/Learning-ROS2-with-Fishbot/chapt3/topic_ws/install/demo_cpp_topic/share/demo_cpp_topic/package.ps1'
[16.040s] INFO:colcon.colcon_core.shell:Creating package descriptor '/home/fishros/文档/GitHub/Learning-ROS2-with-Fishbot/chapt3/topic_ws/install/demo_cpp_topic/share/demo_cpp_topic/package.dsv'
[16.041s] INFO:colcon.colcon_core.shell:Creating package script '/home/fishros/文档/GitHub/Learning-ROS2-with-Fishbot/chapt3/topic_ws/install/demo_cpp_topic/share/demo_cpp_topic/package.sh'
[16.042s] INFO:colcon.colcon_core.shell:Creating package script '/home/fishros/文档/GitHub/Learning-ROS2-with-Fishbot/chapt3/topic_ws/install/demo_cpp_topic/share/demo_cpp_topic/package.bash'
[16.044s] INFO:colcon.colcon_core.shell:Creating package script '/home/fishros/文档/GitHub/Learning-ROS2-with-Fishbot/chapt3/topic_ws/install/demo_cpp_topic/share/demo_cpp_topic/package.zsh'
[16.045s] Level 1:colcon.colcon_core.environment:create_file_with_runtime_dependencies(/home/fishros/文档/GitHub/Learning-ROS2-with-Fishbot/chapt3/topic_ws/install/demo_cpp_topic/share/colcon-core/packages/demo_cpp_topic)
[16.046s] Level 1:colcon.colcon_core.environment:create_environment_scripts_only(demo_cpp_topic)
[16.047s] Level 1:colcon.colcon_core.environment:checking '/home/fishros/文档/GitHub/Learning-ROS2-with-Fishbot/chapt3/topic_ws/install/demo_cpp_topic' for CMake module files
[16.048s] Level 1:colcon.colcon_core.environment:checking '/home/fishros/文档/GitHub/Learning-ROS2-with-Fishbot/chapt3/topic_ws/install/demo_cpp_topic' for CMake config files
[16.048s] Level 1:colcon.colcon_core.shell:create_environment_hook('demo_cpp_topic', 'cmake_prefix_path')
[16.049s] INFO:colcon.colcon_core.shell:Creating environment hook '/home/fishros/文档/GitHub/Learning-ROS2-with-Fishbot/chapt3/topic_ws/install/demo_cpp_topic/share/demo_cpp_topic/hook/cmake_prefix_path.ps1'
[16.049s] INFO:colcon.colcon_core.shell:Creating environment descriptor '/home/fishros/文档/GitHub/Learning-ROS2-with-Fishbot/chapt3/topic_ws/install/demo_cpp_topic/share/demo_cpp_topic/hook/cmake_prefix_path.dsv'
[16.050s] INFO:colcon.colcon_core.shell:Creating environment hook '/home/fishros/文档/GitHub/Learning-ROS2-with-Fishbot/chapt3/topic_ws/install/demo_cpp_topic/share/demo_cpp_topic/hook/cmake_prefix_path.sh'
[16.050s] Level 1:colcon.colcon_core.environment:checking '/home/fishros/文档/GitHub/Learning-ROS2-with-Fishbot/chapt3/topic_ws/install/demo_cpp_topic/lib'
[16.051s] Level 1:colcon.colcon_core.environment:checking '/home/fishros/文档/GitHub/Learning-ROS2-with-Fishbot/chapt3/topic_ws/install/demo_cpp_topic/bin'
[16.051s] Level 1:colcon.colcon_core.environment:checking '/home/fishros/文档/GitHub/Learning-ROS2-with-Fishbot/chapt3/topic_ws/install/demo_cpp_topic/lib/pkgconfig/demo_cpp_topic.pc'
[16.051s] Level 1:colcon.colcon_core.environment:checking '/home/fishros/文档/GitHub/Learning-ROS2-with-Fishbot/chapt3/topic_ws/install/demo_cpp_topic/lib/python3.10/site-packages'
[16.051s] Level 1:colcon.colcon_core.environment:checking '/home/fishros/文档/GitHub/Learning-ROS2-with-Fishbot/chapt3/topic_ws/install/demo_cpp_topic/bin'
[16.052s] INFO:colcon.colcon_core.shell:Creating package script '/home/fishros/文档/GitHub/Learning-ROS2-with-Fishbot/chapt3/topic_ws/install/demo_cpp_topic/share/demo_cpp_topic/package.ps1'
[16.053s] INFO:colcon.colcon_core.shell:Creating package descriptor '/home/fishros/文档/GitHub/Learning-ROS2-with-Fishbot/chapt3/topic_ws/install/demo_cpp_topic/share/demo_cpp_topic/package.dsv'
[16.053s] INFO:colcon.colcon_core.shell:Creating package script '/home/fishros/文档/GitHub/Learning-ROS2-with-Fishbot/chapt3/topic_ws/install/demo_cpp_topic/share/demo_cpp_topic/package.sh'
[16.054s] INFO:colcon.colcon_core.shell:Creating package script '/home/fishros/文档/GitHub/Learning-ROS2-with-Fishbot/chapt3/topic_ws/install/demo_cpp_topic/share/demo_cpp_topic/package.bash'
[16.055s] INFO:colcon.colcon_core.shell:Creating package script '/home/fishros/文档/GitHub/Learning-ROS2-with-Fishbot/chapt3/topic_ws/install/demo_cpp_topic/share/demo_cpp_topic/package.zsh'
[16.055s] Level 1:colcon.colcon_core.environment:create_file_with_runtime_dependencies(/home/fishros/文档/GitHub/Learning-ROS2-with-Fishbot/chapt3/topic_ws/install/demo_cpp_topic/share/colcon-core/packages/demo_cpp_topic)
[16.056s] DEBUG:colcon.colcon_parallel_executor.executor.parallel:closing loop
[16.056s] DEBUG:colcon.colcon_parallel_executor.executor.parallel:loop closed
[16.057s] DEBUG:colcon.colcon_parallel_executor.executor.parallel:run_until_complete finished with '0'
[16.057s] DEBUG:colcon.colcon_core.event_reactor:joining thread
[16.063s] INFO:colcon.colcon_core.plugin_system:Skipping extension 'colcon_notification.desktop_notification.terminal_notifier': Not used on non-Darwin systems
[16.064s] INFO:colcon.colcon_core.plugin_system:Skipping extension 'colcon_notification.desktop_notification.win32': Not used on non-Windows systems
[16.064s] INFO:colcon.colcon_notification.desktop_notification:Sending desktop notification using 'notify2'
[16.084s] DEBUG:colcon.colcon_core.event_reactor:joined thread
[16.085s] INFO:colcon.colcon_core.shell:Creating prefix script '/home/fishros/文档/GitHub/Learning-ROS2-with-Fishbot/chapt3/topic_ws/install/local_setup.ps1'
[16.086s] INFO:colcon.colcon_core.shell:Creating prefix util module '/home/fishros/文档/GitHub/Learning-ROS2-with-Fishbot/chapt3/topic_ws/install/_local_setup_util_ps1.py'
[16.090s] INFO:colcon.colcon_core.shell:Creating prefix chain script '/home/fishros/文档/GitHub/Learning-ROS2-with-Fishbot/chapt3/topic_ws/install/setup.ps1'
[16.092s] INFO:colcon.colcon_core.shell:Creating prefix script '/home/fishros/文档/GitHub/Learning-ROS2-with-Fishbot/chapt3/topic_ws/install/local_setup.sh'
[16.093s] INFO:colcon.colcon_core.shell:Creating prefix util module '/home/fishros/文档/GitHub/Learning-ROS2-with-Fishbot/chapt3/topic_ws/install/_local_setup_util_sh.py'
[16.094s] INFO:colcon.colcon_core.shell:Creating prefix chain script '/home/fishros/文档/GitHub/Learning-ROS2-with-Fishbot/chapt3/topic_ws/install/setup.sh'
[16.096s] INFO:colcon.colcon_core.shell:Creating prefix script '/home/fishros/文档/GitHub/Learning-ROS2-with-Fishbot/chapt3/topic_ws/install/local_setup.bash'
[16.097s] INFO:colcon.colcon_core.shell:Creating prefix chain script '/home/fishros/文档/GitHub/Learning-ROS2-with-Fishbot/chapt3/topic_ws/install/setup.bash'
[16.099s] INFO:colcon.colcon_core.shell:Creating prefix script '/home/fishros/文档/GitHub/Learning-ROS2-with-Fishbot/chapt3/topic_ws/install/local_setup.zsh'
[16.099s] INFO:colcon.colcon_core.shell:Creating prefix chain script '/home/fishros/文档/GitHub/Learning-ROS2-with-Fishbot/chapt3/topic_ws/install/setup.zsh'
