[0.665s] Invoking command in '/home/fishros/chapt2/chapt2_ws/src/demo_python_pkg': AMENT_PREFIX_PATH=/home/fishros/chapt2/chapt2_ws/install/demo_cpp_pkg:${AMENT_PREFIX_PATH} CMAKE_PREFIX_PATH=/home/fishros/chapt2/chapt2_ws/install/demo_cpp_pkg PYTHONPATH=/home/fishros/chapt2/chapt2_ws/build/demo_python_pkg/prefix_override:/usr/lib/python3/dist-packages/colcon_core/task/python/colcon_distutils_commands:/home/fishros/chapt2/chapt2_ws/install/demo_python_pkg/lib/python3.10/site-packages:${PYTHONPATH} /usr/bin/python3 -W ignore:setup.py install is deprecated -W ignore:easy_install command is deprecated setup.py egg_info --egg-base ../../build/demo_python_pkg build --build-base /home/fishros/chapt2/chapt2_ws/build/demo_python_pkg/build install --record /home/fishros/chapt2/chapt2_ws/build/demo_python_pkg/install.log --single-version-externally-managed install_data
[0.805s] /home/fishros/.local/lib/python3.10/site-packages/setuptools/_distutils/dist.py:270: UserWarning: Unknown distribution option: 'tests_require'
[0.805s]   warnings.warn(msg)
[0.873s] running egg_info
[0.885s] writing ../../build/demo_python_pkg/demo_python_pkg.egg-info/PKG-INFO
[0.885s] writing dependency_links to ../../build/demo_python_pkg/demo_python_pkg.egg-info/dependency_links.txt
[0.886s] writing entry points to ../../build/demo_python_pkg/demo_python_pkg.egg-info/entry_points.txt
[0.886s] writing requirements to ../../build/demo_python_pkg/demo_python_pkg.egg-info/requires.txt
[0.886s] writing top-level names to ../../build/demo_python_pkg/demo_python_pkg.egg-info/top_level.txt
[0.915s] reading manifest file '../../build/demo_python_pkg/demo_python_pkg.egg-info/SOURCES.txt'
[0.915s] adding license file 'LICENSE'
[0.916s] writing manifest file '../../build/demo_python_pkg/demo_python_pkg.egg-info/SOURCES.txt'
[0.916s] running build
[0.917s] running build_py
[0.917s] copying demo_python_pkg/__init__.py -> /home/fishros/chapt2/chapt2_ws/build/demo_python_pkg/build/lib/demo_python_pkg
[0.917s] copying demo_python_pkg/python_node.py -> /home/fishros/chapt2/chapt2_ws/build/demo_python_pkg/build/lib/demo_python_pkg
[0.918s] running install
[0.924s] running install_lib
[0.938s] running install_data
[0.938s] copying resource/demo_python_pkg -> /home/fishros/chapt2/chapt2_ws/install/demo_python_pkg/share/ament_index/resource_index/packages
[0.939s] copying package.xml -> /home/fishros/chapt2/chapt2_ws/install/demo_python_pkg/share/demo_python_pkg
[0.939s] running install_egg_info
[0.951s] removing '/home/fishros/chapt2/chapt2_ws/install/demo_python_pkg/lib/python3.10/site-packages/demo_python_pkg-0.0.0-py3.10.egg-info' (and everything under it)
[0.952s] Copying ../../build/demo_python_pkg/demo_python_pkg.egg-info to /home/fishros/chapt2/chapt2_ws/install/demo_python_pkg/lib/python3.10/site-packages/demo_python_pkg-0.0.0-py3.10.egg-info
[0.953s] running install_scripts
[1.063s] Installing python_node script to /home/fishros/chapt2/chapt2_ws/install/demo_python_pkg/lib/demo_python_pkg
[1.064s] writing list of installed files to '/home/fishros/chapt2/chapt2_ws/build/demo_python_pkg/install.log'
[1.089s] Invoked command in '/home/fishros/chapt2/chapt2_ws/src/demo_python_pkg' returned '0': AMENT_PREFIX_PATH=/home/fishros/chapt2/chapt2_ws/install/demo_cpp_pkg:${AMENT_PREFIX_PATH} CMAKE_PREFIX_PATH=/home/fishros/chapt2/chapt2_ws/install/demo_cpp_pkg PYTHONPATH=/home/fishros/chapt2/chapt2_ws/build/demo_python_pkg/prefix_override:/usr/lib/python3/dist-packages/colcon_core/task/python/colcon_distutils_commands:/home/fishros/chapt2/chapt2_ws/install/demo_python_pkg/lib/python3.10/site-packages:${PYTHONPATH} /usr/bin/python3 -W ignore:setup.py install is deprecated -W ignore:easy_install command is deprecated setup.py egg_info --egg-base ../../build/demo_python_pkg build --build-base /home/fishros/chapt2/chapt2_ws/build/demo_python_pkg/build install --record /home/fishros/chapt2/chapt2_ws/build/demo_python_pkg/install.log --single-version-externally-managed install_data
