[0.019s] Invoking command in '/home/fishros/document/GitHub/Learning-ROS2-with-Fishbot/chapt4/chapt4_ws/build/demo_cpp_service': CMAKE_PREFIX_PATH=/opt/ros/humble /usr/bin/cmake /home/fishros/document/GitHub/Learning-ROS2-with-Fishbot/chapt4/chapt4_ws/src/demo_cpp_service -DCMAKE_INSTALL_PREFIX=/home/fishros/document/GitHub/Learning-ROS2-with-Fishbot/chapt4/chapt4_ws/install/demo_cpp_service
[0.149s] -- The C compiler identification is GNU 11.4.0
[0.261s] -- The CXX compiler identification is GNU 11.4.0
[0.276s] -- Detecting C compiler ABI info
[0.383s] -- Detecting C compiler ABI info - done
[0.399s] -- Check for working C compiler: /usr/bin/cc - skipped
[0.400s] -- Detecting C compile features
[0.401s] -- Detecting C compile features - done
[0.407s] -- Detecting CXX compiler ABI info
[0.540s] -- Detecting CXX compiler ABI info - done
[0.552s] -- Check for working CXX compiler: /usr/bin/c++ - skipped
[0.552s] -- Detecting CXX compile features
[0.553s] -- Detecting CXX compile features - done
[0.562s] -- Found ament_cmake: 1.3.11 (/opt/ros/humble/share/ament_cmake/cmake)
[1.155s] -- Found Python3: /usr/bin/python3 (found version "3.10.12") found components: Interpreter 
[1.299s] [31mCMake Error at CMakeLists.txt:10 (find_package):
[1.299s]   By not providing "Findchatp4_interfaces.cmake" in CMAKE_MODULE_PATH this
[1.299s]   project has asked CMake to find a package configuration file provided by
[1.299s]   "chatp4_interfaces", but CMake did not find one.
[1.299s] 
[1.299s]   Could not find a package configuration file provided by "chatp4_interfaces"
[1.299s]   with any of the following names:
[1.299s] 
[1.299s]     chatp4_interfacesConfig.cmake
[1.300s]     chatp4_interfaces-config.cmake
[1.300s] 
[1.300s]   Add the installation prefix of "chatp4_interfaces" to CMAKE_PREFIX_PATH or
[1.300s]   set "chatp4_interfaces_DIR" to a directory containing one of the above
[1.300s]   files.  If "chatp4_interfaces" provides a separate development package or
[1.300s]   SDK, be sure it has been installed.
[1.300s] 
[1.300s] [0m
[1.300s] -- Configuring incomplete, errors occurred!
[1.300s] See also "/home/fishros/document/GitHub/Learning-ROS2-with-Fishbot/chapt4/chapt4_ws/build/demo_cpp_service/CMakeFiles/CMakeOutput.log".
[1.306s] Invoked command in '/home/fishros/document/GitHub/Learning-ROS2-with-Fishbot/chapt4/chapt4_ws/build/demo_cpp_service' returned '1': CMAKE_PREFIX_PATH=/opt/ros/humble /usr/bin/cmake /home/fishros/document/GitHub/Learning-ROS2-with-Fishbot/chapt4/chapt4_ws/src/demo_cpp_service -DCMAKE_INSTALL_PREFIX=/home/fishros/document/GitHub/Learning-ROS2-with-Fishbot/chapt4/chapt4_ws/install/demo_cpp_service
