[0.138s] DEBUG:colcon:Command line arguments: ['/usr/bin/colcon', 'build']
[0.138s] DEBUG:colcon:Parsed command line arguments: Namespace(log_base=None, log_level=None, verb_name='build', build_base='build', install_base='install', merge_install=False, symlink_install=False, test_result_base=None, continue_on_error=False, executor='parallel', parallel_workers=8, event_handlers=None, ignore_user_meta=False, metas=['./colcon.meta'], base_paths=['.'], packages_ignore=None, packages_ignore_regex=None, paths=None, packages_up_to=None, packages_up_to_regex=None, packages_above=None, packages_above_and_dependencies=None, packages_above_depth=None, packages_select_by_dep=None, packages_skip_by_dep=None, packages_skip_up_to=None, packages_select_build_failed=False, packages_skip_build_finished=False, packages_select_test_failures=False, packages_skip_test_passed=False, packages_select=None, packages_skip=None, packages_select_regex=None, packages_skip_regex=None, packages_start=None, packages_end=None, allow_overriding=[], cmake_args=None, cmake_target=None, cmake_target_skip_unavailable=False, cmake_clean_cache=False, cmake_clean_first=False, cmake_force_configure=False, ament_cmake_args=None, catkin_cmake_args=None, catkin_skip_building_tests=False, verb_parser=<colcon_defaults.argument_parser.defaults.DefaultArgumentsDecorator object at 0x78d886d605b0>, verb_extension=<colcon_core.verb.build.BuildVerb object at 0x78d886d2bfa0>, main=<bound method BuildVerb.main of <colcon_core.verb.build.BuildVerb object at 0x78d886d2bfa0>>)
[0.201s] Level 1:colcon.colcon_core.package_discovery:discover_packages(colcon_meta) check parameters
[0.201s] Level 1:colcon.colcon_core.package_discovery:discover_packages(recursive) check parameters
[0.201s] Level 1:colcon.colcon_core.package_discovery:discover_packages(ignore) check parameters
[0.201s] Level 1:colcon.colcon_core.package_discovery:discover_packages(path) check parameters
[0.201s] Level 1:colcon.colcon_core.package_discovery:discover_packages(colcon_meta) discover
[0.201s] Level 1:colcon.colcon_core.package_discovery:discover_packages(recursive) discover
[0.201s] INFO:colcon.colcon_core.package_discovery:Crawling recursively for packages in '/home/fishros/document/GitHub/Learning-ROS2-with-Fishbot/chapt3/topic_practice_ws/src'
[0.201s] Level 1:colcon.colcon_core.package_identification:_identify(.) by extensions ['ignore', 'ignore_ament_install']
[0.201s] Level 1:colcon.colcon_core.package_identification:_identify(.) by extension 'ignore'
[0.201s] Level 1:colcon.colcon_core.package_identification:_identify(.) by extension 'ignore_ament_install'
[0.201s] Level 1:colcon.colcon_core.package_identification:_identify(.) by extensions ['colcon_pkg']
[0.201s] Level 1:colcon.colcon_core.package_identification:_identify(.) by extension 'colcon_pkg'
[0.201s] Level 1:colcon.colcon_core.package_identification:_identify(.) by extensions ['colcon_meta']
[0.201s] Level 1:colcon.colcon_core.package_identification:_identify(.) by extension 'colcon_meta'
[0.201s] Level 1:colcon.colcon_core.package_identification:_identify(.) by extensions ['ros']
[0.202s] Level 1:colcon.colcon_core.package_identification:_identify(.) by extension 'ros'
[0.223s] Level 1:colcon.colcon_core.package_identification:_identify(.) by extensions ['cmake', 'python']
[0.223s] Level 1:colcon.colcon_core.package_identification:_identify(.) by extension 'cmake'
[0.223s] Level 1:colcon.colcon_core.package_identification:_identify(.) by extension 'python'
[0.223s] Level 1:colcon.colcon_core.package_identification:_identify(.) by extensions ['python_setup_py']
[0.223s] Level 1:colcon.colcon_core.package_identification:_identify(.) by extension 'python_setup_py'
[0.223s] Level 1:colcon.colcon_core.package_identification:_identify(build) by extensions ['ignore', 'ignore_ament_install']
[0.224s] Level 1:colcon.colcon_core.package_identification:_identify(build) by extension 'ignore'
[0.224s] Level 1:colcon.colcon_core.package_identification:_identify(build) ignored
[0.224s] Level 1:colcon.colcon_core.package_identification:_identify(install) by extensions ['ignore', 'ignore_ament_install']
[0.224s] Level 1:colcon.colcon_core.package_identification:_identify(install) by extension 'ignore'
[0.224s] Level 1:colcon.colcon_core.package_identification:_identify(install) ignored
[0.224s] Level 1:colcon.colcon_core.package_identification:_identify(log) by extensions ['ignore', 'ignore_ament_install']
[0.224s] Level 1:colcon.colcon_core.package_identification:_identify(log) by extension 'ignore'
[0.225s] Level 1:colcon.colcon_core.package_identification:_identify(log) ignored
[0.225s] Level 1:colcon.colcon_core.package_identification:_identify(status_display) by extensions ['ignore', 'ignore_ament_install']
[0.225s] Level 1:colcon.colcon_core.package_identification:_identify(status_display) by extension 'ignore'
[0.225s] Level 1:colcon.colcon_core.package_identification:_identify(status_display) by extension 'ignore_ament_install'
[0.225s] Level 1:colcon.colcon_core.package_identification:_identify(status_display) by extensions ['colcon_pkg']
[0.225s] Level 1:colcon.colcon_core.package_identification:_identify(status_display) by extension 'colcon_pkg'
[0.225s] Level 1:colcon.colcon_core.package_identification:_identify(status_display) by extensions ['colcon_meta']
[0.225s] Level 1:colcon.colcon_core.package_identification:_identify(status_display) by extension 'colcon_meta'
[0.225s] Level 1:colcon.colcon_core.package_identification:_identify(status_display) by extensions ['ros']
[0.225s] Level 1:colcon.colcon_core.package_identification:_identify(status_display) by extension 'ros'
[0.229s] DEBUG:colcon.colcon_core.package_identification:Package 'status_display' with type 'ros.ament_cmake' and name 'status_display'
[0.229s] Level 1:colcon.colcon_core.package_identification:_identify(status_interfaces) by extensions ['ignore', 'ignore_ament_install']
[0.229s] Level 1:colcon.colcon_core.package_identification:_identify(status_interfaces) by extension 'ignore'
[0.229s] Level 1:colcon.colcon_core.package_identification:_identify(status_interfaces) by extension 'ignore_ament_install'
[0.229s] Level 1:colcon.colcon_core.package_identification:_identify(status_interfaces) by extensions ['colcon_pkg']
[0.229s] Level 1:colcon.colcon_core.package_identification:_identify(status_interfaces) by extension 'colcon_pkg'
[0.229s] Level 1:colcon.colcon_core.package_identification:_identify(status_interfaces) by extensions ['colcon_meta']
[0.229s] Level 1:colcon.colcon_core.package_identification:_identify(status_interfaces) by extension 'colcon_meta'
[0.229s] Level 1:colcon.colcon_core.package_identification:_identify(status_interfaces) by extensions ['ros']
[0.229s] Level 1:colcon.colcon_core.package_identification:_identify(status_interfaces) by extension 'ros'
[0.230s] DEBUG:colcon.colcon_core.package_identification:Package 'status_interfaces' with type 'ros.ament_cmake' and name 'status_interfaces'
[0.231s] Level 1:colcon.colcon_core.package_identification:_identify(status_publisher) by extensions ['ignore', 'ignore_ament_install']
[0.231s] Level 1:colcon.colcon_core.package_identification:_identify(status_publisher) by extension 'ignore'
[0.231s] Level 1:colcon.colcon_core.package_identification:_identify(status_publisher) by extension 'ignore_ament_install'
[0.231s] Level 1:colcon.colcon_core.package_identification:_identify(status_publisher) by extensions ['colcon_pkg']
[0.231s] Level 1:colcon.colcon_core.package_identification:_identify(status_publisher) by extension 'colcon_pkg'
[0.231s] Level 1:colcon.colcon_core.package_identification:_identify(status_publisher) by extensions ['colcon_meta']
[0.231s] Level 1:colcon.colcon_core.package_identification:_identify(status_publisher) by extension 'colcon_meta'
[0.231s] Level 1:colcon.colcon_core.package_identification:_identify(status_publisher) by extensions ['ros']
[0.231s] Level 1:colcon.colcon_core.package_identification:_identify(status_publisher) by extension 'ros'
[0.232s] DEBUG:colcon.colcon_core.package_identification:Package 'status_publisher' with type 'ros.ament_python' and name 'status_publisher'
[0.232s] Level 1:colcon.colcon_core.package_discovery:discover_packages(recursive) using defaults
[0.232s] Level 1:colcon.colcon_core.package_discovery:discover_packages(ignore) discover
[0.232s] Level 1:colcon.colcon_core.package_discovery:discover_packages(ignore) using defaults
[0.232s] Level 1:colcon.colcon_core.package_discovery:discover_packages(path) discover
[0.232s] Level 1:colcon.colcon_core.package_discovery:discover_packages(path) using defaults
[0.262s] Level 1:colcon.colcon_core.package_discovery:discover_packages(prefix_path) check parameters
[0.262s] Level 1:colcon.colcon_core.package_discovery:discover_packages(prefix_path) discover
[0.266s] DEBUG:colcon.colcon_installed_package_information.package_discovery:Found 314 installed packages in /opt/ros/humble
[0.269s] Level 1:colcon.colcon_core.package_discovery:discover_packages(prefix_path) using defaults
[0.333s] Level 5:colcon.colcon_core.verb:set package 'status_interfaces' build argument 'cmake_args' from command line to 'None'
[0.333s] Level 5:colcon.colcon_core.verb:set package 'status_interfaces' build argument 'cmake_target' from command line to 'None'
[0.333s] Level 5:colcon.colcon_core.verb:set package 'status_interfaces' build argument 'cmake_target_skip_unavailable' from command line to 'False'
[0.333s] Level 5:colcon.colcon_core.verb:set package 'status_interfaces' build argument 'cmake_clean_cache' from command line to 'False'
[0.333s] Level 5:colcon.colcon_core.verb:set package 'status_interfaces' build argument 'cmake_clean_first' from command line to 'False'
[0.333s] Level 5:colcon.colcon_core.verb:set package 'status_interfaces' build argument 'cmake_force_configure' from command line to 'False'
[0.333s] Level 5:colcon.colcon_core.verb:set package 'status_interfaces' build argument 'ament_cmake_args' from command line to 'None'
[0.333s] Level 5:colcon.colcon_core.verb:set package 'status_interfaces' build argument 'catkin_cmake_args' from command line to 'None'
[0.333s] Level 5:colcon.colcon_core.verb:set package 'status_interfaces' build argument 'catkin_skip_building_tests' from command line to 'False'
[0.333s] DEBUG:colcon.colcon_core.verb:Building package 'status_interfaces' with the following arguments: {'ament_cmake_args': None, 'build_base': '/home/fishros/document/GitHub/Learning-ROS2-with-Fishbot/chapt3/topic_practice_ws/src/build/status_interfaces', 'catkin_cmake_args': None, 'catkin_skip_building_tests': False, 'cmake_args': None, 'cmake_clean_cache': False, 'cmake_clean_first': False, 'cmake_force_configure': False, 'cmake_target': None, 'cmake_target_skip_unavailable': False, 'install_base': '/home/fishros/document/GitHub/Learning-ROS2-with-Fishbot/chapt3/topic_practice_ws/src/install/status_interfaces', 'merge_install': False, 'path': '/home/fishros/document/GitHub/Learning-ROS2-with-Fishbot/chapt3/topic_practice_ws/src/status_interfaces', 'symlink_install': False, 'test_result_base': None}
[0.334s] Level 5:colcon.colcon_core.verb:set package 'status_display' build argument 'cmake_args' from command line to 'None'
[0.334s] Level 5:colcon.colcon_core.verb:set package 'status_display' build argument 'cmake_target' from command line to 'None'
[0.334s] Level 5:colcon.colcon_core.verb:set package 'status_display' build argument 'cmake_target_skip_unavailable' from command line to 'False'
[0.334s] Level 5:colcon.colcon_core.verb:set package 'status_display' build argument 'cmake_clean_cache' from command line to 'False'
[0.334s] Level 5:colcon.colcon_core.verb:set package 'status_display' build argument 'cmake_clean_first' from command line to 'False'
[0.334s] Level 5:colcon.colcon_core.verb:set package 'status_display' build argument 'cmake_force_configure' from command line to 'False'
[0.334s] Level 5:colcon.colcon_core.verb:set package 'status_display' build argument 'ament_cmake_args' from command line to 'None'
[0.334s] Level 5:colcon.colcon_core.verb:set package 'status_display' build argument 'catkin_cmake_args' from command line to 'None'
[0.334s] Level 5:colcon.colcon_core.verb:set package 'status_display' build argument 'catkin_skip_building_tests' from command line to 'False'
[0.334s] DEBUG:colcon.colcon_core.verb:Building package 'status_display' with the following arguments: {'ament_cmake_args': None, 'build_base': '/home/fishros/document/GitHub/Learning-ROS2-with-Fishbot/chapt3/topic_practice_ws/src/build/status_display', 'catkin_cmake_args': None, 'catkin_skip_building_tests': False, 'cmake_args': None, 'cmake_clean_cache': False, 'cmake_clean_first': False, 'cmake_force_configure': False, 'cmake_target': None, 'cmake_target_skip_unavailable': False, 'install_base': '/home/fishros/document/GitHub/Learning-ROS2-with-Fishbot/chapt3/topic_practice_ws/src/install/status_display', 'merge_install': False, 'path': '/home/fishros/document/GitHub/Learning-ROS2-with-Fishbot/chapt3/topic_practice_ws/src/status_display', 'symlink_install': False, 'test_result_base': None}
[0.335s] Level 5:colcon.colcon_core.verb:set package 'status_publisher' build argument 'cmake_args' from command line to 'None'
[0.335s] Level 5:colcon.colcon_core.verb:set package 'status_publisher' build argument 'cmake_target' from command line to 'None'
[0.335s] Level 5:colcon.colcon_core.verb:set package 'status_publisher' build argument 'cmake_target_skip_unavailable' from command line to 'False'
[0.335s] Level 5:colcon.colcon_core.verb:set package 'status_publisher' build argument 'cmake_clean_cache' from command line to 'False'
[0.335s] Level 5:colcon.colcon_core.verb:set package 'status_publisher' build argument 'cmake_clean_first' from command line to 'False'
[0.335s] Level 5:colcon.colcon_core.verb:set package 'status_publisher' build argument 'cmake_force_configure' from command line to 'False'
[0.335s] Level 5:colcon.colcon_core.verb:set package 'status_publisher' build argument 'ament_cmake_args' from command line to 'None'
[0.335s] Level 5:colcon.colcon_core.verb:set package 'status_publisher' build argument 'catkin_cmake_args' from command line to 'None'
[0.335s] Level 5:colcon.colcon_core.verb:set package 'status_publisher' build argument 'catkin_skip_building_tests' from command line to 'False'
[0.335s] DEBUG:colcon.colcon_core.verb:Building package 'status_publisher' with the following arguments: {'ament_cmake_args': None, 'build_base': '/home/fishros/document/GitHub/Learning-ROS2-with-Fishbot/chapt3/topic_practice_ws/src/build/status_publisher', 'catkin_cmake_args': None, 'catkin_skip_building_tests': False, 'cmake_args': None, 'cmake_clean_cache': False, 'cmake_clean_first': False, 'cmake_force_configure': False, 'cmake_target': None, 'cmake_target_skip_unavailable': False, 'install_base': '/home/fishros/document/GitHub/Learning-ROS2-with-Fishbot/chapt3/topic_practice_ws/src/install/status_publisher', 'merge_install': False, 'path': '/home/fishros/document/GitHub/Learning-ROS2-with-Fishbot/chapt3/topic_practice_ws/src/status_publisher', 'symlink_install': False, 'test_result_base': None}
[0.335s] INFO:colcon.colcon_core.executor:Executing jobs using 'parallel' executor
[0.338s] DEBUG:colcon.colcon_parallel_executor.executor.parallel:run_until_complete
[0.338s] INFO:colcon.colcon_ros.task.ament_cmake.build:Building ROS package in '/home/fishros/document/GitHub/Learning-ROS2-with-Fishbot/chapt3/topic_practice_ws/src/status_interfaces' with build type 'ament_cmake'
[0.338s] INFO:colcon.colcon_cmake.task.cmake.build:Building CMake package in '/home/fishros/document/GitHub/Learning-ROS2-with-Fishbot/chapt3/topic_practice_ws/src/status_interfaces'
[0.341s] INFO:colcon.colcon_core.plugin_system:Skipping extension 'colcon_core.shell.bat': Not used on non-Windows systems
[0.342s] INFO:colcon.colcon_core.shell:Skip shell extension 'powershell' for command environment: Not usable outside of PowerShell
[0.342s] DEBUG:colcon.colcon_core.shell:Skip shell extension 'dsv' for command environment
[0.355s] DEBUG:colcon.colcon_core.event_handler.log_command:Invoking command in '/home/fishros/document/GitHub/Learning-ROS2-with-Fishbot/chapt3/topic_practice_ws/src/build/status_interfaces': CMAKE_PREFIX_PATH=/opt/ros/humble /usr/bin/cmake /home/fishros/document/GitHub/Learning-ROS2-with-Fishbot/chapt3/topic_practice_ws/src/status_interfaces -DCMAKE_INSTALL_PREFIX=/home/fishros/document/GitHub/Learning-ROS2-with-Fishbot/chapt3/topic_practice_ws/src/install/status_interfaces
[2.852s] DEBUG:colcon.colcon_core.event_handler.log_command:Invoked command in '/home/fishros/document/GitHub/Learning-ROS2-with-Fishbot/chapt3/topic_practice_ws/src/build/status_interfaces' returned '0': CMAKE_PREFIX_PATH=/opt/ros/humble /usr/bin/cmake /home/fishros/document/GitHub/Learning-ROS2-with-Fishbot/chapt3/topic_practice_ws/src/status_interfaces -DCMAKE_INSTALL_PREFIX=/home/fishros/document/GitHub/Learning-ROS2-with-Fishbot/chapt3/topic_practice_ws/src/install/status_interfaces
[2.856s] DEBUG:colcon.colcon_core.event_handler.log_command:Invoking command in '/home/fishros/document/GitHub/Learning-ROS2-with-Fishbot/chapt3/topic_practice_ws/src/build/status_interfaces': CMAKE_PREFIX_PATH=/opt/ros/humble /usr/bin/cmake --build /home/fishros/document/GitHub/Learning-ROS2-with-Fishbot/chapt3/topic_practice_ws/src/build/status_interfaces -- -j8 -l8
[6.085s] DEBUG:colcon.colcon_core.event_handler.log_command:Invoked command in '/home/fishros/document/GitHub/Learning-ROS2-with-Fishbot/chapt3/topic_practice_ws/src/build/status_interfaces' returned '0': CMAKE_PREFIX_PATH=/opt/ros/humble /usr/bin/cmake --build /home/fishros/document/GitHub/Learning-ROS2-with-Fishbot/chapt3/topic_practice_ws/src/build/status_interfaces -- -j8 -l8
[6.104s] DEBUG:colcon.colcon_core.event_handler.log_command:Invoking command in '/home/fishros/document/GitHub/Learning-ROS2-with-Fishbot/chapt3/topic_practice_ws/src/build/status_interfaces': CMAKE_PREFIX_PATH=/opt/ros/humble /usr/bin/cmake --install /home/fishros/document/GitHub/Learning-ROS2-with-Fishbot/chapt3/topic_practice_ws/src/build/status_interfaces
[6.198s] Level 1:colcon.colcon_core.environment:create_environment_scripts_only(status_interfaces)
[6.199s] DEBUG:colcon.colcon_core.event_handler.log_command:Invoked command in '/home/fishros/document/GitHub/Learning-ROS2-with-Fishbot/chapt3/topic_practice_ws/src/build/status_interfaces' returned '0': CMAKE_PREFIX_PATH=/opt/ros/humble /usr/bin/cmake --install /home/fishros/document/GitHub/Learning-ROS2-with-Fishbot/chapt3/topic_practice_ws/src/build/status_interfaces
[6.204s] Level 1:colcon.colcon_core.environment:checking '/home/fishros/document/GitHub/Learning-ROS2-with-Fishbot/chapt3/topic_practice_ws/src/install/status_interfaces' for CMake module files
[6.206s] Level 1:colcon.colcon_core.environment:checking '/home/fishros/document/GitHub/Learning-ROS2-with-Fishbot/chapt3/topic_practice_ws/src/install/status_interfaces' for CMake config files
[6.206s] Level 1:colcon.colcon_core.shell:create_environment_hook('status_interfaces', 'cmake_prefix_path')
[6.207s] INFO:colcon.colcon_core.shell:Creating environment hook '/home/fishros/document/GitHub/Learning-ROS2-with-Fishbot/chapt3/topic_practice_ws/src/install/status_interfaces/share/status_interfaces/hook/cmake_prefix_path.ps1'
[6.208s] INFO:colcon.colcon_core.shell:Creating environment descriptor '/home/fishros/document/GitHub/Learning-ROS2-with-Fishbot/chapt3/topic_practice_ws/src/install/status_interfaces/share/status_interfaces/hook/cmake_prefix_path.dsv'
[6.208s] INFO:colcon.colcon_core.shell:Creating environment hook '/home/fishros/document/GitHub/Learning-ROS2-with-Fishbot/chapt3/topic_practice_ws/src/install/status_interfaces/share/status_interfaces/hook/cmake_prefix_path.sh'
[6.210s] Level 1:colcon.colcon_core.environment:checking '/home/fishros/document/GitHub/Learning-ROS2-with-Fishbot/chapt3/topic_practice_ws/src/install/status_interfaces/lib'
[6.210s] Level 1:colcon.colcon_core.shell:create_environment_hook('status_interfaces', 'ld_library_path_lib')
[6.210s] INFO:colcon.colcon_core.shell:Creating environment hook '/home/fishros/document/GitHub/Learning-ROS2-with-Fishbot/chapt3/topic_practice_ws/src/install/status_interfaces/share/status_interfaces/hook/ld_library_path_lib.ps1'
[6.211s] INFO:colcon.colcon_core.shell:Creating environment descriptor '/home/fishros/document/GitHub/Learning-ROS2-with-Fishbot/chapt3/topic_practice_ws/src/install/status_interfaces/share/status_interfaces/hook/ld_library_path_lib.dsv'
[6.211s] INFO:colcon.colcon_core.shell:Creating environment hook '/home/fishros/document/GitHub/Learning-ROS2-with-Fishbot/chapt3/topic_practice_ws/src/install/status_interfaces/share/status_interfaces/hook/ld_library_path_lib.sh'
[6.212s] Level 1:colcon.colcon_core.environment:checking '/home/fishros/document/GitHub/Learning-ROS2-with-Fishbot/chapt3/topic_practice_ws/src/install/status_interfaces/bin'
[6.212s] Level 1:colcon.colcon_core.environment:checking '/home/fishros/document/GitHub/Learning-ROS2-with-Fishbot/chapt3/topic_practice_ws/src/install/status_interfaces/lib/pkgconfig/status_interfaces.pc'
[6.212s] Level 1:colcon.colcon_core.environment:checking '/home/fishros/document/GitHub/Learning-ROS2-with-Fishbot/chapt3/topic_practice_ws/src/install/status_interfaces/lib/python3.10/site-packages'
[6.213s] Level 1:colcon.colcon_core.environment:checking '/home/fishros/document/GitHub/Learning-ROS2-with-Fishbot/chapt3/topic_practice_ws/src/install/status_interfaces/bin'
[6.213s] INFO:colcon.colcon_core.shell:Creating package script '/home/fishros/document/GitHub/Learning-ROS2-with-Fishbot/chapt3/topic_practice_ws/src/install/status_interfaces/share/status_interfaces/package.ps1'
[6.215s] INFO:colcon.colcon_core.shell:Creating package descriptor '/home/fishros/document/GitHub/Learning-ROS2-with-Fishbot/chapt3/topic_practice_ws/src/install/status_interfaces/share/status_interfaces/package.dsv'
[6.216s] INFO:colcon.colcon_core.shell:Creating package script '/home/fishros/document/GitHub/Learning-ROS2-with-Fishbot/chapt3/topic_practice_ws/src/install/status_interfaces/share/status_interfaces/package.sh'
[6.217s] INFO:colcon.colcon_core.shell:Creating package script '/home/fishros/document/GitHub/Learning-ROS2-with-Fishbot/chapt3/topic_practice_ws/src/install/status_interfaces/share/status_interfaces/package.bash'
[6.218s] INFO:colcon.colcon_core.shell:Creating package script '/home/fishros/document/GitHub/Learning-ROS2-with-Fishbot/chapt3/topic_practice_ws/src/install/status_interfaces/share/status_interfaces/package.zsh'
[6.219s] Level 1:colcon.colcon_core.environment:create_file_with_runtime_dependencies(/home/fishros/document/GitHub/Learning-ROS2-with-Fishbot/chapt3/topic_practice_ws/src/install/status_interfaces/share/colcon-core/packages/status_interfaces)
[6.220s] Level 1:colcon.colcon_core.environment:create_environment_scripts_only(status_interfaces)
[6.221s] Level 1:colcon.colcon_core.environment:checking '/home/fishros/document/GitHub/Learning-ROS2-with-Fishbot/chapt3/topic_practice_ws/src/install/status_interfaces' for CMake module files
[6.222s] Level 1:colcon.colcon_core.environment:checking '/home/fishros/document/GitHub/Learning-ROS2-with-Fishbot/chapt3/topic_practice_ws/src/install/status_interfaces' for CMake config files
[6.222s] Level 1:colcon.colcon_core.shell:create_environment_hook('status_interfaces', 'cmake_prefix_path')
[6.223s] INFO:colcon.colcon_core.shell:Creating environment hook '/home/fishros/document/GitHub/Learning-ROS2-with-Fishbot/chapt3/topic_practice_ws/src/install/status_interfaces/share/status_interfaces/hook/cmake_prefix_path.ps1'
[6.223s] INFO:colcon.colcon_core.shell:Creating environment descriptor '/home/fishros/document/GitHub/Learning-ROS2-with-Fishbot/chapt3/topic_practice_ws/src/install/status_interfaces/share/status_interfaces/hook/cmake_prefix_path.dsv'
[6.224s] INFO:colcon.colcon_core.shell:Creating environment hook '/home/fishros/document/GitHub/Learning-ROS2-with-Fishbot/chapt3/topic_practice_ws/src/install/status_interfaces/share/status_interfaces/hook/cmake_prefix_path.sh'
[6.224s] Level 1:colcon.colcon_core.environment:checking '/home/fishros/document/GitHub/Learning-ROS2-with-Fishbot/chapt3/topic_practice_ws/src/install/status_interfaces/lib'
[6.224s] Level 1:colcon.colcon_core.shell:create_environment_hook('status_interfaces', 'ld_library_path_lib')
[6.225s] INFO:colcon.colcon_core.shell:Creating environment hook '/home/fishros/document/GitHub/Learning-ROS2-with-Fishbot/chapt3/topic_practice_ws/src/install/status_interfaces/share/status_interfaces/hook/ld_library_path_lib.ps1'
[6.225s] INFO:colcon.colcon_core.shell:Creating environment descriptor '/home/fishros/document/GitHub/Learning-ROS2-with-Fishbot/chapt3/topic_practice_ws/src/install/status_interfaces/share/status_interfaces/hook/ld_library_path_lib.dsv'
[6.225s] INFO:colcon.colcon_core.shell:Creating environment hook '/home/fishros/document/GitHub/Learning-ROS2-with-Fishbot/chapt3/topic_practice_ws/src/install/status_interfaces/share/status_interfaces/hook/ld_library_path_lib.sh'
[6.226s] Level 1:colcon.colcon_core.environment:checking '/home/fishros/document/GitHub/Learning-ROS2-with-Fishbot/chapt3/topic_practice_ws/src/install/status_interfaces/bin'
[6.226s] Level 1:colcon.colcon_core.environment:checking '/home/fishros/document/GitHub/Learning-ROS2-with-Fishbot/chapt3/topic_practice_ws/src/install/status_interfaces/lib/pkgconfig/status_interfaces.pc'
[6.226s] Level 1:colcon.colcon_core.environment:checking '/home/fishros/document/GitHub/Learning-ROS2-with-Fishbot/chapt3/topic_practice_ws/src/install/status_interfaces/lib/python3.10/site-packages'
[6.227s] Level 1:colcon.colcon_core.environment:checking '/home/fishros/document/GitHub/Learning-ROS2-with-Fishbot/chapt3/topic_practice_ws/src/install/status_interfaces/bin'
[6.227s] INFO:colcon.colcon_core.shell:Creating package script '/home/fishros/document/GitHub/Learning-ROS2-with-Fishbot/chapt3/topic_practice_ws/src/install/status_interfaces/share/status_interfaces/package.ps1'
[6.228s] INFO:colcon.colcon_core.shell:Creating package descriptor '/home/fishros/document/GitHub/Learning-ROS2-with-Fishbot/chapt3/topic_practice_ws/src/install/status_interfaces/share/status_interfaces/package.dsv'
[6.228s] INFO:colcon.colcon_core.shell:Creating package script '/home/fishros/document/GitHub/Learning-ROS2-with-Fishbot/chapt3/topic_practice_ws/src/install/status_interfaces/share/status_interfaces/package.sh'
[6.229s] INFO:colcon.colcon_core.shell:Creating package script '/home/fishros/document/GitHub/Learning-ROS2-with-Fishbot/chapt3/topic_practice_ws/src/install/status_interfaces/share/status_interfaces/package.bash'
[6.229s] INFO:colcon.colcon_core.shell:Creating package script '/home/fishros/document/GitHub/Learning-ROS2-with-Fishbot/chapt3/topic_practice_ws/src/install/status_interfaces/share/status_interfaces/package.zsh'
[6.230s] Level 1:colcon.colcon_core.environment:create_file_with_runtime_dependencies(/home/fishros/document/GitHub/Learning-ROS2-with-Fishbot/chapt3/topic_practice_ws/src/install/status_interfaces/share/colcon-core/packages/status_interfaces)
[6.230s] INFO:colcon.colcon_ros.task.ament_cmake.build:Building ROS package in '/home/fishros/document/GitHub/Learning-ROS2-with-Fishbot/chapt3/topic_practice_ws/src/status_display' with build type 'ament_cmake'
[6.230s] INFO:colcon.colcon_cmake.task.cmake.build:Building CMake package in '/home/fishros/document/GitHub/Learning-ROS2-with-Fishbot/chapt3/topic_practice_ws/src/status_display'
[6.231s] INFO:colcon.colcon_core.shell:Skip shell extension 'powershell' for command environment: Not usable outside of PowerShell
[6.231s] DEBUG:colcon.colcon_core.shell:Skip shell extension 'dsv' for command environment
[6.235s] INFO:colcon.colcon_ros.task.ament_python.build:Building ROS package in '/home/fishros/document/GitHub/Learning-ROS2-with-Fishbot/chapt3/topic_practice_ws/src/status_publisher' with build type 'ament_python'
[6.235s] Level 1:colcon.colcon_core.shell:create_environment_hook('status_publisher', 'ament_prefix_path')
[6.236s] INFO:colcon.colcon_core.shell:Creating environment hook '/home/fishros/document/GitHub/Learning-ROS2-with-Fishbot/chapt3/topic_practice_ws/src/install/status_publisher/share/status_publisher/hook/ament_prefix_path.ps1'
[6.236s] INFO:colcon.colcon_core.shell:Creating environment descriptor '/home/fishros/document/GitHub/Learning-ROS2-with-Fishbot/chapt3/topic_practice_ws/src/install/status_publisher/share/status_publisher/hook/ament_prefix_path.dsv'
[6.237s] INFO:colcon.colcon_core.shell:Creating environment hook '/home/fishros/document/GitHub/Learning-ROS2-with-Fishbot/chapt3/topic_practice_ws/src/install/status_publisher/share/status_publisher/hook/ament_prefix_path.sh'
[6.238s] INFO:colcon.colcon_core.shell:Skip shell extension 'powershell' for command environment: Not usable outside of PowerShell
[6.238s] DEBUG:colcon.colcon_core.shell:Skip shell extension 'dsv' for command environment
[6.250s] DEBUG:colcon.colcon_core.event_handler.log_command:Invoking command in '/home/fishros/document/GitHub/Learning-ROS2-with-Fishbot/chapt3/topic_practice_ws/src/build/status_display': AMENT_PREFIX_PATH=/home/fishros/document/GitHub/Learning-ROS2-with-Fishbot/chapt3/topic_practice_ws/src/install/status_interfaces:${AMENT_PREFIX_PATH} CMAKE_PREFIX_PATH=/home/fishros/document/GitHub/Learning-ROS2-with-Fishbot/chapt3/topic_practice_ws/src/install/status_interfaces:/opt/ros/humble LD_LIBRARY_PATH=/home/fishros/document/GitHub/Learning-ROS2-with-Fishbot/chapt3/topic_practice_ws/src/install/status_interfaces/lib:${LD_LIBRARY_PATH} PYTHONPATH=/home/fishros/document/GitHub/Learning-ROS2-with-Fishbot/chapt3/topic_practice_ws/src/install/status_interfaces/local/lib/python3.10/dist-packages:${PYTHONPATH} /usr/bin/cmake /home/fishros/document/GitHub/Learning-ROS2-with-Fishbot/chapt3/topic_practice_ws/src/status_display -DCMAKE_INSTALL_PREFIX=/home/fishros/document/GitHub/Learning-ROS2-with-Fishbot/chapt3/topic_practice_ws/src/install/status_display
[6.636s] INFO:colcon.colcon_core.task.python.build:Building Python package in '/home/fishros/document/GitHub/Learning-ROS2-with-Fishbot/chapt3/topic_practice_ws/src/status_publisher'
[6.637s] INFO:colcon.colcon_core.shell:Skip shell extension 'powershell' for command environment: Not usable outside of PowerShell
[6.637s] DEBUG:colcon.colcon_core.shell:Skip shell extension 'dsv' for command environment
[7.372s] DEBUG:colcon.colcon_core.event_handler.log_command:Invoking command in '/home/fishros/document/GitHub/Learning-ROS2-with-Fishbot/chapt3/topic_practice_ws/src/status_publisher': AMENT_PREFIX_PATH=/home/fishros/document/GitHub/Learning-ROS2-with-Fishbot/chapt3/topic_practice_ws/src/install/status_interfaces:${AMENT_PREFIX_PATH} CMAKE_PREFIX_PATH=/home/fishros/document/GitHub/Learning-ROS2-with-Fishbot/chapt3/topic_practice_ws/src/install/status_interfaces LD_LIBRARY_PATH=/home/fishros/document/GitHub/Learning-ROS2-with-Fishbot/chapt3/topic_practice_ws/src/install/status_interfaces/lib:${LD_LIBRARY_PATH} PYTHONPATH=/home/fishros/document/GitHub/Learning-ROS2-with-Fishbot/chapt3/topic_practice_ws/src/build/status_publisher/prefix_override:/usr/lib/python3/dist-packages/colcon_core/task/python/colcon_distutils_commands:/home/fishros/document/GitHub/Learning-ROS2-with-Fishbot/chapt3/topic_practice_ws/src/install/status_publisher/lib/python3.10/site-packages:/home/fishros/document/GitHub/Learning-ROS2-with-Fishbot/chapt3/topic_practice_ws/src/install/status_interfaces/local/lib/python3.10/dist-packages:${PYTHONPATH} /usr/bin/python3 -W ignore:setup.py install is deprecated -W ignore:easy_install command is deprecated setup.py egg_info --egg-base ../build/status_publisher build --build-base /home/fishros/document/GitHub/Learning-ROS2-with-Fishbot/chapt3/topic_practice_ws/src/build/status_publisher/build install --record /home/fishros/document/GitHub/Learning-ROS2-with-Fishbot/chapt3/topic_practice_ws/src/build/status_publisher/install.log --single-version-externally-managed install_data
[8.096s] Level 1:colcon.colcon_core.environment:checking '/home/fishros/document/GitHub/Learning-ROS2-with-Fishbot/chapt3/topic_practice_ws/src/install/status_publisher' for CMake module files
[8.097s] DEBUG:colcon.colcon_core.event_handler.log_command:Invoked command in '/home/fishros/document/GitHub/Learning-ROS2-with-Fishbot/chapt3/topic_practice_ws/src/status_publisher' returned '0': AMENT_PREFIX_PATH=/home/fishros/document/GitHub/Learning-ROS2-with-Fishbot/chapt3/topic_practice_ws/src/install/status_interfaces:${AMENT_PREFIX_PATH} CMAKE_PREFIX_PATH=/home/fishros/document/GitHub/Learning-ROS2-with-Fishbot/chapt3/topic_practice_ws/src/install/status_interfaces LD_LIBRARY_PATH=/home/fishros/document/GitHub/Learning-ROS2-with-Fishbot/chapt3/topic_practice_ws/src/install/status_interfaces/lib:${LD_LIBRARY_PATH} PYTHONPATH=/home/fishros/document/GitHub/Learning-ROS2-with-Fishbot/chapt3/topic_practice_ws/src/build/status_publisher/prefix_override:/usr/lib/python3/dist-packages/colcon_core/task/python/colcon_distutils_commands:/home/fishros/document/GitHub/Learning-ROS2-with-Fishbot/chapt3/topic_practice_ws/src/install/status_publisher/lib/python3.10/site-packages:/home/fishros/document/GitHub/Learning-ROS2-with-Fishbot/chapt3/topic_practice_ws/src/install/status_interfaces/local/lib/python3.10/dist-packages:${PYTHONPATH} /usr/bin/python3 -W ignore:setup.py install is deprecated -W ignore:easy_install command is deprecated setup.py egg_info --egg-base ../build/status_publisher build --build-base /home/fishros/document/GitHub/Learning-ROS2-with-Fishbot/chapt3/topic_practice_ws/src/build/status_publisher/build install --record /home/fishros/document/GitHub/Learning-ROS2-with-Fishbot/chapt3/topic_practice_ws/src/build/status_publisher/install.log --single-version-externally-managed install_data
[8.100s] Level 1:colcon.colcon_core.environment:checking '/home/fishros/document/GitHub/Learning-ROS2-with-Fishbot/chapt3/topic_practice_ws/src/install/status_publisher' for CMake config files
[8.101s] Level 1:colcon.colcon_core.environment:checking '/home/fishros/document/GitHub/Learning-ROS2-with-Fishbot/chapt3/topic_practice_ws/src/install/status_publisher/lib'
[8.101s] Level 1:colcon.colcon_core.environment:checking '/home/fishros/document/GitHub/Learning-ROS2-with-Fishbot/chapt3/topic_practice_ws/src/install/status_publisher/bin'
[8.101s] Level 1:colcon.colcon_core.environment:checking '/home/fishros/document/GitHub/Learning-ROS2-with-Fishbot/chapt3/topic_practice_ws/src/install/status_publisher/lib/pkgconfig/status_publisher.pc'
[8.101s] Level 1:colcon.colcon_core.environment:checking '/home/fishros/document/GitHub/Learning-ROS2-with-Fishbot/chapt3/topic_practice_ws/src/install/status_publisher/lib/python3.10/site-packages'
[8.102s] Level 1:colcon.colcon_core.shell:create_environment_hook('status_publisher', 'pythonpath')
[8.102s] INFO:colcon.colcon_core.shell:Creating environment hook '/home/fishros/document/GitHub/Learning-ROS2-with-Fishbot/chapt3/topic_practice_ws/src/install/status_publisher/share/status_publisher/hook/pythonpath.ps1'
[8.103s] INFO:colcon.colcon_core.shell:Creating environment descriptor '/home/fishros/document/GitHub/Learning-ROS2-with-Fishbot/chapt3/topic_practice_ws/src/install/status_publisher/share/status_publisher/hook/pythonpath.dsv'
[8.103s] INFO:colcon.colcon_core.shell:Creating environment hook '/home/fishros/document/GitHub/Learning-ROS2-with-Fishbot/chapt3/topic_practice_ws/src/install/status_publisher/share/status_publisher/hook/pythonpath.sh'
[8.104s] Level 1:colcon.colcon_core.environment:checking '/home/fishros/document/GitHub/Learning-ROS2-with-Fishbot/chapt3/topic_practice_ws/src/install/status_publisher/bin'
[8.104s] Level 1:colcon.colcon_core.environment:create_environment_scripts_only(status_publisher)
[8.105s] INFO:colcon.colcon_core.shell:Creating package script '/home/fishros/document/GitHub/Learning-ROS2-with-Fishbot/chapt3/topic_practice_ws/src/install/status_publisher/share/status_publisher/package.ps1'
[8.106s] INFO:colcon.colcon_core.shell:Creating package descriptor '/home/fishros/document/GitHub/Learning-ROS2-with-Fishbot/chapt3/topic_practice_ws/src/install/status_publisher/share/status_publisher/package.dsv'
[8.106s] INFO:colcon.colcon_core.shell:Creating package script '/home/fishros/document/GitHub/Learning-ROS2-with-Fishbot/chapt3/topic_practice_ws/src/install/status_publisher/share/status_publisher/package.sh'
[8.107s] INFO:colcon.colcon_core.shell:Creating package script '/home/fishros/document/GitHub/Learning-ROS2-with-Fishbot/chapt3/topic_practice_ws/src/install/status_publisher/share/status_publisher/package.bash'
[8.107s] INFO:colcon.colcon_core.shell:Creating package script '/home/fishros/document/GitHub/Learning-ROS2-with-Fishbot/chapt3/topic_practice_ws/src/install/status_publisher/share/status_publisher/package.zsh'
[8.108s] Level 1:colcon.colcon_core.environment:create_file_with_runtime_dependencies(/home/fishros/document/GitHub/Learning-ROS2-with-Fishbot/chapt3/topic_practice_ws/src/install/status_publisher/share/colcon-core/packages/status_publisher)
[8.561s] DEBUG:colcon.colcon_core.event_handler.log_command:Invoked command in '/home/fishros/document/GitHub/Learning-ROS2-with-Fishbot/chapt3/topic_practice_ws/src/build/status_display' returned '1': AMENT_PREFIX_PATH=/home/fishros/document/GitHub/Learning-ROS2-with-Fishbot/chapt3/topic_practice_ws/src/install/status_interfaces:${AMENT_PREFIX_PATH} CMAKE_PREFIX_PATH=/home/fishros/document/GitHub/Learning-ROS2-with-Fishbot/chapt3/topic_practice_ws/src/install/status_interfaces:/opt/ros/humble LD_LIBRARY_PATH=/home/fishros/document/GitHub/Learning-ROS2-with-Fishbot/chapt3/topic_practice_ws/src/install/status_interfaces/lib:${LD_LIBRARY_PATH} PYTHONPATH=/home/fishros/document/GitHub/Learning-ROS2-with-Fishbot/chapt3/topic_practice_ws/src/install/status_interfaces/local/lib/python3.10/dist-packages:${PYTHONPATH} /usr/bin/cmake /home/fishros/document/GitHub/Learning-ROS2-with-Fishbot/chapt3/topic_practice_ws/src/status_display -DCMAKE_INSTALL_PREFIX=/home/fishros/document/GitHub/Learning-ROS2-with-Fishbot/chapt3/topic_practice_ws/src/install/status_display
[8.578s] Level 1:colcon.colcon_core.environment:create_environment_scripts_only(status_display)
[8.579s] Level 1:colcon.colcon_core.environment:checking '/home/fishros/document/GitHub/Learning-ROS2-with-Fishbot/chapt3/topic_practice_ws/src/install/status_display' for CMake module files
[8.580s] Level 1:colcon.colcon_core.environment:checking '/home/fishros/document/GitHub/Learning-ROS2-with-Fishbot/chapt3/topic_practice_ws/src/install/status_display' for CMake config files
[8.580s] Level 1:colcon.colcon_core.environment:checking '/home/fishros/document/GitHub/Learning-ROS2-with-Fishbot/chapt3/topic_practice_ws/src/install/status_display/bin'
[8.580s] Level 1:colcon.colcon_core.environment:checking '/home/fishros/document/GitHub/Learning-ROS2-with-Fishbot/chapt3/topic_practice_ws/src/install/status_display/lib/pkgconfig/status_display.pc'
[8.580s] Level 1:colcon.colcon_core.environment:checking '/home/fishros/document/GitHub/Learning-ROS2-with-Fishbot/chapt3/topic_practice_ws/src/install/status_display/lib/python3.10/site-packages'
[8.580s] Level 1:colcon.colcon_core.environment:checking '/home/fishros/document/GitHub/Learning-ROS2-with-Fishbot/chapt3/topic_practice_ws/src/install/status_display/bin'
[8.581s] INFO:colcon.colcon_core.shell:Creating package script '/home/fishros/document/GitHub/Learning-ROS2-with-Fishbot/chapt3/topic_practice_ws/src/install/status_display/share/status_display/package.ps1'
[8.582s] INFO:colcon.colcon_core.shell:Creating package descriptor '/home/fishros/document/GitHub/Learning-ROS2-with-Fishbot/chapt3/topic_practice_ws/src/install/status_display/share/status_display/package.dsv'
[8.582s] INFO:colcon.colcon_core.shell:Creating package script '/home/fishros/document/GitHub/Learning-ROS2-with-Fishbot/chapt3/topic_practice_ws/src/install/status_display/share/status_display/package.sh'
[8.583s] INFO:colcon.colcon_core.shell:Creating package script '/home/fishros/document/GitHub/Learning-ROS2-with-Fishbot/chapt3/topic_practice_ws/src/install/status_display/share/status_display/package.bash'
[8.583s] INFO:colcon.colcon_core.shell:Creating package script '/home/fishros/document/GitHub/Learning-ROS2-with-Fishbot/chapt3/topic_practice_ws/src/install/status_display/share/status_display/package.zsh'
[8.584s] Level 1:colcon.colcon_core.environment:create_file_with_runtime_dependencies(/home/fishros/document/GitHub/Learning-ROS2-with-Fishbot/chapt3/topic_practice_ws/src/install/status_display/share/colcon-core/packages/status_display)
[8.595s] DEBUG:colcon.colcon_parallel_executor.executor.parallel:closing loop
[8.595s] DEBUG:colcon.colcon_parallel_executor.executor.parallel:loop closed
[8.595s] DEBUG:colcon.colcon_parallel_executor.executor.parallel:run_until_complete finished with '1'
[8.595s] DEBUG:colcon.colcon_core.event_reactor:joining thread
[8.604s] INFO:colcon.colcon_core.plugin_system:Skipping extension 'colcon_notification.desktop_notification.terminal_notifier': Not used on non-Darwin systems
[8.605s] INFO:colcon.colcon_core.plugin_system:Skipping extension 'colcon_notification.desktop_notification.win32': Not used on non-Windows systems
[8.605s] INFO:colcon.colcon_notification.desktop_notification:Sending desktop notification using 'notify2'
[8.627s] DEBUG:colcon.colcon_core.event_reactor:joined thread
[8.628s] INFO:colcon.colcon_core.shell:Creating prefix script '/home/fishros/document/GitHub/Learning-ROS2-with-Fishbot/chapt3/topic_practice_ws/src/install/local_setup.ps1'
[8.629s] INFO:colcon.colcon_core.shell:Creating prefix util module '/home/fishros/document/GitHub/Learning-ROS2-with-Fishbot/chapt3/topic_practice_ws/src/install/_local_setup_util_ps1.py'
[8.631s] INFO:colcon.colcon_core.shell:Creating prefix chain script '/home/fishros/document/GitHub/Learning-ROS2-with-Fishbot/chapt3/topic_practice_ws/src/install/setup.ps1'
[8.633s] INFO:colcon.colcon_core.shell:Creating prefix script '/home/fishros/document/GitHub/Learning-ROS2-with-Fishbot/chapt3/topic_practice_ws/src/install/local_setup.sh'
[8.634s] INFO:colcon.colcon_core.shell:Creating prefix util module '/home/fishros/document/GitHub/Learning-ROS2-with-Fishbot/chapt3/topic_practice_ws/src/install/_local_setup_util_sh.py'
[8.638s] INFO:colcon.colcon_core.shell:Creating prefix chain script '/home/fishros/document/GitHub/Learning-ROS2-with-Fishbot/chapt3/topic_practice_ws/src/install/setup.sh'
[8.640s] INFO:colcon.colcon_core.shell:Creating prefix script '/home/fishros/document/GitHub/Learning-ROS2-with-Fishbot/chapt3/topic_practice_ws/src/install/local_setup.bash'
[8.641s] INFO:colcon.colcon_core.shell:Creating prefix chain script '/home/fishros/document/GitHub/Learning-ROS2-with-Fishbot/chapt3/topic_practice_ws/src/install/setup.bash'
[8.643s] INFO:colcon.colcon_core.shell:Creating prefix script '/home/fishros/document/GitHub/Learning-ROS2-with-Fishbot/chapt3/topic_practice_ws/src/install/local_setup.zsh'
[8.644s] INFO:colcon.colcon_core.shell:Creating prefix chain script '/home/fishros/document/GitHub/Learning-ROS2-with-Fishbot/chapt3/topic_practice_ws/src/install/setup.zsh'
