[0.014s] Invoking command in '/home/fishros/document/GitHub/Learning-ROS2-with-Fishbot/chapt4/chapt4_ws/build/chapt4_interfaces': CMAKE_PREFIX_PATH=/opt/ros/humble /usr/bin/cmake /home/fishros/document/GitHub/Learning-ROS2-with-Fishbot/chapt4/chapt4_ws/src/chapt4_interfaces -DCMAKE_INSTALL_PREFIX=/home/fishros/document/GitHub/Learning-ROS2-with-Fishbot/chapt4/chapt4_ws/install/chapt4_interfaces
[0.029s] -- Found ament_cmake: 1.3.11 (/opt/ros/humble/share/ament_cmake/cmake)
[0.215s] -- Found rosidl_default_generators: 1.2.0 (/opt/ros/humble/share/rosidl_default_generators/cmake)
[0.217s] -- Using all available rosidl_typesupport_c: rosidl_typesupport_fastrtps_c;rosidl_typesupport_introspection_c
[0.222s] -- Found rosidl_adapter: 3.1.6 (/opt/ros/humble/share/rosidl_adapter/cmake)
[0.267s] -- Using all available rosidl_typesupport_cpp: rosidl_typesupport_fastrtps_cpp;rosidl_typesupport_introspection_cpp
[0.303s] -- Found sensor_msgs: 4.2.4 (/opt/ros/humble/share/sensor_msgs/cmake)
[0.860s] -- Found ament_cmake_ros: 0.10.0 (/opt/ros/humble/share/ament_cmake_ros/cmake)
[1.259s] -- Using all available rosidl_typesupport_c: rosidl_typesupport_fastrtps_c;rosidl_typesupport_introspection_c
[1.800s] -- Using all available rosidl_typesupport_cpp: rosidl_typesupport_fastrtps_cpp;rosidl_typesupport_introspection_cpp
[1.834s] -- Found PythonInterp: /usr/bin/python3 (found suitable version "3.10.12", minimum required is "3.6") 
[1.835s] -- Found python_cmake_module: 0.10.0 (/opt/ros/humble/share/python_cmake_module/cmake)
[1.874s] -- Found PythonLibs: /usr/lib/x86_64-linux-gnu/libpython3.10.so (found suitable version "3.10.12", minimum required is "3.5") 
[1.874s] -- Using PYTHON_EXECUTABLE: /usr/bin/python3
[1.875s] -- Using PYTHON_INCLUDE_DIRS: /usr/include/python3.10
[1.875s] -- Using PYTHON_LIBRARIES: /usr/lib/x86_64-linux-gnu/libpython3.10.so
[1.902s] -- Found PythonExtra: .so  
[2.006s] -- Found ament_lint_auto: 0.12.11 (/opt/ros/humble/share/ament_lint_auto/cmake)
[2.031s] -- Added test 'lint_cmake' to check CMake code style
[2.039s] -- Added test 'xmllint' to check XML markup files
[2.039s] -- Configuring done
[2.098s] -- Generating done
[2.117s] -- Build files have been written to: /home/fishros/document/GitHub/Learning-ROS2-with-Fishbot/chapt4/chapt4_ws/build/chapt4_interfaces
[2.130s] Invoked command in '/home/fishros/document/GitHub/Learning-ROS2-with-Fishbot/chapt4/chapt4_ws/build/chapt4_interfaces' returned '0': CMAKE_PREFIX_PATH=/opt/ros/humble /usr/bin/cmake /home/fishros/document/GitHub/Learning-ROS2-with-Fishbot/chapt4/chapt4_ws/src/chapt4_interfaces -DCMAKE_INSTALL_PREFIX=/home/fishros/document/GitHub/Learning-ROS2-with-Fishbot/chapt4/chapt4_ws/install/chapt4_interfaces
[2.133s] Invoking command in '/home/fishros/document/GitHub/Learning-ROS2-with-Fishbot/chapt4/chapt4_ws/build/chapt4_interfaces': CMAKE_PREFIX_PATH=/opt/ros/humble /usr/bin/cmake --build /home/fishros/document/GitHub/Learning-ROS2-with-Fishbot/chapt4/chapt4_ws/build/chapt4_interfaces -- -j8 -l8
[2.194s] [  3%] [34m[1mGenerating C code for ROS interfaces[0m
[2.208s] [  6%] [34m[1mGenerating C++ code for ROS interfaces[0m
[2.220s] [  6%] Built target ament_cmake_python_copy_chapt4_interfaces
[2.527s] running egg_info
[2.552s] creating chapt4_interfaces.egg-info
[2.552s] writing chapt4_interfaces.egg-info/PKG-INFO
[2.552s] writing dependency_links to chapt4_interfaces.egg-info/dependency_links.txt
[2.553s] writing top-level names to chapt4_interfaces.egg-info/top_level.txt
[2.553s] writing manifest file 'chapt4_interfaces.egg-info/SOURCES.txt'
[2.621s] reading manifest file 'chapt4_interfaces.egg-info/SOURCES.txt'
[2.622s] writing manifest file 'chapt4_interfaces.egg-info/SOURCES.txt'
[2.676s] [  6%] Built target ament_cmake_python_build_chapt4_interfaces_egg
[2.792s] [  6%] Built target chapt4_interfaces__cpp
[2.798s] [  9%] [32mBuilding C object CMakeFiles/chapt4_interfaces__rosidl_generator_c.dir/rosidl_generator_c/chapt4_interfaces/srv/detail/face_detector__functions.c.o[0m
[2.811s] [ 16%] [34m[1mGenerating C++ type support for eProsima Fast-RTPS[0m
[2.812s] [ 16%] [34m[1mGenerating C++ type support dispatch for ROS interfaces[0m
[2.812s] [ 19%] [34m[1mGenerating C++ introspection for ROS interfaces[0m
[2.884s] [ 22%] [32m[1mLinking C shared library libchapt4_interfaces__rosidl_generator_c.so[0m
[2.949s] [ 22%] Built target chapt4_interfaces__rosidl_generator_c
[2.963s] [ 32%] [34m[1mGenerating C type support for eProsima Fast-RTPS[0m
[2.963s] [ 32%] [34m[1mGenerating C type support dispatch for ROS interfaces[0m
[2.963s] [ 32%] [34m[1mGenerating C introspection for ROS interfaces[0m
[3.315s] [ 35%] [32mBuilding CXX object CMakeFiles/chapt4_interfaces__rosidl_typesupport_cpp.dir/rosidl_typesupport_cpp/chapt4_interfaces/srv/face_detector__type_support.cpp.o[0m
[3.366s] [ 38%] [32mBuilding CXX object CMakeFiles/chapt4_interfaces__rosidl_typesupport_introspection_cpp.dir/rosidl_typesupport_introspection_cpp/chapt4_interfaces/srv/detail/face_detector__type_support.cpp.o[0m
[3.413s] [ 41%] [32mBuilding CXX object CMakeFiles/chapt4_interfaces__rosidl_typesupport_fastrtps_cpp.dir/rosidl_typesupport_fastrtps_cpp/chapt4_interfaces/srv/detail/dds_fastrtps/face_detector__type_support.cpp.o[0m
[3.498s] [ 45%] [32mBuilding CXX object CMakeFiles/chapt4_interfaces__rosidl_typesupport_c.dir/rosidl_typesupport_c/chapt4_interfaces/srv/face_detector__type_support.cpp.o[0m
[3.542s] [ 48%] [32m[1mLinking CXX shared library libchapt4_interfaces__rosidl_typesupport_c.so[0m
[3.557s] [ 54%] [32mBuilding CXX object CMakeFiles/chapt4_interfaces__rosidl_typesupport_fastrtps_c.dir/rosidl_typesupport_fastrtps_c/chapt4_interfaces/srv/detail/face_detector__type_support_c.cpp.o[0m
[3.557s] [ 54%] [32mBuilding C object CMakeFiles/chapt4_interfaces__rosidl_typesupport_introspection_c.dir/rosidl_typesupport_introspection_c/chapt4_interfaces/srv/detail/face_detector__type_support.c.o[0m
[3.611s] [ 54%] Built target chapt4_interfaces__rosidl_typesupport_c
[3.633s] [ 58%] [32m[1mLinking C shared library libchapt4_interfaces__rosidl_typesupport_introspection_c.so[0m
[3.664s] [ 61%] [32m[1mLinking CXX shared library libchapt4_interfaces__rosidl_typesupport_cpp.so[0m
[3.686s] [ 61%] Built target chapt4_interfaces__rosidl_typesupport_introspection_c
[3.728s] [ 61%] Built target chapt4_interfaces__rosidl_typesupport_cpp
[3.932s] [ 64%] [32m[1mLinking CXX shared library libchapt4_interfaces__rosidl_typesupport_introspection_cpp.so[0m
[3.998s] [ 67%] [32m[1mLinking CXX shared library libchapt4_interfaces__rosidl_typesupport_fastrtps_c.so[0m
[4.002s] [ 70%] [32m[1mLinking CXX shared library libchapt4_interfaces__rosidl_typesupport_fastrtps_cpp.so[0m
[4.115s] [ 70%] Built target chapt4_interfaces__rosidl_typesupport_introspection_cpp
[4.185s] [ 70%] Built target chapt4_interfaces__rosidl_typesupport_fastrtps_cpp
[4.188s] [ 70%] Built target chapt4_interfaces__rosidl_typesupport_fastrtps_c
[4.221s] [ 70%] Built target chapt4_interfaces
[4.258s] [ 74%] [34m[1mGenerating Python code for ROS interfaces[0m
[5.068s] [ 74%] Built target chapt4_interfaces__py
[5.100s] [ 77%] [32mBuilding C object CMakeFiles/chapt4_interfaces__rosidl_generator_py.dir/rosidl_generator_py/chapt4_interfaces/srv/_face_detector_s.c.o[0m
[5.263s] [ 80%] [32m[1mLinking C shared library rosidl_generator_py/chapt4_interfaces/libchapt4_interfaces__rosidl_generator_py.so[0m
[5.340s] [ 80%] Built target chapt4_interfaces__rosidl_generator_py
[5.369s] [ 87%] [32mBuilding C object CMakeFiles/chapt4_interfaces__rosidl_typesupport_fastrtps_c__pyext.dir/rosidl_generator_py/chapt4_interfaces/_chapt4_interfaces_s.ep.rosidl_typesupport_fastrtps_c.c.o[0m
[5.369s] [ 87%] [32mBuilding C object CMakeFiles/chapt4_interfaces__rosidl_typesupport_introspection_c__pyext.dir/rosidl_generator_py/chapt4_interfaces/_chapt4_interfaces_s.ep.rosidl_typesupport_introspection_c.c.o[0m
[5.370s] [ 90%] [32mBuilding C object CMakeFiles/chapt4_interfaces__rosidl_typesupport_c__pyext.dir/rosidl_generator_py/chapt4_interfaces/_chapt4_interfaces_s.ep.rosidl_typesupport_c.c.o[0m
[5.504s] [ 93%] [32m[1mLinking C shared library rosidl_generator_py/chapt4_interfaces/chapt4_interfaces_s__rosidl_typesupport_introspection_c.cpython-310-x86_64-linux-gnu.so[0m
[5.507s] [ 96%] [32m[1mLinking C shared library rosidl_generator_py/chapt4_interfaces/chapt4_interfaces_s__rosidl_typesupport_fastrtps_c.cpython-310-x86_64-linux-gnu.so[0m
[5.511s] [100%] [32m[1mLinking C shared library rosidl_generator_py/chapt4_interfaces/chapt4_interfaces_s__rosidl_typesupport_c.cpython-310-x86_64-linux-gnu.so[0m
[5.570s] [100%] Built target chapt4_interfaces__rosidl_typesupport_fastrtps_c__pyext
[5.570s] [100%] Built target chapt4_interfaces__rosidl_typesupport_introspection_c__pyext
[5.575s] [100%] Built target chapt4_interfaces__rosidl_typesupport_c__pyext
[5.593s] Invoked command in '/home/fishros/document/GitHub/Learning-ROS2-with-Fishbot/chapt4/chapt4_ws/build/chapt4_interfaces' returned '0': CMAKE_PREFIX_PATH=/opt/ros/humble /usr/bin/cmake --build /home/fishros/document/GitHub/Learning-ROS2-with-Fishbot/chapt4/chapt4_ws/build/chapt4_interfaces -- -j8 -l8
[5.607s] Invoking command in '/home/fishros/document/GitHub/Learning-ROS2-with-Fishbot/chapt4/chapt4_ws/build/chapt4_interfaces': CMAKE_PREFIX_PATH=/opt/ros/humble /usr/bin/cmake --install /home/fishros/document/GitHub/Learning-ROS2-with-Fishbot/chapt4/chapt4_ws/build/chapt4_interfaces
[5.618s] -- Install configuration: ""
[5.618s] -- Installing: /home/fishros/document/GitHub/Learning-ROS2-with-Fishbot/chapt4/chapt4_ws/install/chapt4_interfaces/share/ament_index/resource_index/rosidl_interfaces/chapt4_interfaces
[5.618s] -- Installing: /home/fishros/document/GitHub/Learning-ROS2-with-Fishbot/chapt4/chapt4_ws/install/chapt4_interfaces/include/chapt4_interfaces/chapt4_interfaces
[5.619s] -- Installing: /home/fishros/document/GitHub/Learning-ROS2-with-Fishbot/chapt4/chapt4_ws/install/chapt4_interfaces/include/chapt4_interfaces/chapt4_interfaces/srv
[5.619s] -- Installing: /home/fishros/document/GitHub/Learning-ROS2-with-Fishbot/chapt4/chapt4_ws/install/chapt4_interfaces/include/chapt4_interfaces/chapt4_interfaces/srv/face_detector.h
[5.619s] -- Installing: /home/fishros/document/GitHub/Learning-ROS2-with-Fishbot/chapt4/chapt4_ws/install/chapt4_interfaces/include/chapt4_interfaces/chapt4_interfaces/srv/detail
[5.619s] -- Installing: /home/fishros/document/GitHub/Learning-ROS2-with-Fishbot/chapt4/chapt4_ws/install/chapt4_interfaces/include/chapt4_interfaces/chapt4_interfaces/srv/detail/face_detector__functions.h
[5.619s] -- Installing: /home/fishros/document/GitHub/Learning-ROS2-with-Fishbot/chapt4/chapt4_ws/install/chapt4_interfaces/include/chapt4_interfaces/chapt4_interfaces/srv/detail/face_detector__struct.h
[5.620s] -- Installing: /home/fishros/document/GitHub/Learning-ROS2-with-Fishbot/chapt4/chapt4_ws/install/chapt4_interfaces/include/chapt4_interfaces/chapt4_interfaces/srv/detail/face_detector__functions.c
[5.620s] -- Installing: /home/fishros/document/GitHub/Learning-ROS2-with-Fishbot/chapt4/chapt4_ws/install/chapt4_interfaces/include/chapt4_interfaces/chapt4_interfaces/srv/detail/face_detector__type_support.h
[5.620s] -- Installing: /home/fishros/document/GitHub/Learning-ROS2-with-Fishbot/chapt4/chapt4_ws/install/chapt4_interfaces/include/chapt4_interfaces/chapt4_interfaces/msg
[5.620s] -- Installing: /home/fishros/document/GitHub/Learning-ROS2-with-Fishbot/chapt4/chapt4_ws/install/chapt4_interfaces/include/chapt4_interfaces/chapt4_interfaces/msg/rosidl_generator_c__visibility_control.h
[5.620s] -- Installing: /home/fishros/document/GitHub/Learning-ROS2-with-Fishbot/chapt4/chapt4_ws/install/chapt4_interfaces/share/chapt4_interfaces/environment/library_path.sh
[5.621s] -- Installing: /home/fishros/document/GitHub/Learning-ROS2-with-Fishbot/chapt4/chapt4_ws/install/chapt4_interfaces/share/chapt4_interfaces/environment/library_path.dsv
[5.621s] -- Installing: /home/fishros/document/GitHub/Learning-ROS2-with-Fishbot/chapt4/chapt4_ws/install/chapt4_interfaces/lib/libchapt4_interfaces__rosidl_generator_c.so
[5.622s] -- Set runtime path of "/home/fishros/document/GitHub/Learning-ROS2-with-Fishbot/chapt4/chapt4_ws/install/chapt4_interfaces/lib/libchapt4_interfaces__rosidl_generator_c.so" to ""
[5.622s] -- Up-to-date: /home/fishros/document/GitHub/Learning-ROS2-with-Fishbot/chapt4/chapt4_ws/install/chapt4_interfaces/include/chapt4_interfaces/chapt4_interfaces
[5.622s] -- Up-to-date: /home/fishros/document/GitHub/Learning-ROS2-with-Fishbot/chapt4/chapt4_ws/install/chapt4_interfaces/include/chapt4_interfaces/chapt4_interfaces/srv
[5.622s] -- Up-to-date: /home/fishros/document/GitHub/Learning-ROS2-with-Fishbot/chapt4/chapt4_ws/install/chapt4_interfaces/include/chapt4_interfaces/chapt4_interfaces/srv/detail
[5.622s] -- Installing: /home/fishros/document/GitHub/Learning-ROS2-with-Fishbot/chapt4/chapt4_ws/install/chapt4_interfaces/include/chapt4_interfaces/chapt4_interfaces/srv/detail/face_detector__rosidl_typesupport_fastrtps_c.h
[5.622s] -- Up-to-date: /home/fishros/document/GitHub/Learning-ROS2-with-Fishbot/chapt4/chapt4_ws/install/chapt4_interfaces/include/chapt4_interfaces/chapt4_interfaces/msg
[5.623s] -- Installing: /home/fishros/document/GitHub/Learning-ROS2-with-Fishbot/chapt4/chapt4_ws/install/chapt4_interfaces/include/chapt4_interfaces/chapt4_interfaces/msg/rosidl_typesupport_fastrtps_c__visibility_control.h
[5.623s] -- Installing: /home/fishros/document/GitHub/Learning-ROS2-with-Fishbot/chapt4/chapt4_ws/install/chapt4_interfaces/lib/libchapt4_interfaces__rosidl_typesupport_fastrtps_c.so
[5.624s] -- Set runtime path of "/home/fishros/document/GitHub/Learning-ROS2-with-Fishbot/chapt4/chapt4_ws/install/chapt4_interfaces/lib/libchapt4_interfaces__rosidl_typesupport_fastrtps_c.so" to ""
[5.624s] -- Up-to-date: /home/fishros/document/GitHub/Learning-ROS2-with-Fishbot/chapt4/chapt4_ws/install/chapt4_interfaces/include/chapt4_interfaces/chapt4_interfaces
[5.624s] -- Up-to-date: /home/fishros/document/GitHub/Learning-ROS2-with-Fishbot/chapt4/chapt4_ws/install/chapt4_interfaces/include/chapt4_interfaces/chapt4_interfaces/srv
[5.624s] -- Up-to-date: /home/fishros/document/GitHub/Learning-ROS2-with-Fishbot/chapt4/chapt4_ws/install/chapt4_interfaces/include/chapt4_interfaces/chapt4_interfaces/srv/detail
[5.624s] -- Installing: /home/fishros/document/GitHub/Learning-ROS2-with-Fishbot/chapt4/chapt4_ws/install/chapt4_interfaces/include/chapt4_interfaces/chapt4_interfaces/srv/detail/face_detector__type_support.c
[5.624s] -- Installing: /home/fishros/document/GitHub/Learning-ROS2-with-Fishbot/chapt4/chapt4_ws/install/chapt4_interfaces/include/chapt4_interfaces/chapt4_interfaces/srv/detail/face_detector__rosidl_typesupport_introspection_c.h
[5.625s] -- Up-to-date: /home/fishros/document/GitHub/Learning-ROS2-with-Fishbot/chapt4/chapt4_ws/install/chapt4_interfaces/include/chapt4_interfaces/chapt4_interfaces/msg
[5.625s] -- Installing: /home/fishros/document/GitHub/Learning-ROS2-with-Fishbot/chapt4/chapt4_ws/install/chapt4_interfaces/include/chapt4_interfaces/chapt4_interfaces/msg/rosidl_typesupport_introspection_c__visibility_control.h
[5.625s] -- Installing: /home/fishros/document/GitHub/Learning-ROS2-with-Fishbot/chapt4/chapt4_ws/install/chapt4_interfaces/lib/libchapt4_interfaces__rosidl_typesupport_introspection_c.so
[5.625s] -- Set runtime path of "/home/fishros/document/GitHub/Learning-ROS2-with-Fishbot/chapt4/chapt4_ws/install/chapt4_interfaces/lib/libchapt4_interfaces__rosidl_typesupport_introspection_c.so" to ""
[5.625s] -- Installing: /home/fishros/document/GitHub/Learning-ROS2-with-Fishbot/chapt4/chapt4_ws/install/chapt4_interfaces/lib/libchapt4_interfaces__rosidl_typesupport_c.so
[5.626s] -- Set runtime path of "/home/fishros/document/GitHub/Learning-ROS2-with-Fishbot/chapt4/chapt4_ws/install/chapt4_interfaces/lib/libchapt4_interfaces__rosidl_typesupport_c.so" to ""
[5.626s] -- Up-to-date: /home/fishros/document/GitHub/Learning-ROS2-with-Fishbot/chapt4/chapt4_ws/install/chapt4_interfaces/include/chapt4_interfaces/chapt4_interfaces
[5.626s] -- Up-to-date: /home/fishros/document/GitHub/Learning-ROS2-with-Fishbot/chapt4/chapt4_ws/install/chapt4_interfaces/include/chapt4_interfaces/chapt4_interfaces/srv
[5.626s] -- Up-to-date: /home/fishros/document/GitHub/Learning-ROS2-with-Fishbot/chapt4/chapt4_ws/install/chapt4_interfaces/include/chapt4_interfaces/chapt4_interfaces/srv/detail
[5.626s] -- Installing: /home/fishros/document/GitHub/Learning-ROS2-with-Fishbot/chapt4/chapt4_ws/install/chapt4_interfaces/include/chapt4_interfaces/chapt4_interfaces/srv/detail/face_detector__type_support.hpp
[5.627s] -- Installing: /home/fishros/document/GitHub/Learning-ROS2-with-Fishbot/chapt4/chapt4_ws/install/chapt4_interfaces/include/chapt4_interfaces/chapt4_interfaces/srv/detail/face_detector__traits.hpp
[5.627s] -- Installing: /home/fishros/document/GitHub/Learning-ROS2-with-Fishbot/chapt4/chapt4_ws/install/chapt4_interfaces/include/chapt4_interfaces/chapt4_interfaces/srv/detail/face_detector__builder.hpp
[5.627s] -- Installing: /home/fishros/document/GitHub/Learning-ROS2-with-Fishbot/chapt4/chapt4_ws/install/chapt4_interfaces/include/chapt4_interfaces/chapt4_interfaces/srv/detail/face_detector__struct.hpp
[5.627s] -- Installing: /home/fishros/document/GitHub/Learning-ROS2-with-Fishbot/chapt4/chapt4_ws/install/chapt4_interfaces/include/chapt4_interfaces/chapt4_interfaces/srv/face_detector.hpp
[5.627s] -- Up-to-date: /home/fishros/document/GitHub/Learning-ROS2-with-Fishbot/chapt4/chapt4_ws/install/chapt4_interfaces/include/chapt4_interfaces/chapt4_interfaces/msg
[5.628s] -- Installing: /home/fishros/document/GitHub/Learning-ROS2-with-Fishbot/chapt4/chapt4_ws/install/chapt4_interfaces/include/chapt4_interfaces/chapt4_interfaces/msg/rosidl_generator_cpp__visibility_control.hpp
[5.628s] -- Up-to-date: /home/fishros/document/GitHub/Learning-ROS2-with-Fishbot/chapt4/chapt4_ws/install/chapt4_interfaces/include/chapt4_interfaces/chapt4_interfaces
[5.628s] -- Up-to-date: /home/fishros/document/GitHub/Learning-ROS2-with-Fishbot/chapt4/chapt4_ws/install/chapt4_interfaces/include/chapt4_interfaces/chapt4_interfaces/srv
[5.628s] -- Up-to-date: /home/fishros/document/GitHub/Learning-ROS2-with-Fishbot/chapt4/chapt4_ws/install/chapt4_interfaces/include/chapt4_interfaces/chapt4_interfaces/srv/detail
[5.628s] -- Installing: /home/fishros/document/GitHub/Learning-ROS2-with-Fishbot/chapt4/chapt4_ws/install/chapt4_interfaces/include/chapt4_interfaces/chapt4_interfaces/srv/detail/face_detector__rosidl_typesupport_fastrtps_cpp.hpp
[5.628s] -- Installing: /home/fishros/document/GitHub/Learning-ROS2-with-Fishbot/chapt4/chapt4_ws/install/chapt4_interfaces/include/chapt4_interfaces/chapt4_interfaces/srv/detail/dds_fastrtps
[5.628s] -- Up-to-date: /home/fishros/document/GitHub/Learning-ROS2-with-Fishbot/chapt4/chapt4_ws/install/chapt4_interfaces/include/chapt4_interfaces/chapt4_interfaces/msg
[5.629s] -- Installing: /home/fishros/document/GitHub/Learning-ROS2-with-Fishbot/chapt4/chapt4_ws/install/chapt4_interfaces/include/chapt4_interfaces/chapt4_interfaces/msg/rosidl_typesupport_fastrtps_cpp__visibility_control.h
[5.629s] -- Installing: /home/fishros/document/GitHub/Learning-ROS2-with-Fishbot/chapt4/chapt4_ws/install/chapt4_interfaces/lib/libchapt4_interfaces__rosidl_typesupport_fastrtps_cpp.so
[5.629s] -- Set runtime path of "/home/fishros/document/GitHub/Learning-ROS2-with-Fishbot/chapt4/chapt4_ws/install/chapt4_interfaces/lib/libchapt4_interfaces__rosidl_typesupport_fastrtps_cpp.so" to ""
[5.629s] -- Up-to-date: /home/fishros/document/GitHub/Learning-ROS2-with-Fishbot/chapt4/chapt4_ws/install/chapt4_interfaces/include/chapt4_interfaces/chapt4_interfaces
[5.629s] -- Up-to-date: /home/fishros/document/GitHub/Learning-ROS2-with-Fishbot/chapt4/chapt4_ws/install/chapt4_interfaces/include/chapt4_interfaces/chapt4_interfaces/srv
[5.629s] -- Up-to-date: /home/fishros/document/GitHub/Learning-ROS2-with-Fishbot/chapt4/chapt4_ws/install/chapt4_interfaces/include/chapt4_interfaces/chapt4_interfaces/srv/detail
[5.629s] -- Installing: /home/fishros/document/GitHub/Learning-ROS2-with-Fishbot/chapt4/chapt4_ws/install/chapt4_interfaces/include/chapt4_interfaces/chapt4_interfaces/srv/detail/face_detector__type_support.cpp
[5.630s] -- Installing: /home/fishros/document/GitHub/Learning-ROS2-with-Fishbot/chapt4/chapt4_ws/install/chapt4_interfaces/include/chapt4_interfaces/chapt4_interfaces/srv/detail/face_detector__rosidl_typesupport_introspection_cpp.hpp
[5.630s] -- Installing: /home/fishros/document/GitHub/Learning-ROS2-with-Fishbot/chapt4/chapt4_ws/install/chapt4_interfaces/lib/libchapt4_interfaces__rosidl_typesupport_introspection_cpp.so
[5.630s] -- Set runtime path of "/home/fishros/document/GitHub/Learning-ROS2-with-Fishbot/chapt4/chapt4_ws/install/chapt4_interfaces/lib/libchapt4_interfaces__rosidl_typesupport_introspection_cpp.so" to ""
[5.630s] -- Installing: /home/fishros/document/GitHub/Learning-ROS2-with-Fishbot/chapt4/chapt4_ws/install/chapt4_interfaces/lib/libchapt4_interfaces__rosidl_typesupport_cpp.so
[5.630s] -- Set runtime path of "/home/fishros/document/GitHub/Learning-ROS2-with-Fishbot/chapt4/chapt4_ws/install/chapt4_interfaces/lib/libchapt4_interfaces__rosidl_typesupport_cpp.so" to ""
[5.630s] -- Installing: /home/fishros/document/GitHub/Learning-ROS2-with-Fishbot/chapt4/chapt4_ws/install/chapt4_interfaces/share/chapt4_interfaces/environment/pythonpath.sh
[5.631s] -- Installing: /home/fishros/document/GitHub/Learning-ROS2-with-Fishbot/chapt4/chapt4_ws/install/chapt4_interfaces/share/chapt4_interfaces/environment/pythonpath.dsv
[5.631s] -- Installing: /home/fishros/document/GitHub/Learning-ROS2-with-Fishbot/chapt4/chapt4_ws/install/chapt4_interfaces/local/lib/python3.10/dist-packages/chapt4_interfaces-0.0.0-py3.10.egg-info
[5.631s] -- Installing: /home/fishros/document/GitHub/Learning-ROS2-with-Fishbot/chapt4/chapt4_ws/install/chapt4_interfaces/local/lib/python3.10/dist-packages/chapt4_interfaces-0.0.0-py3.10.egg-info/dependency_links.txt
[5.631s] -- Installing: /home/fishros/document/GitHub/Learning-ROS2-with-Fishbot/chapt4/chapt4_ws/install/chapt4_interfaces/local/lib/python3.10/dist-packages/chapt4_interfaces-0.0.0-py3.10.egg-info/PKG-INFO
[5.631s] -- Installing: /home/fishros/document/GitHub/Learning-ROS2-with-Fishbot/chapt4/chapt4_ws/install/chapt4_interfaces/local/lib/python3.10/dist-packages/chapt4_interfaces-0.0.0-py3.10.egg-info/SOURCES.txt
[5.631s] -- Installing: /home/fishros/document/GitHub/Learning-ROS2-with-Fishbot/chapt4/chapt4_ws/install/chapt4_interfaces/local/lib/python3.10/dist-packages/chapt4_interfaces-0.0.0-py3.10.egg-info/top_level.txt
[5.631s] -- Installing: /home/fishros/document/GitHub/Learning-ROS2-with-Fishbot/chapt4/chapt4_ws/install/chapt4_interfaces/local/lib/python3.10/dist-packages/chapt4_interfaces
[5.632s] -- Installing: /home/fishros/document/GitHub/Learning-ROS2-with-Fishbot/chapt4/chapt4_ws/install/chapt4_interfaces/local/lib/python3.10/dist-packages/chapt4_interfaces/_chapt4_interfaces_s.ep.rosidl_typesupport_c.c
[5.632s] -- Installing: /home/fishros/document/GitHub/Learning-ROS2-with-Fishbot/chapt4/chapt4_ws/install/chapt4_interfaces/local/lib/python3.10/dist-packages/chapt4_interfaces/chapt4_interfaces_s__rosidl_typesupport_c.cpython-310-x86_64-linux-gnu.so
[5.632s] -- Installing: /home/fishros/document/GitHub/Learning-ROS2-with-Fishbot/chapt4/chapt4_ws/install/chapt4_interfaces/local/lib/python3.10/dist-packages/chapt4_interfaces/srv
[5.632s] -- Installing: /home/fishros/document/GitHub/Learning-ROS2-with-Fishbot/chapt4/chapt4_ws/install/chapt4_interfaces/local/lib/python3.10/dist-packages/chapt4_interfaces/srv/_face_detector.py
[5.632s] -- Installing: /home/fishros/document/GitHub/Learning-ROS2-with-Fishbot/chapt4/chapt4_ws/install/chapt4_interfaces/local/lib/python3.10/dist-packages/chapt4_interfaces/srv/__init__.py
[5.633s] -- Installing: /home/fishros/document/GitHub/Learning-ROS2-with-Fishbot/chapt4/chapt4_ws/install/chapt4_interfaces/local/lib/python3.10/dist-packages/chapt4_interfaces/srv/_face_detector_s.c
[5.633s] -- Installing: /home/fishros/document/GitHub/Learning-ROS2-with-Fishbot/chapt4/chapt4_ws/install/chapt4_interfaces/local/lib/python3.10/dist-packages/chapt4_interfaces/_chapt4_interfaces_s.ep.rosidl_typesupport_fastrtps_c.c
[5.633s] -- Installing: /home/fishros/document/GitHub/Learning-ROS2-with-Fishbot/chapt4/chapt4_ws/install/chapt4_interfaces/local/lib/python3.10/dist-packages/chapt4_interfaces/__init__.py
[5.633s] -- Installing: /home/fishros/document/GitHub/Learning-ROS2-with-Fishbot/chapt4/chapt4_ws/install/chapt4_interfaces/local/lib/python3.10/dist-packages/chapt4_interfaces/libchapt4_interfaces__rosidl_generator_py.so
[5.633s] -- Installing: /home/fishros/document/GitHub/Learning-ROS2-with-Fishbot/chapt4/chapt4_ws/install/chapt4_interfaces/local/lib/python3.10/dist-packages/chapt4_interfaces/chapt4_interfaces_s__rosidl_typesupport_fastrtps_c.cpython-310-x86_64-linux-gnu.so
[5.633s] -- Installing: /home/fishros/document/GitHub/Learning-ROS2-with-Fishbot/chapt4/chapt4_ws/install/chapt4_interfaces/local/lib/python3.10/dist-packages/chapt4_interfaces/_chapt4_interfaces_s.ep.rosidl_typesupport_introspection_c.c
[5.633s] -- Installing: /home/fishros/document/GitHub/Learning-ROS2-with-Fishbot/chapt4/chapt4_ws/install/chapt4_interfaces/local/lib/python3.10/dist-packages/chapt4_interfaces/chapt4_interfaces_s__rosidl_typesupport_introspection_c.cpython-310-x86_64-linux-gnu.so
[5.686s] Listing '/home/fishros/document/GitHub/Learning-ROS2-with-Fishbot/chapt4/chapt4_ws/install/chapt4_interfaces/local/lib/python3.10/dist-packages/chapt4_interfaces'...
[5.686s] Compiling '/home/fishros/document/GitHub/Learning-ROS2-with-Fishbot/chapt4/chapt4_ws/install/chapt4_interfaces/local/lib/python3.10/dist-packages/chapt4_interfaces/__init__.py'...
[5.686s] Listing '/home/fishros/document/GitHub/Learning-ROS2-with-Fishbot/chapt4/chapt4_ws/install/chapt4_interfaces/local/lib/python3.10/dist-packages/chapt4_interfaces/srv'...
[5.686s] Compiling '/home/fishros/document/GitHub/Learning-ROS2-with-Fishbot/chapt4/chapt4_ws/install/chapt4_interfaces/local/lib/python3.10/dist-packages/chapt4_interfaces/srv/__init__.py'...
[5.687s] Compiling '/home/fishros/document/GitHub/Learning-ROS2-with-Fishbot/chapt4/chapt4_ws/install/chapt4_interfaces/local/lib/python3.10/dist-packages/chapt4_interfaces/srv/_face_detector.py'...
[5.692s] -- Installing: /home/fishros/document/GitHub/Learning-ROS2-with-Fishbot/chapt4/chapt4_ws/install/chapt4_interfaces/local/lib/python3.10/dist-packages/chapt4_interfaces/chapt4_interfaces_s__rosidl_typesupport_fastrtps_c.cpython-310-x86_64-linux-gnu.so
[5.693s] -- Set runtime path of "/home/fishros/document/GitHub/Learning-ROS2-with-Fishbot/chapt4/chapt4_ws/install/chapt4_interfaces/local/lib/python3.10/dist-packages/chapt4_interfaces/chapt4_interfaces_s__rosidl_typesupport_fastrtps_c.cpython-310-x86_64-linux-gnu.so" to ""
[5.693s] -- Installing: /home/fishros/document/GitHub/Learning-ROS2-with-Fishbot/chapt4/chapt4_ws/install/chapt4_interfaces/local/lib/python3.10/dist-packages/chapt4_interfaces/chapt4_interfaces_s__rosidl_typesupport_introspection_c.cpython-310-x86_64-linux-gnu.so
[5.694s] -- Set runtime path of "/home/fishros/document/GitHub/Learning-ROS2-with-Fishbot/chapt4/chapt4_ws/install/chapt4_interfaces/local/lib/python3.10/dist-packages/chapt4_interfaces/chapt4_interfaces_s__rosidl_typesupport_introspection_c.cpython-310-x86_64-linux-gnu.so" to ""
[5.694s] -- Installing: /home/fishros/document/GitHub/Learning-ROS2-with-Fishbot/chapt4/chapt4_ws/install/chapt4_interfaces/local/lib/python3.10/dist-packages/chapt4_interfaces/chapt4_interfaces_s__rosidl_typesupport_c.cpython-310-x86_64-linux-gnu.so
[5.695s] -- Set runtime path of "/home/fishros/document/GitHub/Learning-ROS2-with-Fishbot/chapt4/chapt4_ws/install/chapt4_interfaces/local/lib/python3.10/dist-packages/chapt4_interfaces/chapt4_interfaces_s__rosidl_typesupport_c.cpython-310-x86_64-linux-gnu.so" to ""
[5.695s] -- Installing: /home/fishros/document/GitHub/Learning-ROS2-with-Fishbot/chapt4/chapt4_ws/install/chapt4_interfaces/lib/libchapt4_interfaces__rosidl_generator_py.so
[5.696s] -- Set runtime path of "/home/fishros/document/GitHub/Learning-ROS2-with-Fishbot/chapt4/chapt4_ws/install/chapt4_interfaces/lib/libchapt4_interfaces__rosidl_generator_py.so" to ""
[5.696s] -- Installing: /home/fishros/document/GitHub/Learning-ROS2-with-Fishbot/chapt4/chapt4_ws/install/chapt4_interfaces/share/chapt4_interfaces/srv/FaceDetector.idl
[5.696s] -- Installing: /home/fishros/document/GitHub/Learning-ROS2-with-Fishbot/chapt4/chapt4_ws/install/chapt4_interfaces/share/chapt4_interfaces/srv/FaceDetector.srv
[5.697s] -- Installing: /home/fishros/document/GitHub/Learning-ROS2-with-Fishbot/chapt4/chapt4_ws/install/chapt4_interfaces/share/chapt4_interfaces/srv/FaceDetector_Request.msg
[5.697s] -- Installing: /home/fishros/document/GitHub/Learning-ROS2-with-Fishbot/chapt4/chapt4_ws/install/chapt4_interfaces/share/chapt4_interfaces/srv/FaceDetector_Response.msg
[5.697s] -- Installing: /home/fishros/document/GitHub/Learning-ROS2-with-Fishbot/chapt4/chapt4_ws/install/chapt4_interfaces/share/ament_index/resource_index/package_run_dependencies/chapt4_interfaces
[5.697s] -- Installing: /home/fishros/document/GitHub/Learning-ROS2-with-Fishbot/chapt4/chapt4_ws/install/chapt4_interfaces/share/ament_index/resource_index/parent_prefix_path/chapt4_interfaces
[5.698s] -- Installing: /home/fishros/document/GitHub/Learning-ROS2-with-Fishbot/chapt4/chapt4_ws/install/chapt4_interfaces/share/chapt4_interfaces/environment/ament_prefix_path.sh
[5.698s] -- Installing: /home/fishros/document/GitHub/Learning-ROS2-with-Fishbot/chapt4/chapt4_ws/install/chapt4_interfaces/share/chapt4_interfaces/environment/ament_prefix_path.dsv
[5.698s] -- Installing: /home/fishros/document/GitHub/Learning-ROS2-with-Fishbot/chapt4/chapt4_ws/install/chapt4_interfaces/share/chapt4_interfaces/environment/path.sh
[5.698s] -- Installing: /home/fishros/document/GitHub/Learning-ROS2-with-Fishbot/chapt4/chapt4_ws/install/chapt4_interfaces/share/chapt4_interfaces/environment/path.dsv
[5.698s] -- Installing: /home/fishros/document/GitHub/Learning-ROS2-with-Fishbot/chapt4/chapt4_ws/install/chapt4_interfaces/share/chapt4_interfaces/local_setup.bash
[5.699s] -- Installing: /home/fishros/document/GitHub/Learning-ROS2-with-Fishbot/chapt4/chapt4_ws/install/chapt4_interfaces/share/chapt4_interfaces/local_setup.sh
[5.699s] -- Installing: /home/fishros/document/GitHub/Learning-ROS2-with-Fishbot/chapt4/chapt4_ws/install/chapt4_interfaces/share/chapt4_interfaces/local_setup.zsh
[5.699s] -- Installing: /home/fishros/document/GitHub/Learning-ROS2-with-Fishbot/chapt4/chapt4_ws/install/chapt4_interfaces/share/chapt4_interfaces/local_setup.dsv
[5.699s] -- Installing: /home/fishros/document/GitHub/Learning-ROS2-with-Fishbot/chapt4/chapt4_ws/install/chapt4_interfaces/share/chapt4_interfaces/package.dsv
[5.699s] -- Installing: /home/fishros/document/GitHub/Learning-ROS2-with-Fishbot/chapt4/chapt4_ws/install/chapt4_interfaces/share/ament_index/resource_index/packages/chapt4_interfaces
[5.700s] -- Installing: /home/fishros/document/GitHub/Learning-ROS2-with-Fishbot/chapt4/chapt4_ws/install/chapt4_interfaces/share/chapt4_interfaces/cmake/export_chapt4_interfaces__rosidl_generator_cExport.cmake
[5.700s] -- Installing: /home/fishros/document/GitHub/Learning-ROS2-with-Fishbot/chapt4/chapt4_ws/install/chapt4_interfaces/share/chapt4_interfaces/cmake/export_chapt4_interfaces__rosidl_generator_cExport-noconfig.cmake
[5.700s] -- Installing: /home/fishros/document/GitHub/Learning-ROS2-with-Fishbot/chapt4/chapt4_ws/install/chapt4_interfaces/share/chapt4_interfaces/cmake/export_chapt4_interfaces__rosidl_typesupport_fastrtps_cExport.cmake
[5.701s] -- Installing: /home/fishros/document/GitHub/Learning-ROS2-with-Fishbot/chapt4/chapt4_ws/install/chapt4_interfaces/share/chapt4_interfaces/cmake/export_chapt4_interfaces__rosidl_typesupport_fastrtps_cExport-noconfig.cmake
[5.701s] -- Installing: /home/fishros/document/GitHub/Learning-ROS2-with-Fishbot/chapt4/chapt4_ws/install/chapt4_interfaces/share/chapt4_interfaces/cmake/chapt4_interfaces__rosidl_typesupport_introspection_cExport.cmake
[5.701s] -- Installing: /home/fishros/document/GitHub/Learning-ROS2-with-Fishbot/chapt4/chapt4_ws/install/chapt4_interfaces/share/chapt4_interfaces/cmake/chapt4_interfaces__rosidl_typesupport_introspection_cExport-noconfig.cmake
[5.701s] -- Installing: /home/fishros/document/GitHub/Learning-ROS2-with-Fishbot/chapt4/chapt4_ws/install/chapt4_interfaces/share/chapt4_interfaces/cmake/chapt4_interfaces__rosidl_typesupport_cExport.cmake
[5.701s] -- Installing: /home/fishros/document/GitHub/Learning-ROS2-with-Fishbot/chapt4/chapt4_ws/install/chapt4_interfaces/share/chapt4_interfaces/cmake/chapt4_interfaces__rosidl_typesupport_cExport-noconfig.cmake
[5.702s] -- Installing: /home/fishros/document/GitHub/Learning-ROS2-with-Fishbot/chapt4/chapt4_ws/install/chapt4_interfaces/share/chapt4_interfaces/cmake/export_chapt4_interfaces__rosidl_generator_cppExport.cmake
[5.702s] -- Installing: /home/fishros/document/GitHub/Learning-ROS2-with-Fishbot/chapt4/chapt4_ws/install/chapt4_interfaces/share/chapt4_interfaces/cmake/export_chapt4_interfaces__rosidl_typesupport_fastrtps_cppExport.cmake
[5.702s] -- Installing: /home/fishros/document/GitHub/Learning-ROS2-with-Fishbot/chapt4/chapt4_ws/install/chapt4_interfaces/share/chapt4_interfaces/cmake/export_chapt4_interfaces__rosidl_typesupport_fastrtps_cppExport-noconfig.cmake
[5.702s] -- Installing: /home/fishros/document/GitHub/Learning-ROS2-with-Fishbot/chapt4/chapt4_ws/install/chapt4_interfaces/share/chapt4_interfaces/cmake/chapt4_interfaces__rosidl_typesupport_introspection_cppExport.cmake
[5.702s] -- Installing: /home/fishros/document/GitHub/Learning-ROS2-with-Fishbot/chapt4/chapt4_ws/install/chapt4_interfaces/share/chapt4_interfaces/cmake/chapt4_interfaces__rosidl_typesupport_introspection_cppExport-noconfig.cmake
[5.703s] -- Installing: /home/fishros/document/GitHub/Learning-ROS2-with-Fishbot/chapt4/chapt4_ws/install/chapt4_interfaces/share/chapt4_interfaces/cmake/chapt4_interfaces__rosidl_typesupport_cppExport.cmake
[5.703s] -- Installing: /home/fishros/document/GitHub/Learning-ROS2-with-Fishbot/chapt4/chapt4_ws/install/chapt4_interfaces/share/chapt4_interfaces/cmake/chapt4_interfaces__rosidl_typesupport_cppExport-noconfig.cmake
[5.703s] -- Installing: /home/fishros/document/GitHub/Learning-ROS2-with-Fishbot/chapt4/chapt4_ws/install/chapt4_interfaces/share/chapt4_interfaces/cmake/export_chapt4_interfaces__rosidl_generator_pyExport.cmake
[5.703s] -- Installing: /home/fishros/document/GitHub/Learning-ROS2-with-Fishbot/chapt4/chapt4_ws/install/chapt4_interfaces/share/chapt4_interfaces/cmake/export_chapt4_interfaces__rosidl_generator_pyExport-noconfig.cmake
[5.704s] -- Installing: /home/fishros/document/GitHub/Learning-ROS2-with-Fishbot/chapt4/chapt4_ws/install/chapt4_interfaces/share/chapt4_interfaces/cmake/rosidl_cmake-extras.cmake
[5.704s] -- Installing: /home/fishros/document/GitHub/Learning-ROS2-with-Fishbot/chapt4/chapt4_ws/install/chapt4_interfaces/share/chapt4_interfaces/cmake/ament_cmake_export_dependencies-extras.cmake
[5.704s] -- Installing: /home/fishros/document/GitHub/Learning-ROS2-with-Fishbot/chapt4/chapt4_ws/install/chapt4_interfaces/share/chapt4_interfaces/cmake/ament_cmake_export_include_directories-extras.cmake
[5.704s] -- Installing: /home/fishros/document/GitHub/Learning-ROS2-with-Fishbot/chapt4/chapt4_ws/install/chapt4_interfaces/share/chapt4_interfaces/cmake/ament_cmake_export_libraries-extras.cmake
[5.704s] -- Installing: /home/fishros/document/GitHub/Learning-ROS2-with-Fishbot/chapt4/chapt4_ws/install/chapt4_interfaces/share/chapt4_interfaces/cmake/ament_cmake_export_targets-extras.cmake
[5.705s] -- Installing: /home/fishros/document/GitHub/Learning-ROS2-with-Fishbot/chapt4/chapt4_ws/install/chapt4_interfaces/share/chapt4_interfaces/cmake/rosidl_cmake_export_typesupport_targets-extras.cmake
[5.705s] -- Installing: /home/fishros/document/GitHub/Learning-ROS2-with-Fishbot/chapt4/chapt4_ws/install/chapt4_interfaces/share/chapt4_interfaces/cmake/rosidl_cmake_export_typesupport_libraries-extras.cmake
[5.705s] -- Installing: /home/fishros/document/GitHub/Learning-ROS2-with-Fishbot/chapt4/chapt4_ws/install/chapt4_interfaces/share/chapt4_interfaces/cmake/chapt4_interfacesConfig.cmake
[5.705s] -- Installing: /home/fishros/document/GitHub/Learning-ROS2-with-Fishbot/chapt4/chapt4_ws/install/chapt4_interfaces/share/chapt4_interfaces/cmake/chapt4_interfacesConfig-version.cmake
[5.705s] -- Installing: /home/fishros/document/GitHub/Learning-ROS2-with-Fishbot/chapt4/chapt4_ws/install/chapt4_interfaces/share/chapt4_interfaces/package.xml
[5.709s] Invoked command in '/home/fishros/document/GitHub/Learning-ROS2-with-Fishbot/chapt4/chapt4_ws/build/chapt4_interfaces' returned '0': CMAKE_PREFIX_PATH=/opt/ros/humble /usr/bin/cmake --install /home/fishros/document/GitHub/Learning-ROS2-with-Fishbot/chapt4/chapt4_ws/build/chapt4_interfaces
