[0.103s] DEBUG:colcon:Command line arguments: ['/usr/bin/colcon', 'build']
[0.103s] DEBUG:colcon:Parsed command line arguments: Namespace(log_base=None, log_level=None, verb_name='build', build_base='build', install_base='install', merge_install=False, symlink_install=False, test_result_base=None, continue_on_error=False, executor='parallel', parallel_workers=8, event_handlers=None, ignore_user_meta=False, metas=['./colcon.meta'], base_paths=['.'], packages_ignore=None, packages_ignore_regex=None, paths=None, packages_up_to=None, packages_up_to_regex=None, packages_above=None, packages_above_and_dependencies=None, packages_above_depth=None, packages_select_by_dep=None, packages_skip_by_dep=None, packages_skip_up_to=None, packages_select_build_failed=False, packages_skip_build_finished=False, packages_select_test_failures=False, packages_skip_test_passed=False, packages_select=None, packages_skip=None, packages_select_regex=None, packages_skip_regex=None, packages_start=None, packages_end=None, allow_overriding=[], cmake_args=None, cmake_target=None, cmake_target_skip_unavailable=False, cmake_clean_cache=False, cmake_clean_first=False, cmake_force_configure=False, ament_cmake_args=None, catkin_cmake_args=None, catkin_skip_building_tests=False, verb_parser=<colcon_defaults.argument_parser.defaults.DefaultArgumentsDecorator object at 0x7e5d14c707c0>, verb_extension=<colcon_core.verb.build.BuildVerb object at 0x7e5d14d6e260>, main=<bound method BuildVerb.main of <colcon_core.verb.build.BuildVerb object at 0x7e5d14d6e260>>)
[0.158s] Level 1:colcon.colcon_core.package_discovery:discover_packages(colcon_meta) check parameters
[0.158s] Level 1:colcon.colcon_core.package_discovery:discover_packages(recursive) check parameters
[0.158s] Level 1:colcon.colcon_core.package_discovery:discover_packages(ignore) check parameters
[0.158s] Level 1:colcon.colcon_core.package_discovery:discover_packages(path) check parameters
[0.158s] Level 1:colcon.colcon_core.package_discovery:discover_packages(colcon_meta) discover
[0.159s] Level 1:colcon.colcon_core.package_discovery:discover_packages(recursive) discover
[0.159s] INFO:colcon.colcon_core.package_discovery:Crawling recursively for packages in '/home/fishros/文档/GitHub/Learning-ROS2-with-Fishbot/chapt2/chapt2_ws'
[0.159s] Level 1:colcon.colcon_core.package_identification:_identify(.) by extensions ['ignore', 'ignore_ament_install']
[0.159s] Level 1:colcon.colcon_core.package_identification:_identify(.) by extension 'ignore'
[0.159s] Level 1:colcon.colcon_core.package_identification:_identify(.) by extension 'ignore_ament_install'
[0.159s] Level 1:colcon.colcon_core.package_identification:_identify(.) by extensions ['colcon_pkg']
[0.159s] Level 1:colcon.colcon_core.package_identification:_identify(.) by extension 'colcon_pkg'
[0.160s] Level 1:colcon.colcon_core.package_identification:_identify(.) by extensions ['colcon_meta']
[0.160s] Level 1:colcon.colcon_core.package_identification:_identify(.) by extension 'colcon_meta'
[0.160s] Level 1:colcon.colcon_core.package_identification:_identify(.) by extensions ['ros']
[0.160s] Level 1:colcon.colcon_core.package_identification:_identify(.) by extension 'ros'
[0.180s] Level 1:colcon.colcon_core.package_identification:_identify(.) by extensions ['cmake', 'python']
[0.180s] Level 1:colcon.colcon_core.package_identification:_identify(.) by extension 'cmake'
[0.180s] Level 1:colcon.colcon_core.package_identification:_identify(.) by extension 'python'
[0.180s] Level 1:colcon.colcon_core.package_identification:_identify(.) by extensions ['python_setup_py']
[0.180s] Level 1:colcon.colcon_core.package_identification:_identify(.) by extension 'python_setup_py'
[0.180s] Level 1:colcon.colcon_core.package_identification:_identify(build) by extensions ['ignore', 'ignore_ament_install']
[0.181s] Level 1:colcon.colcon_core.package_identification:_identify(build) by extension 'ignore'
[0.181s] Level 1:colcon.colcon_core.package_identification:_identify(build) ignored
[0.181s] Level 1:colcon.colcon_core.package_identification:_identify(install) by extensions ['ignore', 'ignore_ament_install']
[0.181s] Level 1:colcon.colcon_core.package_identification:_identify(install) by extension 'ignore'
[0.181s] Level 1:colcon.colcon_core.package_identification:_identify(install) ignored
[0.181s] Level 1:colcon.colcon_core.package_identification:_identify(log) by extensions ['ignore', 'ignore_ament_install']
[0.181s] Level 1:colcon.colcon_core.package_identification:_identify(log) by extension 'ignore'
[0.181s] Level 1:colcon.colcon_core.package_identification:_identify(log) ignored
[0.181s] Level 1:colcon.colcon_core.package_identification:_identify(src) by extensions ['ignore', 'ignore_ament_install']
[0.181s] Level 1:colcon.colcon_core.package_identification:_identify(src) by extension 'ignore'
[0.181s] Level 1:colcon.colcon_core.package_identification:_identify(src) by extension 'ignore_ament_install'
[0.181s] Level 1:colcon.colcon_core.package_identification:_identify(src) by extensions ['colcon_pkg']
[0.181s] Level 1:colcon.colcon_core.package_identification:_identify(src) by extension 'colcon_pkg'
[0.181s] Level 1:colcon.colcon_core.package_identification:_identify(src) by extensions ['colcon_meta']
[0.181s] Level 1:colcon.colcon_core.package_identification:_identify(src) by extension 'colcon_meta'
[0.181s] Level 1:colcon.colcon_core.package_identification:_identify(src) by extensions ['ros']
[0.181s] Level 1:colcon.colcon_core.package_identification:_identify(src) by extension 'ros'
[0.182s] Level 1:colcon.colcon_core.package_identification:_identify(src) by extensions ['cmake', 'python']
[0.182s] Level 1:colcon.colcon_core.package_identification:_identify(src) by extension 'cmake'
[0.182s] Level 1:colcon.colcon_core.package_identification:_identify(src) by extension 'python'
[0.182s] Level 1:colcon.colcon_core.package_identification:_identify(src) by extensions ['python_setup_py']
[0.182s] Level 1:colcon.colcon_core.package_identification:_identify(src) by extension 'python_setup_py'
[0.182s] Level 1:colcon.colcon_core.package_identification:_identify(src/demo_cpp_pkg) by extensions ['ignore', 'ignore_ament_install']
[0.182s] Level 1:colcon.colcon_core.package_identification:_identify(src/demo_cpp_pkg) by extension 'ignore'
[0.182s] Level 1:colcon.colcon_core.package_identification:_identify(src/demo_cpp_pkg) by extension 'ignore_ament_install'
[0.182s] Level 1:colcon.colcon_core.package_identification:_identify(src/demo_cpp_pkg) by extensions ['colcon_pkg']
[0.182s] Level 1:colcon.colcon_core.package_identification:_identify(src/demo_cpp_pkg) by extension 'colcon_pkg'
[0.182s] Level 1:colcon.colcon_core.package_identification:_identify(src/demo_cpp_pkg) by extensions ['colcon_meta']
[0.182s] Level 1:colcon.colcon_core.package_identification:_identify(src/demo_cpp_pkg) by extension 'colcon_meta'
[0.182s] Level 1:colcon.colcon_core.package_identification:_identify(src/demo_cpp_pkg) by extensions ['ros']
[0.182s] Level 1:colcon.colcon_core.package_identification:_identify(src/demo_cpp_pkg) by extension 'ros'
[0.185s] DEBUG:colcon.colcon_core.package_identification:Package 'src/demo_cpp_pkg' with type 'ros.ament_cmake' and name 'demo_cpp_pkg'
[0.185s] Level 1:colcon.colcon_core.package_identification:_identify(src/demo_python_pkg) by extensions ['ignore', 'ignore_ament_install']
[0.185s] Level 1:colcon.colcon_core.package_identification:_identify(src/demo_python_pkg) by extension 'ignore'
[0.185s] Level 1:colcon.colcon_core.package_identification:_identify(src/demo_python_pkg) by extension 'ignore_ament_install'
[0.185s] Level 1:colcon.colcon_core.package_identification:_identify(src/demo_python_pkg) by extensions ['colcon_pkg']
[0.185s] Level 1:colcon.colcon_core.package_identification:_identify(src/demo_python_pkg) by extension 'colcon_pkg'
[0.185s] Level 1:colcon.colcon_core.package_identification:_identify(src/demo_python_pkg) by extensions ['colcon_meta']
[0.185s] Level 1:colcon.colcon_core.package_identification:_identify(src/demo_python_pkg) by extension 'colcon_meta'
[0.185s] Level 1:colcon.colcon_core.package_identification:_identify(src/demo_python_pkg) by extensions ['ros']
[0.185s] Level 1:colcon.colcon_core.package_identification:_identify(src/demo_python_pkg) by extension 'ros'
[0.186s] DEBUG:colcon.colcon_core.package_identification:Package 'src/demo_python_pkg' with type 'ros.ament_python' and name 'demo_python_pkg'
[0.186s] Level 1:colcon.colcon_core.package_discovery:discover_packages(recursive) using defaults
[0.186s] Level 1:colcon.colcon_core.package_discovery:discover_packages(ignore) discover
[0.186s] Level 1:colcon.colcon_core.package_discovery:discover_packages(ignore) using defaults
[0.186s] Level 1:colcon.colcon_core.package_discovery:discover_packages(path) discover
[0.186s] Level 1:colcon.colcon_core.package_discovery:discover_packages(path) using defaults
[0.204s] Level 1:colcon.colcon_core.package_discovery:discover_packages(prefix_path) check parameters
[0.205s] Level 1:colcon.colcon_core.package_discovery:discover_packages(prefix_path) discover
[0.206s] DEBUG:colcon.colcon_installed_package_information.package_discovery:Found 2 installed packages in /home/fishros/文档/GitHub/Learning-ROS2-with-Fishbot/chapt2/chapt2_ws/install
[0.208s] DEBUG:colcon.colcon_installed_package_information.package_discovery:Found 314 installed packages in /opt/ros/humble
[0.209s] Level 1:colcon.colcon_core.package_discovery:discover_packages(prefix_path) using defaults
[0.245s] Level 5:colcon.colcon_core.verb:set package 'demo_cpp_pkg' build argument 'cmake_args' from command line to 'None'
[0.245s] Level 5:colcon.colcon_core.verb:set package 'demo_cpp_pkg' build argument 'cmake_target' from command line to 'None'
[0.245s] Level 5:colcon.colcon_core.verb:set package 'demo_cpp_pkg' build argument 'cmake_target_skip_unavailable' from command line to 'False'
[0.245s] Level 5:colcon.colcon_core.verb:set package 'demo_cpp_pkg' build argument 'cmake_clean_cache' from command line to 'False'
[0.245s] Level 5:colcon.colcon_core.verb:set package 'demo_cpp_pkg' build argument 'cmake_clean_first' from command line to 'False'
[0.245s] Level 5:colcon.colcon_core.verb:set package 'demo_cpp_pkg' build argument 'cmake_force_configure' from command line to 'False'
[0.245s] Level 5:colcon.colcon_core.verb:set package 'demo_cpp_pkg' build argument 'ament_cmake_args' from command line to 'None'
[0.245s] Level 5:colcon.colcon_core.verb:set package 'demo_cpp_pkg' build argument 'catkin_cmake_args' from command line to 'None'
[0.245s] Level 5:colcon.colcon_core.verb:set package 'demo_cpp_pkg' build argument 'catkin_skip_building_tests' from command line to 'False'
[0.245s] DEBUG:colcon.colcon_core.verb:Building package 'demo_cpp_pkg' with the following arguments: {'ament_cmake_args': None, 'build_base': '/home/fishros/文档/GitHub/Learning-ROS2-with-Fishbot/chapt2/chapt2_ws/build/demo_cpp_pkg', 'catkin_cmake_args': None, 'catkin_skip_building_tests': False, 'cmake_args': None, 'cmake_clean_cache': False, 'cmake_clean_first': False, 'cmake_force_configure': False, 'cmake_target': None, 'cmake_target_skip_unavailable': False, 'install_base': '/home/fishros/文档/GitHub/Learning-ROS2-with-Fishbot/chapt2/chapt2_ws/install/demo_cpp_pkg', 'merge_install': False, 'path': '/home/fishros/文档/GitHub/Learning-ROS2-with-Fishbot/chapt2/chapt2_ws/src/demo_cpp_pkg', 'symlink_install': False, 'test_result_base': None}
[0.246s] Level 5:colcon.colcon_core.verb:set package 'demo_python_pkg' build argument 'cmake_args' from command line to 'None'
[0.246s] Level 5:colcon.colcon_core.verb:set package 'demo_python_pkg' build argument 'cmake_target' from command line to 'None'
[0.246s] Level 5:colcon.colcon_core.verb:set package 'demo_python_pkg' build argument 'cmake_target_skip_unavailable' from command line to 'False'
[0.246s] Level 5:colcon.colcon_core.verb:set package 'demo_python_pkg' build argument 'cmake_clean_cache' from command line to 'False'
[0.246s] Level 5:colcon.colcon_core.verb:set package 'demo_python_pkg' build argument 'cmake_clean_first' from command line to 'False'
[0.246s] Level 5:colcon.colcon_core.verb:set package 'demo_python_pkg' build argument 'cmake_force_configure' from command line to 'False'
[0.246s] Level 5:colcon.colcon_core.verb:set package 'demo_python_pkg' build argument 'ament_cmake_args' from command line to 'None'
[0.246s] Level 5:colcon.colcon_core.verb:set package 'demo_python_pkg' build argument 'catkin_cmake_args' from command line to 'None'
[0.246s] Level 5:colcon.colcon_core.verb:set package 'demo_python_pkg' build argument 'catkin_skip_building_tests' from command line to 'False'
[0.246s] DEBUG:colcon.colcon_core.verb:Building package 'demo_python_pkg' with the following arguments: {'ament_cmake_args': None, 'build_base': '/home/fishros/文档/GitHub/Learning-ROS2-with-Fishbot/chapt2/chapt2_ws/build/demo_python_pkg', 'catkin_cmake_args': None, 'catkin_skip_building_tests': False, 'cmake_args': None, 'cmake_clean_cache': False, 'cmake_clean_first': False, 'cmake_force_configure': False, 'cmake_target': None, 'cmake_target_skip_unavailable': False, 'install_base': '/home/fishros/文档/GitHub/Learning-ROS2-with-Fishbot/chapt2/chapt2_ws/install/demo_python_pkg', 'merge_install': False, 'path': '/home/fishros/文档/GitHub/Learning-ROS2-with-Fishbot/chapt2/chapt2_ws/src/demo_python_pkg', 'symlink_install': False, 'test_result_base': None}
[0.246s] INFO:colcon.colcon_core.executor:Executing jobs using 'parallel' executor
[0.247s] DEBUG:colcon.colcon_parallel_executor.executor.parallel:run_until_complete
[0.248s] INFO:colcon.colcon_ros.task.ament_cmake.build:Building ROS package in '/home/fishros/文档/GitHub/Learning-ROS2-with-Fishbot/chapt2/chapt2_ws/src/demo_cpp_pkg' with build type 'ament_cmake'
[0.248s] INFO:colcon.colcon_cmake.task.cmake.build:Building CMake package in '/home/fishros/文档/GitHub/Learning-ROS2-with-Fishbot/chapt2/chapt2_ws/src/demo_cpp_pkg'
[0.250s] INFO:colcon.colcon_core.plugin_system:Skipping extension 'colcon_core.shell.bat': Not used on non-Windows systems
[0.250s] INFO:colcon.colcon_core.shell:Skip shell extension 'powershell' for command environment: Not usable outside of PowerShell
[0.250s] DEBUG:colcon.colcon_core.shell:Skip shell extension 'dsv' for command environment
[0.265s] DEBUG:colcon.colcon_core.event_handler.log_command:Invoking command in '/home/fishros/文档/GitHub/Learning-ROS2-with-Fishbot/chapt2/chapt2_ws/build/demo_cpp_pkg': CMAKE_PREFIX_PATH=${CMAKE_PREFIX_PATH}:/home/fishros/文档/GitHub/Learning-ROS2-with-Fishbot/chapt2/chapt2_ws/install/demo_python_pkg:/opt/ros/humble /usr/bin/cmake --build /home/fishros/文档/GitHub/Learning-ROS2-with-Fishbot/chapt2/chapt2_ws/build/demo_cpp_pkg -- -j8 -l8
[0.357s] DEBUG:colcon.colcon_core.event_handler.log_command:Invoked command in '/home/fishros/文档/GitHub/Learning-ROS2-with-Fishbot/chapt2/chapt2_ws/build/demo_cpp_pkg' returned '0': CMAKE_PREFIX_PATH=${CMAKE_PREFIX_PATH}:/home/fishros/文档/GitHub/Learning-ROS2-with-Fishbot/chapt2/chapt2_ws/install/demo_python_pkg:/opt/ros/humble /usr/bin/cmake --build /home/fishros/文档/GitHub/Learning-ROS2-with-Fishbot/chapt2/chapt2_ws/build/demo_cpp_pkg -- -j8 -l8
[0.372s] DEBUG:colcon.colcon_core.event_handler.log_command:Invoking command in '/home/fishros/文档/GitHub/Learning-ROS2-with-Fishbot/chapt2/chapt2_ws/build/demo_cpp_pkg': CMAKE_PREFIX_PATH=${CMAKE_PREFIX_PATH}:/home/fishros/文档/GitHub/Learning-ROS2-with-Fishbot/chapt2/chapt2_ws/install/demo_python_pkg:/opt/ros/humble /usr/bin/cmake --install /home/fishros/文档/GitHub/Learning-ROS2-with-Fishbot/chapt2/chapt2_ws/build/demo_cpp_pkg
[0.386s] Level 1:colcon.colcon_core.environment:create_environment_scripts_only(demo_cpp_pkg)
[0.387s] DEBUG:colcon.colcon_core.event_handler.log_command:Invoked command in '/home/fishros/文档/GitHub/Learning-ROS2-with-Fishbot/chapt2/chapt2_ws/build/demo_cpp_pkg' returned '0': CMAKE_PREFIX_PATH=${CMAKE_PREFIX_PATH}:/home/fishros/文档/GitHub/Learning-ROS2-with-Fishbot/chapt2/chapt2_ws/install/demo_python_pkg:/opt/ros/humble /usr/bin/cmake --install /home/fishros/文档/GitHub/Learning-ROS2-with-Fishbot/chapt2/chapt2_ws/build/demo_cpp_pkg
[0.390s] Level 1:colcon.colcon_core.environment:checking '/home/fishros/文档/GitHub/Learning-ROS2-with-Fishbot/chapt2/chapt2_ws/install/demo_cpp_pkg' for CMake module files
[0.391s] Level 1:colcon.colcon_core.environment:checking '/home/fishros/文档/GitHub/Learning-ROS2-with-Fishbot/chapt2/chapt2_ws/install/demo_cpp_pkg' for CMake config files
[0.391s] Level 1:colcon.colcon_core.shell:create_environment_hook('demo_cpp_pkg', 'cmake_prefix_path')
[0.391s] INFO:colcon.colcon_core.shell:Creating environment hook '/home/fishros/文档/GitHub/Learning-ROS2-with-Fishbot/chapt2/chapt2_ws/install/demo_cpp_pkg/share/demo_cpp_pkg/hook/cmake_prefix_path.ps1'
[0.392s] INFO:colcon.colcon_core.shell:Creating environment descriptor '/home/fishros/文档/GitHub/Learning-ROS2-with-Fishbot/chapt2/chapt2_ws/install/demo_cpp_pkg/share/demo_cpp_pkg/hook/cmake_prefix_path.dsv'
[0.393s] INFO:colcon.colcon_core.shell:Creating environment hook '/home/fishros/文档/GitHub/Learning-ROS2-with-Fishbot/chapt2/chapt2_ws/install/demo_cpp_pkg/share/demo_cpp_pkg/hook/cmake_prefix_path.sh'
[0.394s] Level 1:colcon.colcon_core.environment:checking '/home/fishros/文档/GitHub/Learning-ROS2-with-Fishbot/chapt2/chapt2_ws/install/demo_cpp_pkg/lib'
[0.394s] Level 1:colcon.colcon_core.environment:checking '/home/fishros/文档/GitHub/Learning-ROS2-with-Fishbot/chapt2/chapt2_ws/install/demo_cpp_pkg/bin'
[0.394s] Level 1:colcon.colcon_core.environment:checking '/home/fishros/文档/GitHub/Learning-ROS2-with-Fishbot/chapt2/chapt2_ws/install/demo_cpp_pkg/lib/pkgconfig/demo_cpp_pkg.pc'
[0.394s] Level 1:colcon.colcon_core.environment:checking '/home/fishros/文档/GitHub/Learning-ROS2-with-Fishbot/chapt2/chapt2_ws/install/demo_cpp_pkg/lib/python3.10/site-packages'
[0.395s] Level 1:colcon.colcon_core.environment:checking '/home/fishros/文档/GitHub/Learning-ROS2-with-Fishbot/chapt2/chapt2_ws/install/demo_cpp_pkg/bin'
[0.395s] INFO:colcon.colcon_core.shell:Creating package script '/home/fishros/文档/GitHub/Learning-ROS2-with-Fishbot/chapt2/chapt2_ws/install/demo_cpp_pkg/share/demo_cpp_pkg/package.ps1'
[0.396s] INFO:colcon.colcon_core.shell:Creating package descriptor '/home/fishros/文档/GitHub/Learning-ROS2-with-Fishbot/chapt2/chapt2_ws/install/demo_cpp_pkg/share/demo_cpp_pkg/package.dsv'
[0.397s] INFO:colcon.colcon_core.shell:Creating package script '/home/fishros/文档/GitHub/Learning-ROS2-with-Fishbot/chapt2/chapt2_ws/install/demo_cpp_pkg/share/demo_cpp_pkg/package.sh'
[0.398s] INFO:colcon.colcon_core.shell:Creating package script '/home/fishros/文档/GitHub/Learning-ROS2-with-Fishbot/chapt2/chapt2_ws/install/demo_cpp_pkg/share/demo_cpp_pkg/package.bash'
[0.398s] INFO:colcon.colcon_core.shell:Creating package script '/home/fishros/文档/GitHub/Learning-ROS2-with-Fishbot/chapt2/chapt2_ws/install/demo_cpp_pkg/share/demo_cpp_pkg/package.zsh'
[0.399s] Level 1:colcon.colcon_core.environment:create_file_with_runtime_dependencies(/home/fishros/文档/GitHub/Learning-ROS2-with-Fishbot/chapt2/chapt2_ws/install/demo_cpp_pkg/share/colcon-core/packages/demo_cpp_pkg)
[0.400s] Level 1:colcon.colcon_core.environment:create_environment_scripts_only(demo_cpp_pkg)
[0.400s] Level 1:colcon.colcon_core.environment:checking '/home/fishros/文档/GitHub/Learning-ROS2-with-Fishbot/chapt2/chapt2_ws/install/demo_cpp_pkg' for CMake module files
[0.400s] Level 1:colcon.colcon_core.environment:checking '/home/fishros/文档/GitHub/Learning-ROS2-with-Fishbot/chapt2/chapt2_ws/install/demo_cpp_pkg' for CMake config files
[0.401s] Level 1:colcon.colcon_core.shell:create_environment_hook('demo_cpp_pkg', 'cmake_prefix_path')
[0.401s] INFO:colcon.colcon_core.shell:Creating environment hook '/home/fishros/文档/GitHub/Learning-ROS2-with-Fishbot/chapt2/chapt2_ws/install/demo_cpp_pkg/share/demo_cpp_pkg/hook/cmake_prefix_path.ps1'
[0.401s] INFO:colcon.colcon_core.shell:Creating environment descriptor '/home/fishros/文档/GitHub/Learning-ROS2-with-Fishbot/chapt2/chapt2_ws/install/demo_cpp_pkg/share/demo_cpp_pkg/hook/cmake_prefix_path.dsv'
[0.401s] INFO:colcon.colcon_core.shell:Creating environment hook '/home/fishros/文档/GitHub/Learning-ROS2-with-Fishbot/chapt2/chapt2_ws/install/demo_cpp_pkg/share/demo_cpp_pkg/hook/cmake_prefix_path.sh'
[0.402s] Level 1:colcon.colcon_core.environment:checking '/home/fishros/文档/GitHub/Learning-ROS2-with-Fishbot/chapt2/chapt2_ws/install/demo_cpp_pkg/lib'
[0.402s] Level 1:colcon.colcon_core.environment:checking '/home/fishros/文档/GitHub/Learning-ROS2-with-Fishbot/chapt2/chapt2_ws/install/demo_cpp_pkg/bin'
[0.402s] Level 1:colcon.colcon_core.environment:checking '/home/fishros/文档/GitHub/Learning-ROS2-with-Fishbot/chapt2/chapt2_ws/install/demo_cpp_pkg/lib/pkgconfig/demo_cpp_pkg.pc'
[0.402s] Level 1:colcon.colcon_core.environment:checking '/home/fishros/文档/GitHub/Learning-ROS2-with-Fishbot/chapt2/chapt2_ws/install/demo_cpp_pkg/lib/python3.10/site-packages'
[0.402s] Level 1:colcon.colcon_core.environment:checking '/home/fishros/文档/GitHub/Learning-ROS2-with-Fishbot/chapt2/chapt2_ws/install/demo_cpp_pkg/bin'
[0.403s] INFO:colcon.colcon_core.shell:Creating package script '/home/fishros/文档/GitHub/Learning-ROS2-with-Fishbot/chapt2/chapt2_ws/install/demo_cpp_pkg/share/demo_cpp_pkg/package.ps1'
[0.403s] INFO:colcon.colcon_core.shell:Creating package descriptor '/home/fishros/文档/GitHub/Learning-ROS2-with-Fishbot/chapt2/chapt2_ws/install/demo_cpp_pkg/share/demo_cpp_pkg/package.dsv'
[0.404s] INFO:colcon.colcon_core.shell:Creating package script '/home/fishros/文档/GitHub/Learning-ROS2-with-Fishbot/chapt2/chapt2_ws/install/demo_cpp_pkg/share/demo_cpp_pkg/package.sh'
[0.404s] INFO:colcon.colcon_core.shell:Creating package script '/home/fishros/文档/GitHub/Learning-ROS2-with-Fishbot/chapt2/chapt2_ws/install/demo_cpp_pkg/share/demo_cpp_pkg/package.bash'
[0.405s] INFO:colcon.colcon_core.shell:Creating package script '/home/fishros/文档/GitHub/Learning-ROS2-with-Fishbot/chapt2/chapt2_ws/install/demo_cpp_pkg/share/demo_cpp_pkg/package.zsh'
[0.405s] Level 1:colcon.colcon_core.environment:create_file_with_runtime_dependencies(/home/fishros/文档/GitHub/Learning-ROS2-with-Fishbot/chapt2/chapt2_ws/install/demo_cpp_pkg/share/colcon-core/packages/demo_cpp_pkg)
[0.405s] INFO:colcon.colcon_ros.task.ament_python.build:Building ROS package in '/home/fishros/文档/GitHub/Learning-ROS2-with-Fishbot/chapt2/chapt2_ws/src/demo_python_pkg' with build type 'ament_python'
[0.406s] Level 1:colcon.colcon_core.shell:create_environment_hook('demo_python_pkg', 'ament_prefix_path')
[0.406s] INFO:colcon.colcon_core.shell:Creating environment hook '/home/fishros/文档/GitHub/Learning-ROS2-with-Fishbot/chapt2/chapt2_ws/install/demo_python_pkg/share/demo_python_pkg/hook/ament_prefix_path.ps1'
[0.407s] INFO:colcon.colcon_core.shell:Creating environment descriptor '/home/fishros/文档/GitHub/Learning-ROS2-with-Fishbot/chapt2/chapt2_ws/install/demo_python_pkg/share/demo_python_pkg/hook/ament_prefix_path.dsv'
[0.407s] INFO:colcon.colcon_core.shell:Creating environment hook '/home/fishros/文档/GitHub/Learning-ROS2-with-Fishbot/chapt2/chapt2_ws/install/demo_python_pkg/share/demo_python_pkg/hook/ament_prefix_path.sh'
[0.408s] INFO:colcon.colcon_core.shell:Skip shell extension 'powershell' for command environment: Not usable outside of PowerShell
[0.408s] DEBUG:colcon.colcon_core.shell:Skip shell extension 'dsv' for command environment
[0.648s] INFO:colcon.colcon_core.task.python.build:Building Python package in '/home/fishros/文档/GitHub/Learning-ROS2-with-Fishbot/chapt2/chapt2_ws/src/demo_python_pkg'
[0.649s] INFO:colcon.colcon_core.shell:Skip shell extension 'powershell' for command environment: Not usable outside of PowerShell
[0.649s] DEBUG:colcon.colcon_core.shell:Skip shell extension 'dsv' for command environment
[1.124s] DEBUG:colcon.colcon_core.event_handler.log_command:Invoking command in '/home/fishros/文档/GitHub/Learning-ROS2-with-Fishbot/chapt2/chapt2_ws/src/demo_python_pkg': PYTHONPATH=/home/fishros/文档/GitHub/Learning-ROS2-with-Fishbot/chapt2/chapt2_ws/build/demo_python_pkg/prefix_override:/usr/lib/python3/dist-packages/colcon_core/task/python/colcon_distutils_commands:/home/fishros/文档/GitHub/Learning-ROS2-with-Fishbot/chapt2/chapt2_ws/install/demo_python_pkg/lib/python3.10/site-packages:${PYTHONPATH} /usr/bin/python3 -W ignore:setup.py install is deprecated -W ignore:easy_install command is deprecated setup.py egg_info --egg-base ../../build/demo_python_pkg build --build-base /home/fishros/文档/GitHub/Learning-ROS2-with-Fishbot/chapt2/chapt2_ws/build/demo_python_pkg/build install --record /home/fishros/文档/GitHub/Learning-ROS2-with-Fishbot/chapt2/chapt2_ws/build/demo_python_pkg/install.log --single-version-externally-managed install_data
[1.558s] Level 1:colcon.colcon_core.environment:checking '/home/fishros/文档/GitHub/Learning-ROS2-with-Fishbot/chapt2/chapt2_ws/install/demo_python_pkg' for CMake module files
[1.559s] DEBUG:colcon.colcon_core.event_handler.log_command:Invoked command in '/home/fishros/文档/GitHub/Learning-ROS2-with-Fishbot/chapt2/chapt2_ws/src/demo_python_pkg' returned '0': PYTHONPATH=/home/fishros/文档/GitHub/Learning-ROS2-with-Fishbot/chapt2/chapt2_ws/build/demo_python_pkg/prefix_override:/usr/lib/python3/dist-packages/colcon_core/task/python/colcon_distutils_commands:/home/fishros/文档/GitHub/Learning-ROS2-with-Fishbot/chapt2/chapt2_ws/install/demo_python_pkg/lib/python3.10/site-packages:${PYTHONPATH} /usr/bin/python3 -W ignore:setup.py install is deprecated -W ignore:easy_install command is deprecated setup.py egg_info --egg-base ../../build/demo_python_pkg build --build-base /home/fishros/文档/GitHub/Learning-ROS2-with-Fishbot/chapt2/chapt2_ws/build/demo_python_pkg/build install --record /home/fishros/文档/GitHub/Learning-ROS2-with-Fishbot/chapt2/chapt2_ws/build/demo_python_pkg/install.log --single-version-externally-managed install_data
[1.559s] Level 1:colcon.colcon_core.environment:checking '/home/fishros/文档/GitHub/Learning-ROS2-with-Fishbot/chapt2/chapt2_ws/install/demo_python_pkg' for CMake config files
[1.560s] Level 1:colcon.colcon_core.environment:checking '/home/fishros/文档/GitHub/Learning-ROS2-with-Fishbot/chapt2/chapt2_ws/install/demo_python_pkg/lib'
[1.560s] Level 1:colcon.colcon_core.environment:checking '/home/fishros/文档/GitHub/Learning-ROS2-with-Fishbot/chapt2/chapt2_ws/install/demo_python_pkg/bin'
[1.560s] Level 1:colcon.colcon_core.environment:checking '/home/fishros/文档/GitHub/Learning-ROS2-with-Fishbot/chapt2/chapt2_ws/install/demo_python_pkg/lib/pkgconfig/demo_python_pkg.pc'
[1.561s] Level 1:colcon.colcon_core.environment:checking '/home/fishros/文档/GitHub/Learning-ROS2-with-Fishbot/chapt2/chapt2_ws/install/demo_python_pkg/lib/python3.10/site-packages'
[1.561s] Level 1:colcon.colcon_core.shell:create_environment_hook('demo_python_pkg', 'pythonpath')
[1.561s] INFO:colcon.colcon_core.shell:Creating environment hook '/home/fishros/文档/GitHub/Learning-ROS2-with-Fishbot/chapt2/chapt2_ws/install/demo_python_pkg/share/demo_python_pkg/hook/pythonpath.ps1'
[1.562s] INFO:colcon.colcon_core.shell:Creating environment descriptor '/home/fishros/文档/GitHub/Learning-ROS2-with-Fishbot/chapt2/chapt2_ws/install/demo_python_pkg/share/demo_python_pkg/hook/pythonpath.dsv'
[1.563s] INFO:colcon.colcon_core.shell:Creating environment hook '/home/fishros/文档/GitHub/Learning-ROS2-with-Fishbot/chapt2/chapt2_ws/install/demo_python_pkg/share/demo_python_pkg/hook/pythonpath.sh'
[1.563s] Level 1:colcon.colcon_core.environment:checking '/home/fishros/文档/GitHub/Learning-ROS2-with-Fishbot/chapt2/chapt2_ws/install/demo_python_pkg/bin'
[1.563s] Level 1:colcon.colcon_core.environment:create_environment_scripts_only(demo_python_pkg)
[1.564s] INFO:colcon.colcon_core.shell:Creating package script '/home/fishros/文档/GitHub/Learning-ROS2-with-Fishbot/chapt2/chapt2_ws/install/demo_python_pkg/share/demo_python_pkg/package.ps1'
[1.564s] INFO:colcon.colcon_core.shell:Creating package descriptor '/home/fishros/文档/GitHub/Learning-ROS2-with-Fishbot/chapt2/chapt2_ws/install/demo_python_pkg/share/demo_python_pkg/package.dsv'
[1.565s] INFO:colcon.colcon_core.shell:Creating package script '/home/fishros/文档/GitHub/Learning-ROS2-with-Fishbot/chapt2/chapt2_ws/install/demo_python_pkg/share/demo_python_pkg/package.sh'
[1.565s] INFO:colcon.colcon_core.shell:Creating package script '/home/fishros/文档/GitHub/Learning-ROS2-with-Fishbot/chapt2/chapt2_ws/install/demo_python_pkg/share/demo_python_pkg/package.bash'
[1.566s] INFO:colcon.colcon_core.shell:Creating package script '/home/fishros/文档/GitHub/Learning-ROS2-with-Fishbot/chapt2/chapt2_ws/install/demo_python_pkg/share/demo_python_pkg/package.zsh'
[1.566s] Level 1:colcon.colcon_core.environment:create_file_with_runtime_dependencies(/home/fishros/文档/GitHub/Learning-ROS2-with-Fishbot/chapt2/chapt2_ws/install/demo_python_pkg/share/colcon-core/packages/demo_python_pkg)
[1.566s] DEBUG:colcon.colcon_parallel_executor.executor.parallel:closing loop
[1.566s] DEBUG:colcon.colcon_parallel_executor.executor.parallel:loop closed
[1.566s] DEBUG:colcon.colcon_parallel_executor.executor.parallel:run_until_complete finished with '0'
[1.567s] DEBUG:colcon.colcon_core.event_reactor:joining thread
[1.574s] INFO:colcon.colcon_core.plugin_system:Skipping extension 'colcon_notification.desktop_notification.terminal_notifier': Not used on non-Darwin systems
[1.575s] INFO:colcon.colcon_core.plugin_system:Skipping extension 'colcon_notification.desktop_notification.win32': Not used on non-Windows systems
[1.575s] INFO:colcon.colcon_notification.desktop_notification:Sending desktop notification using 'notify2'
[1.589s] DEBUG:colcon.colcon_core.event_reactor:joined thread
[1.589s] INFO:colcon.colcon_core.shell:Creating prefix script '/home/fishros/文档/GitHub/Learning-ROS2-with-Fishbot/chapt2/chapt2_ws/install/local_setup.ps1'
[1.591s] INFO:colcon.colcon_core.shell:Creating prefix util module '/home/fishros/文档/GitHub/Learning-ROS2-with-Fishbot/chapt2/chapt2_ws/install/_local_setup_util_ps1.py'
[1.592s] INFO:colcon.colcon_core.shell:Creating prefix chain script '/home/fishros/文档/GitHub/Learning-ROS2-with-Fishbot/chapt2/chapt2_ws/install/setup.ps1'
[1.594s] INFO:colcon.colcon_core.shell:Creating prefix script '/home/fishros/文档/GitHub/Learning-ROS2-with-Fishbot/chapt2/chapt2_ws/install/local_setup.sh'
[1.595s] INFO:colcon.colcon_core.shell:Creating prefix util module '/home/fishros/文档/GitHub/Learning-ROS2-with-Fishbot/chapt2/chapt2_ws/install/_local_setup_util_sh.py'
[1.595s] INFO:colcon.colcon_core.shell:Creating prefix chain script '/home/fishros/文档/GitHub/Learning-ROS2-with-Fishbot/chapt2/chapt2_ws/install/setup.sh'
[1.597s] INFO:colcon.colcon_core.shell:Creating prefix script '/home/fishros/文档/GitHub/Learning-ROS2-with-Fishbot/chapt2/chapt2_ws/install/local_setup.bash'
[1.597s] INFO:colcon.colcon_core.shell:Creating prefix chain script '/home/fishros/文档/GitHub/Learning-ROS2-with-Fishbot/chapt2/chapt2_ws/install/setup.bash'
[1.598s] INFO:colcon.colcon_core.shell:Creating prefix script '/home/fishros/文档/GitHub/Learning-ROS2-with-Fishbot/chapt2/chapt2_ws/install/local_setup.zsh'
[1.599s] INFO:colcon.colcon_core.shell:Creating prefix chain script '/home/fishros/文档/GitHub/Learning-ROS2-with-Fishbot/chapt2/chapt2_ws/install/setup.zsh'
