[0.692s] Invoking command in '/home/fishros/文档/GitHub/Learning-ROS2-with-Fishbot/chapt2/chapt2_ws/src/demo_python_pkg': PYTHONPATH=/home/fishros/文档/GitHub/Learning-ROS2-with-Fishbot/chapt2/chapt2_ws/build/demo_python_pkg/prefix_override:/usr/lib/python3/dist-packages/colcon_core/task/python/colcon_distutils_commands:/home/fishros/文档/GitHub/Learning-ROS2-with-Fishbot/chapt2/chapt2_ws/install/demo_python_pkg/lib/python3.10/site-packages:${PYTHONPATH} /usr/bin/python3 -W ignore:setup.py install is deprecated -W ignore:easy_install command is deprecated setup.py egg_info --egg-base ../../build/demo_python_pkg build --build-base /home/fishros/文档/GitHub/Learning-ROS2-with-Fishbot/chapt2/chapt2_ws/build/demo_python_pkg/build install --record /home/fishros/文档/GitHub/Learning-ROS2-with-Fishbot/chapt2/chapt2_ws/build/demo_python_pkg/install.log --single-version-externally-managed install_data
[0.834s] /home/fishros/.local/lib/python3.10/site-packages/setuptools/_distutils/dist.py:270: UserWarning: Unknown distribution option: 'tests_require'
[0.835s]   warnings.warn(msg)
[0.907s] running egg_info
[0.917s] writing ../../build/demo_python_pkg/demo_python_pkg.egg-info/PKG-INFO
[0.918s] writing dependency_links to ../../build/demo_python_pkg/demo_python_pkg.egg-info/dependency_links.txt
[0.918s] writing entry points to ../../build/demo_python_pkg/demo_python_pkg.egg-info/entry_points.txt
[0.918s] writing requirements to ../../build/demo_python_pkg/demo_python_pkg.egg-info/requires.txt
[0.918s] writing top-level names to ../../build/demo_python_pkg/demo_python_pkg.egg-info/top_level.txt
[0.943s] reading manifest file '../../build/demo_python_pkg/demo_python_pkg.egg-info/SOURCES.txt'
[0.943s] adding license file 'LICENSE'
[0.944s] writing manifest file '../../build/demo_python_pkg/demo_python_pkg.egg-info/SOURCES.txt'
[0.944s] running build
[0.945s] running build_py
[0.945s] copying demo_python_pkg/person_node.py -> /home/fishros/文档/GitHub/Learning-ROS2-with-Fishbot/chapt2/chapt2_ws/build/demo_python_pkg/build/lib/demo_python_pkg
[0.945s] copying demo_python_pkg/__init__.py -> /home/fishros/文档/GitHub/Learning-ROS2-with-Fishbot/chapt2/chapt2_ws/build/demo_python_pkg/build/lib/demo_python_pkg
[0.945s] copying demo_python_pkg/python_node.py -> /home/fishros/文档/GitHub/Learning-ROS2-with-Fishbot/chapt2/chapt2_ws/build/demo_python_pkg/build/lib/demo_python_pkg
[0.945s] copying demo_python_pkg/writer_node.py -> /home/fishros/文档/GitHub/Learning-ROS2-with-Fishbot/chapt2/chapt2_ws/build/demo_python_pkg/build/lib/demo_python_pkg
[0.946s] running install
[0.950s] running install_lib
[0.966s] copying /home/fishros/文档/GitHub/Learning-ROS2-with-Fishbot/chapt2/chapt2_ws/build/demo_python_pkg/build/lib/demo_python_pkg/writer_node.py -> /home/fishros/文档/GitHub/Learning-ROS2-with-Fishbot/chapt2/chapt2_ws/install/demo_python_pkg/lib/python3.10/site-packages/demo_python_pkg
[0.967s] byte-compiling /home/fishros/文档/GitHub/Learning-ROS2-with-Fishbot/chapt2/chapt2_ws/install/demo_python_pkg/lib/python3.10/site-packages/demo_python_pkg/writer_node.py to writer_node.cpython-310.pyc
[0.967s] running install_data
[0.968s] copying resource/demo_python_pkg -> /home/fishros/文档/GitHub/Learning-ROS2-with-Fishbot/chapt2/chapt2_ws/install/demo_python_pkg/share/ament_index/resource_index/packages
[0.968s] copying package.xml -> /home/fishros/文档/GitHub/Learning-ROS2-with-Fishbot/chapt2/chapt2_ws/install/demo_python_pkg/share/demo_python_pkg
[0.968s] running install_egg_info
[0.984s] removing '/home/fishros/文档/GitHub/Learning-ROS2-with-Fishbot/chapt2/chapt2_ws/install/demo_python_pkg/lib/python3.10/site-packages/demo_python_pkg-0.0.0-py3.10.egg-info' (and everything under it)
[0.984s] Copying ../../build/demo_python_pkg/demo_python_pkg.egg-info to /home/fishros/文档/GitHub/Learning-ROS2-with-Fishbot/chapt2/chapt2_ws/install/demo_python_pkg/lib/python3.10/site-packages/demo_python_pkg-0.0.0-py3.10.egg-info
[0.985s] running install_scripts
[1.084s] Installing person_node script to /home/fishros/文档/GitHub/Learning-ROS2-with-Fishbot/chapt2/chapt2_ws/install/demo_python_pkg/lib/demo_python_pkg
[1.084s] Installing python_node script to /home/fishros/文档/GitHub/Learning-ROS2-with-Fishbot/chapt2/chapt2_ws/install/demo_python_pkg/lib/demo_python_pkg
[1.084s] Installing writer_node script to /home/fishros/文档/GitHub/Learning-ROS2-with-Fishbot/chapt2/chapt2_ws/install/demo_python_pkg/lib/demo_python_pkg
[1.088s] writing list of installed files to '/home/fishros/文档/GitHub/Learning-ROS2-with-Fishbot/chapt2/chapt2_ws/build/demo_python_pkg/install.log'
[1.126s] Invoked command in '/home/fishros/文档/GitHub/Learning-ROS2-with-Fishbot/chapt2/chapt2_ws/src/demo_python_pkg' returned '0': PYTHONPATH=/home/fishros/文档/GitHub/Learning-ROS2-with-Fishbot/chapt2/chapt2_ws/build/demo_python_pkg/prefix_override:/usr/lib/python3/dist-packages/colcon_core/task/python/colcon_distutils_commands:/home/fishros/文档/GitHub/Learning-ROS2-with-Fishbot/chapt2/chapt2_ws/install/demo_python_pkg/lib/python3.10/site-packages:${PYTHONPATH} /usr/bin/python3 -W ignore:setup.py install is deprecated -W ignore:easy_install command is deprecated setup.py egg_info --egg-base ../../build/demo_python_pkg build --build-base /home/fishros/文档/GitHub/Learning-ROS2-with-Fishbot/chapt2/chapt2_ws/build/demo_python_pkg/build install --record /home/fishros/文档/GitHub/Learning-ROS2-with-Fishbot/chapt2/chapt2_ws/build/demo_python_pkg/install.log --single-version-externally-managed install_data
