[0.013s] Invoking command in '/home/fishros/chapt2/chapt2_ws/build/demo_cpp_pkg': CMAKE_PREFIX_PATH=/opt/ros/humble /usr/bin/cmake --build /home/fishros/chapt2/chapt2_ws/build/demo_cpp_pkg -- -j8 -l8
[0.071s] [35m[1mConsolidate compiler generated dependencies of target cpp_node[0m
[0.094s] [100%] Built target cpp_node
[0.109s] Invoked command in '/home/fishros/chapt2/chapt2_ws/build/demo_cpp_pkg' returned '0': CMAKE_PREFIX_PATH=/opt/ros/humble /usr/bin/cmake --build /home/fishros/chapt2/chapt2_ws/build/demo_cpp_pkg -- -j8 -l8
[0.125s] Invoking command in '/home/fishros/chapt2/chapt2_ws/build/demo_cpp_pkg': CMAKE_PREFIX_PATH=/opt/ros/humble /usr/bin/cmake --install /home/fishros/chapt2/chapt2_ws/build/demo_cpp_pkg
[0.134s] -- Install configuration: ""
[0.134s] -- Up-to-date: /home/fishros/chapt2/chapt2_ws/install/demo_cpp_pkg/lib/demo_cpp_pkg/cpp_node
[0.134s] -- Up-to-date: /home/fishros/chapt2/chapt2_ws/install/demo_cpp_pkg/share/ament_index/resource_index/package_run_dependencies/demo_cpp_pkg
[0.134s] -- Up-to-date: /home/fishros/chapt2/chapt2_ws/install/demo_cpp_pkg/share/ament_index/resource_index/parent_prefix_path/demo_cpp_pkg
[0.135s] -- Up-to-date: /home/fishros/chapt2/chapt2_ws/install/demo_cpp_pkg/share/demo_cpp_pkg/environment/ament_prefix_path.sh
[0.135s] -- Up-to-date: /home/fishros/chapt2/chapt2_ws/install/demo_cpp_pkg/share/demo_cpp_pkg/environment/ament_prefix_path.dsv
[0.135s] -- Up-to-date: /home/fishros/chapt2/chapt2_ws/install/demo_cpp_pkg/share/demo_cpp_pkg/environment/path.sh
[0.135s] -- Up-to-date: /home/fishros/chapt2/chapt2_ws/install/demo_cpp_pkg/share/demo_cpp_pkg/environment/path.dsv
[0.135s] -- Up-to-date: /home/fishros/chapt2/chapt2_ws/install/demo_cpp_pkg/share/demo_cpp_pkg/local_setup.bash
[0.136s] -- Up-to-date: /home/fishros/chapt2/chapt2_ws/install/demo_cpp_pkg/share/demo_cpp_pkg/local_setup.sh
[0.136s] -- Up-to-date: /home/fishros/chapt2/chapt2_ws/install/demo_cpp_pkg/share/demo_cpp_pkg/local_setup.zsh
[0.136s] -- Up-to-date: /home/fishros/chapt2/chapt2_ws/install/demo_cpp_pkg/share/demo_cpp_pkg/local_setup.dsv
[0.136s] -- Installing: /home/fishros/chapt2/chapt2_ws/install/demo_cpp_pkg/share/demo_cpp_pkg/package.dsv
[0.136s] -- Up-to-date: /home/fishros/chapt2/chapt2_ws/install/demo_cpp_pkg/share/ament_index/resource_index/packages/demo_cpp_pkg
[0.136s] -- Up-to-date: /home/fishros/chapt2/chapt2_ws/install/demo_cpp_pkg/share/demo_cpp_pkg/cmake/demo_cpp_pkgConfig.cmake
[0.136s] -- Up-to-date: /home/fishros/chapt2/chapt2_ws/install/demo_cpp_pkg/share/demo_cpp_pkg/cmake/demo_cpp_pkgConfig-version.cmake
[0.136s] -- Up-to-date: /home/fishros/chapt2/chapt2_ws/install/demo_cpp_pkg/share/demo_cpp_pkg/package.xml
[0.139s] Invoked command in '/home/fishros/chapt2/chapt2_ws/build/demo_cpp_pkg' returned '0': CMAKE_PREFIX_PATH=/opt/ros/humble /usr/bin/cmake --install /home/fishros/chapt2/chapt2_ws/build/demo_cpp_pkg
