[0.151s] DEBUG:colcon:Command line arguments: ['/usr/bin/colcon', 'build', '--packages-select', 'demo_cpp_topic']
[0.152s] DEBUG:colcon:Parsed command line arguments: Namespace(log_base=None, log_level=None, verb_name='build', build_base='build', install_base='install', merge_install=False, symlink_install=False, test_result_base=None, continue_on_error=False, executor='parallel', parallel_workers=8, event_handlers=None, ignore_user_meta=False, metas=['./colcon.meta'], base_paths=['.'], packages_ignore=None, packages_ignore_regex=None, paths=None, packages_up_to=None, packages_up_to_regex=None, packages_above=None, packages_above_and_dependencies=None, packages_above_depth=None, packages_select_by_dep=None, packages_skip_by_dep=None, packages_skip_up_to=None, packages_select_build_failed=False, packages_skip_build_finished=False, packages_select_test_failures=False, packages_skip_test_passed=False, packages_select=['demo_cpp_topic'], packages_skip=None, packages_select_regex=None, packages_skip_regex=None, packages_start=None, packages_end=None, allow_overriding=[], cmake_args=None, cmake_target=None, cmake_target_skip_unavailable=False, cmake_clean_cache=False, cmake_clean_first=False, cmake_force_configure=False, ament_cmake_args=None, catkin_cmake_args=None, catkin_skip_building_tests=False, verb_parser=<colcon_defaults.argument_parser.defaults.DefaultArgumentsDecorator object at 0x74e5aa338640>, verb_extension=<colcon_core.verb.build.BuildVerb object at 0x74e5aa2efac0>, main=<bound method BuildVerb.main of <colcon_core.verb.build.BuildVerb object at 0x74e5aa2efac0>>)
[0.204s] Level 1:colcon.colcon_core.package_discovery:discover_packages(colcon_meta) check parameters
[0.204s] Level 1:colcon.colcon_core.package_discovery:discover_packages(recursive) check parameters
[0.204s] Level 1:colcon.colcon_core.package_discovery:discover_packages(ignore) check parameters
[0.204s] Level 1:colcon.colcon_core.package_discovery:discover_packages(path) check parameters
[0.204s] Level 1:colcon.colcon_core.package_discovery:discover_packages(colcon_meta) discover
[0.204s] Level 1:colcon.colcon_core.package_discovery:discover_packages(recursive) discover
[0.204s] INFO:colcon.colcon_core.package_discovery:Crawling recursively for packages in '/home/fishros/文档/GitHub/Learning-ROS2-with-Fishbot/chapt3/topic_ws'
[0.204s] Level 1:colcon.colcon_core.package_identification:_identify(.) by extensions ['ignore', 'ignore_ament_install']
[0.204s] Level 1:colcon.colcon_core.package_identification:_identify(.) by extension 'ignore'
[0.204s] Level 1:colcon.colcon_core.package_identification:_identify(.) by extension 'ignore_ament_install'
[0.205s] Level 1:colcon.colcon_core.package_identification:_identify(.) by extensions ['colcon_pkg']
[0.205s] Level 1:colcon.colcon_core.package_identification:_identify(.) by extension 'colcon_pkg'
[0.205s] Level 1:colcon.colcon_core.package_identification:_identify(.) by extensions ['colcon_meta']
[0.205s] Level 1:colcon.colcon_core.package_identification:_identify(.) by extension 'colcon_meta'
[0.205s] Level 1:colcon.colcon_core.package_identification:_identify(.) by extensions ['ros']
[0.205s] Level 1:colcon.colcon_core.package_identification:_identify(.) by extension 'ros'
[0.227s] Level 1:colcon.colcon_core.package_identification:_identify(.) by extensions ['cmake', 'python']
[0.227s] Level 1:colcon.colcon_core.package_identification:_identify(.) by extension 'cmake'
[0.227s] Level 1:colcon.colcon_core.package_identification:_identify(.) by extension 'python'
[0.227s] Level 1:colcon.colcon_core.package_identification:_identify(.) by extensions ['python_setup_py']
[0.227s] Level 1:colcon.colcon_core.package_identification:_identify(.) by extension 'python_setup_py'
[0.227s] Level 1:colcon.colcon_core.package_identification:_identify(build) by extensions ['ignore', 'ignore_ament_install']
[0.227s] Level 1:colcon.colcon_core.package_identification:_identify(build) by extension 'ignore'
[0.227s] Level 1:colcon.colcon_core.package_identification:_identify(build) ignored
[0.227s] Level 1:colcon.colcon_core.package_identification:_identify(install) by extensions ['ignore', 'ignore_ament_install']
[0.227s] Level 1:colcon.colcon_core.package_identification:_identify(install) by extension 'ignore'
[0.228s] Level 1:colcon.colcon_core.package_identification:_identify(install) ignored
[0.228s] Level 1:colcon.colcon_core.package_identification:_identify(log) by extensions ['ignore', 'ignore_ament_install']
[0.228s] Level 1:colcon.colcon_core.package_identification:_identify(log) by extension 'ignore'
[0.228s] Level 1:colcon.colcon_core.package_identification:_identify(log) ignored
[0.228s] Level 1:colcon.colcon_core.package_identification:_identify(src) by extensions ['ignore', 'ignore_ament_install']
[0.228s] Level 1:colcon.colcon_core.package_identification:_identify(src) by extension 'ignore'
[0.228s] Level 1:colcon.colcon_core.package_identification:_identify(src) by extension 'ignore_ament_install'
[0.228s] Level 1:colcon.colcon_core.package_identification:_identify(src) by extensions ['colcon_pkg']
[0.228s] Level 1:colcon.colcon_core.package_identification:_identify(src) by extension 'colcon_pkg'
[0.228s] Level 1:colcon.colcon_core.package_identification:_identify(src) by extensions ['colcon_meta']
[0.228s] Level 1:colcon.colcon_core.package_identification:_identify(src) by extension 'colcon_meta'
[0.228s] Level 1:colcon.colcon_core.package_identification:_identify(src) by extensions ['ros']
[0.228s] Level 1:colcon.colcon_core.package_identification:_identify(src) by extension 'ros'
[0.229s] Level 1:colcon.colcon_core.package_identification:_identify(src) by extensions ['cmake', 'python']
[0.229s] Level 1:colcon.colcon_core.package_identification:_identify(src) by extension 'cmake'
[0.229s] Level 1:colcon.colcon_core.package_identification:_identify(src) by extension 'python'
[0.229s] Level 1:colcon.colcon_core.package_identification:_identify(src) by extensions ['python_setup_py']
[0.229s] Level 1:colcon.colcon_core.package_identification:_identify(src) by extension 'python_setup_py'
[0.229s] Level 1:colcon.colcon_core.package_identification:_identify(src/demo_cpp_topic) by extensions ['ignore', 'ignore_ament_install']
[0.229s] Level 1:colcon.colcon_core.package_identification:_identify(src/demo_cpp_topic) by extension 'ignore'
[0.229s] Level 1:colcon.colcon_core.package_identification:_identify(src/demo_cpp_topic) by extension 'ignore_ament_install'
[0.229s] Level 1:colcon.colcon_core.package_identification:_identify(src/demo_cpp_topic) by extensions ['colcon_pkg']
[0.229s] Level 1:colcon.colcon_core.package_identification:_identify(src/demo_cpp_topic) by extension 'colcon_pkg'
[0.229s] Level 1:colcon.colcon_core.package_identification:_identify(src/demo_cpp_topic) by extensions ['colcon_meta']
[0.229s] Level 1:colcon.colcon_core.package_identification:_identify(src/demo_cpp_topic) by extension 'colcon_meta'
[0.229s] Level 1:colcon.colcon_core.package_identification:_identify(src/demo_cpp_topic) by extensions ['ros']
[0.229s] Level 1:colcon.colcon_core.package_identification:_identify(src/demo_cpp_topic) by extension 'ros'
[0.233s] DEBUG:colcon.colcon_core.package_identification:Package 'src/demo_cpp_topic' with type 'ros.ament_cmake' and name 'demo_cpp_topic'
[0.233s] Level 1:colcon.colcon_core.package_identification:_identify(src/demo_python_topic) by extensions ['ignore', 'ignore_ament_install']
[0.233s] Level 1:colcon.colcon_core.package_identification:_identify(src/demo_python_topic) by extension 'ignore'
[0.233s] Level 1:colcon.colcon_core.package_identification:_identify(src/demo_python_topic) by extension 'ignore_ament_install'
[0.233s] Level 1:colcon.colcon_core.package_identification:_identify(src/demo_python_topic) by extensions ['colcon_pkg']
[0.233s] Level 1:colcon.colcon_core.package_identification:_identify(src/demo_python_topic) by extension 'colcon_pkg'
[0.233s] Level 1:colcon.colcon_core.package_identification:_identify(src/demo_python_topic) by extensions ['colcon_meta']
[0.233s] Level 1:colcon.colcon_core.package_identification:_identify(src/demo_python_topic) by extension 'colcon_meta'
[0.234s] Level 1:colcon.colcon_core.package_identification:_identify(src/demo_python_topic) by extensions ['ros']
[0.234s] Level 1:colcon.colcon_core.package_identification:_identify(src/demo_python_topic) by extension 'ros'
[0.235s] DEBUG:colcon.colcon_core.package_identification:Package 'src/demo_python_topic' with type 'ros.ament_python' and name 'demo_python_topic'
[0.235s] Level 1:colcon.colcon_core.package_discovery:discover_packages(recursive) using defaults
[0.235s] Level 1:colcon.colcon_core.package_discovery:discover_packages(ignore) discover
[0.235s] Level 1:colcon.colcon_core.package_discovery:discover_packages(ignore) using defaults
[0.235s] Level 1:colcon.colcon_core.package_discovery:discover_packages(path) discover
[0.236s] Level 1:colcon.colcon_core.package_discovery:discover_packages(path) using defaults
[0.264s] INFO:colcon.colcon_core.package_selection:Skipping not selected package 'demo_python_topic' in 'src/demo_python_topic'
[0.265s] Level 1:colcon.colcon_core.package_discovery:discover_packages(prefix_path) check parameters
[0.265s] Level 1:colcon.colcon_core.package_discovery:discover_packages(prefix_path) discover
[0.269s] DEBUG:colcon.colcon_installed_package_information.package_discovery:Found 314 installed packages in /opt/ros/humble
[0.272s] Level 1:colcon.colcon_core.package_discovery:discover_packages(prefix_path) using defaults
[0.345s] Level 5:colcon.colcon_core.verb:set package 'demo_cpp_topic' build argument 'cmake_args' from command line to 'None'
[0.346s] Level 5:colcon.colcon_core.verb:set package 'demo_cpp_topic' build argument 'cmake_target' from command line to 'None'
[0.346s] Level 5:colcon.colcon_core.verb:set package 'demo_cpp_topic' build argument 'cmake_target_skip_unavailable' from command line to 'False'
[0.346s] Level 5:colcon.colcon_core.verb:set package 'demo_cpp_topic' build argument 'cmake_clean_cache' from command line to 'False'
[0.346s] Level 5:colcon.colcon_core.verb:set package 'demo_cpp_topic' build argument 'cmake_clean_first' from command line to 'False'
[0.346s] Level 5:colcon.colcon_core.verb:set package 'demo_cpp_topic' build argument 'cmake_force_configure' from command line to 'False'
[0.346s] Level 5:colcon.colcon_core.verb:set package 'demo_cpp_topic' build argument 'ament_cmake_args' from command line to 'None'
[0.346s] Level 5:colcon.colcon_core.verb:set package 'demo_cpp_topic' build argument 'catkin_cmake_args' from command line to 'None'
[0.346s] Level 5:colcon.colcon_core.verb:set package 'demo_cpp_topic' build argument 'catkin_skip_building_tests' from command line to 'False'
[0.346s] DEBUG:colcon.colcon_core.verb:Building package 'demo_cpp_topic' with the following arguments: {'ament_cmake_args': None, 'build_base': '/home/fishros/文档/GitHub/Learning-ROS2-with-Fishbot/chapt3/topic_ws/build/demo_cpp_topic', 'catkin_cmake_args': None, 'catkin_skip_building_tests': False, 'cmake_args': None, 'cmake_clean_cache': False, 'cmake_clean_first': False, 'cmake_force_configure': False, 'cmake_target': None, 'cmake_target_skip_unavailable': False, 'install_base': '/home/fishros/文档/GitHub/Learning-ROS2-with-Fishbot/chapt3/topic_ws/install/demo_cpp_topic', 'merge_install': False, 'path': '/home/fishros/文档/GitHub/Learning-ROS2-with-Fishbot/chapt3/topic_ws/src/demo_cpp_topic', 'symlink_install': False, 'test_result_base': None}
[0.347s] INFO:colcon.colcon_core.executor:Executing jobs using 'parallel' executor
[0.350s] DEBUG:colcon.colcon_parallel_executor.executor.parallel:run_until_complete
[0.351s] INFO:colcon.colcon_ros.task.ament_cmake.build:Building ROS package in '/home/fishros/文档/GitHub/Learning-ROS2-with-Fishbot/chapt3/topic_ws/src/demo_cpp_topic' with build type 'ament_cmake'
[0.351s] INFO:colcon.colcon_cmake.task.cmake.build:Building CMake package in '/home/fishros/文档/GitHub/Learning-ROS2-with-Fishbot/chapt3/topic_ws/src/demo_cpp_topic'
[0.355s] INFO:colcon.colcon_core.plugin_system:Skipping extension 'colcon_core.shell.bat': Not used on non-Windows systems
[0.356s] INFO:colcon.colcon_core.shell:Skip shell extension 'powershell' for command environment: Not usable outside of PowerShell
[0.356s] DEBUG:colcon.colcon_core.shell:Skip shell extension 'dsv' for command environment
[0.371s] DEBUG:colcon.colcon_core.event_handler.log_command:Invoking command in '/home/fishros/文档/GitHub/Learning-ROS2-with-Fishbot/chapt3/topic_ws/build/demo_cpp_topic': CMAKE_PREFIX_PATH=/opt/ros/humble /usr/bin/cmake /home/fishros/文档/GitHub/Learning-ROS2-with-Fishbot/chapt3/topic_ws/src/demo_cpp_topic -DCMAKE_INSTALL_PREFIX=/home/fishros/文档/GitHub/Learning-ROS2-with-Fishbot/chapt3/topic_ws/install/demo_cpp_topic
[1.284s] DEBUG:colcon.colcon_core.event_handler.log_command:Invoked command in '/home/fishros/文档/GitHub/Learning-ROS2-with-Fishbot/chapt3/topic_ws/build/demo_cpp_topic' returned '0': CMAKE_PREFIX_PATH=/opt/ros/humble /usr/bin/cmake /home/fishros/文档/GitHub/Learning-ROS2-with-Fishbot/chapt3/topic_ws/src/demo_cpp_topic -DCMAKE_INSTALL_PREFIX=/home/fishros/文档/GitHub/Learning-ROS2-with-Fishbot/chapt3/topic_ws/install/demo_cpp_topic
[1.288s] DEBUG:colcon.colcon_core.event_handler.log_command:Invoking command in '/home/fishros/文档/GitHub/Learning-ROS2-with-Fishbot/chapt3/topic_ws/build/demo_cpp_topic': CMAKE_PREFIX_PATH=/opt/ros/humble /usr/bin/cmake --build /home/fishros/文档/GitHub/Learning-ROS2-with-Fishbot/chapt3/topic_ws/build/demo_cpp_topic -- -j8 -l8
[7.973s] DEBUG:colcon.colcon_core.event_handler.log_command:Invoked command in '/home/fishros/文档/GitHub/Learning-ROS2-with-Fishbot/chapt3/topic_ws/build/demo_cpp_topic' returned '0': CMAKE_PREFIX_PATH=/opt/ros/humble /usr/bin/cmake --build /home/fishros/文档/GitHub/Learning-ROS2-with-Fishbot/chapt3/topic_ws/build/demo_cpp_topic -- -j8 -l8
[7.991s] DEBUG:colcon.colcon_core.event_handler.log_command:Invoking command in '/home/fishros/文档/GitHub/Learning-ROS2-with-Fishbot/chapt3/topic_ws/build/demo_cpp_topic': CMAKE_PREFIX_PATH=/opt/ros/humble /usr/bin/cmake --install /home/fishros/文档/GitHub/Learning-ROS2-with-Fishbot/chapt3/topic_ws/build/demo_cpp_topic
[8.017s] Level 1:colcon.colcon_core.environment:create_environment_scripts_only(demo_cpp_topic)
[8.018s] DEBUG:colcon.colcon_core.event_handler.log_command:Invoked command in '/home/fishros/文档/GitHub/Learning-ROS2-with-Fishbot/chapt3/topic_ws/build/demo_cpp_topic' returned '0': CMAKE_PREFIX_PATH=/opt/ros/humble /usr/bin/cmake --install /home/fishros/文档/GitHub/Learning-ROS2-with-Fishbot/chapt3/topic_ws/build/demo_cpp_topic
[8.021s] Level 1:colcon.colcon_core.environment:checking '/home/fishros/文档/GitHub/Learning-ROS2-with-Fishbot/chapt3/topic_ws/install/demo_cpp_topic' for CMake module files
[8.021s] Level 1:colcon.colcon_core.environment:checking '/home/fishros/文档/GitHub/Learning-ROS2-with-Fishbot/chapt3/topic_ws/install/demo_cpp_topic' for CMake config files
[8.022s] Level 1:colcon.colcon_core.shell:create_environment_hook('demo_cpp_topic', 'cmake_prefix_path')
[8.022s] INFO:colcon.colcon_core.shell:Creating environment hook '/home/fishros/文档/GitHub/Learning-ROS2-with-Fishbot/chapt3/topic_ws/install/demo_cpp_topic/share/demo_cpp_topic/hook/cmake_prefix_path.ps1'
[8.023s] INFO:colcon.colcon_core.shell:Creating environment descriptor '/home/fishros/文档/GitHub/Learning-ROS2-with-Fishbot/chapt3/topic_ws/install/demo_cpp_topic/share/demo_cpp_topic/hook/cmake_prefix_path.dsv'
[8.023s] INFO:colcon.colcon_core.shell:Creating environment hook '/home/fishros/文档/GitHub/Learning-ROS2-with-Fishbot/chapt3/topic_ws/install/demo_cpp_topic/share/demo_cpp_topic/hook/cmake_prefix_path.sh'
[8.025s] Level 1:colcon.colcon_core.environment:checking '/home/fishros/文档/GitHub/Learning-ROS2-with-Fishbot/chapt3/topic_ws/install/demo_cpp_topic/lib'
[8.025s] Level 1:colcon.colcon_core.environment:checking '/home/fishros/文档/GitHub/Learning-ROS2-with-Fishbot/chapt3/topic_ws/install/demo_cpp_topic/bin'
[8.026s] Level 1:colcon.colcon_core.environment:checking '/home/fishros/文档/GitHub/Learning-ROS2-with-Fishbot/chapt3/topic_ws/install/demo_cpp_topic/lib/pkgconfig/demo_cpp_topic.pc'
[8.026s] Level 1:colcon.colcon_core.environment:checking '/home/fishros/文档/GitHub/Learning-ROS2-with-Fishbot/chapt3/topic_ws/install/demo_cpp_topic/lib/python3.10/site-packages'
[8.026s] Level 1:colcon.colcon_core.environment:checking '/home/fishros/文档/GitHub/Learning-ROS2-with-Fishbot/chapt3/topic_ws/install/demo_cpp_topic/bin'
[8.027s] INFO:colcon.colcon_core.shell:Creating package script '/home/fishros/文档/GitHub/Learning-ROS2-with-Fishbot/chapt3/topic_ws/install/demo_cpp_topic/share/demo_cpp_topic/package.ps1'
[8.028s] INFO:colcon.colcon_core.shell:Creating package descriptor '/home/fishros/文档/GitHub/Learning-ROS2-with-Fishbot/chapt3/topic_ws/install/demo_cpp_topic/share/demo_cpp_topic/package.dsv'
[8.029s] INFO:colcon.colcon_core.shell:Creating package script '/home/fishros/文档/GitHub/Learning-ROS2-with-Fishbot/chapt3/topic_ws/install/demo_cpp_topic/share/demo_cpp_topic/package.sh'
[8.030s] INFO:colcon.colcon_core.shell:Creating package script '/home/fishros/文档/GitHub/Learning-ROS2-with-Fishbot/chapt3/topic_ws/install/demo_cpp_topic/share/demo_cpp_topic/package.bash'
[8.031s] INFO:colcon.colcon_core.shell:Creating package script '/home/fishros/文档/GitHub/Learning-ROS2-with-Fishbot/chapt3/topic_ws/install/demo_cpp_topic/share/demo_cpp_topic/package.zsh'
[8.033s] Level 1:colcon.colcon_core.environment:create_file_with_runtime_dependencies(/home/fishros/文档/GitHub/Learning-ROS2-with-Fishbot/chapt3/topic_ws/install/demo_cpp_topic/share/colcon-core/packages/demo_cpp_topic)
[8.034s] Level 1:colcon.colcon_core.environment:create_environment_scripts_only(demo_cpp_topic)
[8.035s] Level 1:colcon.colcon_core.environment:checking '/home/fishros/文档/GitHub/Learning-ROS2-with-Fishbot/chapt3/topic_ws/install/demo_cpp_topic' for CMake module files
[8.035s] Level 1:colcon.colcon_core.environment:checking '/home/fishros/文档/GitHub/Learning-ROS2-with-Fishbot/chapt3/topic_ws/install/demo_cpp_topic' for CMake config files
[8.036s] Level 1:colcon.colcon_core.shell:create_environment_hook('demo_cpp_topic', 'cmake_prefix_path')
[8.036s] INFO:colcon.colcon_core.shell:Creating environment hook '/home/fishros/文档/GitHub/Learning-ROS2-with-Fishbot/chapt3/topic_ws/install/demo_cpp_topic/share/demo_cpp_topic/hook/cmake_prefix_path.ps1'
[8.037s] INFO:colcon.colcon_core.shell:Creating environment descriptor '/home/fishros/文档/GitHub/Learning-ROS2-with-Fishbot/chapt3/topic_ws/install/demo_cpp_topic/share/demo_cpp_topic/hook/cmake_prefix_path.dsv'
[8.038s] INFO:colcon.colcon_core.shell:Creating environment hook '/home/fishros/文档/GitHub/Learning-ROS2-with-Fishbot/chapt3/topic_ws/install/demo_cpp_topic/share/demo_cpp_topic/hook/cmake_prefix_path.sh'
[8.039s] Level 1:colcon.colcon_core.environment:checking '/home/fishros/文档/GitHub/Learning-ROS2-with-Fishbot/chapt3/topic_ws/install/demo_cpp_topic/lib'
[8.039s] Level 1:colcon.colcon_core.environment:checking '/home/fishros/文档/GitHub/Learning-ROS2-with-Fishbot/chapt3/topic_ws/install/demo_cpp_topic/bin'
[8.039s] Level 1:colcon.colcon_core.environment:checking '/home/fishros/文档/GitHub/Learning-ROS2-with-Fishbot/chapt3/topic_ws/install/demo_cpp_topic/lib/pkgconfig/demo_cpp_topic.pc'
[8.040s] Level 1:colcon.colcon_core.environment:checking '/home/fishros/文档/GitHub/Learning-ROS2-with-Fishbot/chapt3/topic_ws/install/demo_cpp_topic/lib/python3.10/site-packages'
[8.040s] Level 1:colcon.colcon_core.environment:checking '/home/fishros/文档/GitHub/Learning-ROS2-with-Fishbot/chapt3/topic_ws/install/demo_cpp_topic/bin'
[8.041s] INFO:colcon.colcon_core.shell:Creating package script '/home/fishros/文档/GitHub/Learning-ROS2-with-Fishbot/chapt3/topic_ws/install/demo_cpp_topic/share/demo_cpp_topic/package.ps1'
[8.041s] INFO:colcon.colcon_core.shell:Creating package descriptor '/home/fishros/文档/GitHub/Learning-ROS2-with-Fishbot/chapt3/topic_ws/install/demo_cpp_topic/share/demo_cpp_topic/package.dsv'
[8.042s] INFO:colcon.colcon_core.shell:Creating package script '/home/fishros/文档/GitHub/Learning-ROS2-with-Fishbot/chapt3/topic_ws/install/demo_cpp_topic/share/demo_cpp_topic/package.sh'
[8.043s] INFO:colcon.colcon_core.shell:Creating package script '/home/fishros/文档/GitHub/Learning-ROS2-with-Fishbot/chapt3/topic_ws/install/demo_cpp_topic/share/demo_cpp_topic/package.bash'
[8.044s] INFO:colcon.colcon_core.shell:Creating package script '/home/fishros/文档/GitHub/Learning-ROS2-with-Fishbot/chapt3/topic_ws/install/demo_cpp_topic/share/demo_cpp_topic/package.zsh'
[8.044s] Level 1:colcon.colcon_core.environment:create_file_with_runtime_dependencies(/home/fishros/文档/GitHub/Learning-ROS2-with-Fishbot/chapt3/topic_ws/install/demo_cpp_topic/share/colcon-core/packages/demo_cpp_topic)
[8.045s] DEBUG:colcon.colcon_parallel_executor.executor.parallel:closing loop
[8.045s] DEBUG:colcon.colcon_parallel_executor.executor.parallel:loop closed
[8.045s] DEBUG:colcon.colcon_parallel_executor.executor.parallel:run_until_complete finished with '0'
[8.045s] DEBUG:colcon.colcon_core.event_reactor:joining thread
[8.056s] INFO:colcon.colcon_core.plugin_system:Skipping extension 'colcon_notification.desktop_notification.terminal_notifier': Not used on non-Darwin systems
[8.056s] INFO:colcon.colcon_core.plugin_system:Skipping extension 'colcon_notification.desktop_notification.win32': Not used on non-Windows systems
[8.056s] INFO:colcon.colcon_notification.desktop_notification:Sending desktop notification using 'notify2'
[8.072s] DEBUG:colcon.colcon_core.event_reactor:joined thread
[8.073s] INFO:colcon.colcon_core.shell:Creating prefix script '/home/fishros/文档/GitHub/Learning-ROS2-with-Fishbot/chapt3/topic_ws/install/local_setup.ps1'
[8.074s] INFO:colcon.colcon_core.shell:Creating prefix util module '/home/fishros/文档/GitHub/Learning-ROS2-with-Fishbot/chapt3/topic_ws/install/_local_setup_util_ps1.py'
[8.077s] INFO:colcon.colcon_core.shell:Creating prefix chain script '/home/fishros/文档/GitHub/Learning-ROS2-with-Fishbot/chapt3/topic_ws/install/setup.ps1'
[8.079s] INFO:colcon.colcon_core.shell:Creating prefix script '/home/fishros/文档/GitHub/Learning-ROS2-with-Fishbot/chapt3/topic_ws/install/local_setup.sh'
[8.080s] INFO:colcon.colcon_core.shell:Creating prefix util module '/home/fishros/文档/GitHub/Learning-ROS2-with-Fishbot/chapt3/topic_ws/install/_local_setup_util_sh.py'
[8.081s] INFO:colcon.colcon_core.shell:Creating prefix chain script '/home/fishros/文档/GitHub/Learning-ROS2-with-Fishbot/chapt3/topic_ws/install/setup.sh'
[8.085s] INFO:colcon.colcon_core.shell:Creating prefix script '/home/fishros/文档/GitHub/Learning-ROS2-with-Fishbot/chapt3/topic_ws/install/local_setup.bash'
[8.086s] INFO:colcon.colcon_core.shell:Creating prefix chain script '/home/fishros/文档/GitHub/Learning-ROS2-with-Fishbot/chapt3/topic_ws/install/setup.bash'
[8.089s] INFO:colcon.colcon_core.shell:Creating prefix script '/home/fishros/文档/GitHub/Learning-ROS2-with-Fishbot/chapt3/topic_ws/install/local_setup.zsh'
[8.090s] INFO:colcon.colcon_core.shell:Creating prefix chain script '/home/fishros/文档/GitHub/Learning-ROS2-with-Fishbot/chapt3/topic_ws/install/setup.zsh'
