[0.018s] Invoking command in '/home/fishros/document/GitHub/Learning-ROS2-with-Fishbot/chapt4/chapt4_ws/build/chapt4_interfaces': CMAKE_PREFIX_PATH=/opt/ros/humble /usr/bin/cmake --build /home/fishros/document/GitHub/Learning-ROS2-with-Fishbot/chapt4/chapt4_ws/build/chapt4_interfaces -- -j8 -l8
[0.085s] [35m[1mConsolidate compiler generated dependencies of target chapt4_interfaces__rosidl_generator_c[0m
[0.097s] [  3%] Built target chapt4_interfaces__cpp
[0.099s] [ 12%] Built target chapt4_interfaces__rosidl_generator_c
[0.111s] [ 12%] Built target ament_cmake_python_copy_chapt4_interfaces
[0.115s] [35m[1mConsolidate compiler generated dependencies of target chapt4_interfaces__rosidl_typesupport_cpp[0m
[0.115s] [35m[1mConsolidate compiler generated dependencies of target chapt4_interfaces__rosidl_typesupport_fastrtps_cpp[0m
[0.115s] [35m[1mConsolidate compiler generated dependencies of target chapt4_interfaces__rosidl_typesupport_c[0m
[0.116s] [35m[1mConsolidate compiler generated dependencies of target chapt4_interfaces__rosidl_typesupport_fastrtps_c[0m
[0.119s] [35m[1mConsolidate compiler generated dependencies of target chapt4_interfaces__rosidl_typesupport_introspection_cpp[0m
[0.126s] [35m[1mConsolidate compiler generated dependencies of target chapt4_interfaces__rosidl_typesupport_introspection_c[0m
[0.134s] [ 22%] Built target chapt4_interfaces__rosidl_typesupport_cpp
[0.136s] [ 32%] Built target chapt4_interfaces__rosidl_typesupport_c
[0.137s] [ 41%] Built target chapt4_interfaces__rosidl_typesupport_fastrtps_cpp
[0.138s] [ 51%] Built target chapt4_interfaces__rosidl_typesupport_fastrtps_c
[0.148s] [ 61%] Built target chapt4_interfaces__rosidl_typesupport_introspection_cpp
[0.148s] [ 70%] Built target chapt4_interfaces__rosidl_typesupport_introspection_c
[0.180s] [ 70%] Built target chapt4_interfaces
[0.208s] [ 74%] Built target chapt4_interfaces__py
[0.222s] [35m[1mConsolidate compiler generated dependencies of target chapt4_interfaces__rosidl_generator_py[0m
[0.242s] [ 80%] Built target chapt4_interfaces__rosidl_generator_py
[0.260s] [35m[1mConsolidate compiler generated dependencies of target chapt4_interfaces__rosidl_typesupport_fastrtps_c__pyext[0m
[0.260s] [35m[1mConsolidate compiler generated dependencies of target chapt4_interfaces__rosidl_typesupport_c__pyext[0m
[0.260s] [35m[1mConsolidate compiler generated dependencies of target chapt4_interfaces__rosidl_typesupport_introspection_c__pyext[0m
[0.277s] [100%] Built target chapt4_interfaces__rosidl_typesupport_c__pyext
[0.277s] [100%] Built target chapt4_interfaces__rosidl_typesupport_introspection_c__pyext
[0.277s] [100%] Built target chapt4_interfaces__rosidl_typesupport_fastrtps_c__pyext
[0.430s] running egg_info
[0.452s] writing chapt4_interfaces.egg-info/PKG-INFO
[0.453s] writing dependency_links to chapt4_interfaces.egg-info/dependency_links.txt
[0.453s] writing top-level names to chapt4_interfaces.egg-info/top_level.txt
[0.521s] reading manifest file 'chapt4_interfaces.egg-info/SOURCES.txt'
[0.523s] writing manifest file 'chapt4_interfaces.egg-info/SOURCES.txt'
[0.572s] [100%] Built target ament_cmake_python_build_chapt4_interfaces_egg
[0.590s] Invoked command in '/home/fishros/document/GitHub/Learning-ROS2-with-Fishbot/chapt4/chapt4_ws/build/chapt4_interfaces' returned '0': CMAKE_PREFIX_PATH=/opt/ros/humble /usr/bin/cmake --build /home/fishros/document/GitHub/Learning-ROS2-with-Fishbot/chapt4/chapt4_ws/build/chapt4_interfaces -- -j8 -l8
[0.607s] Invoking command in '/home/fishros/document/GitHub/Learning-ROS2-with-Fishbot/chapt4/chapt4_ws/build/chapt4_interfaces': CMAKE_PREFIX_PATH=/opt/ros/humble /usr/bin/cmake --install /home/fishros/document/GitHub/Learning-ROS2-with-Fishbot/chapt4/chapt4_ws/build/chapt4_interfaces
[0.618s] -- Install configuration: ""
[0.619s] -- Up-to-date: /home/fishros/document/GitHub/Learning-ROS2-with-Fishbot/chapt4/chapt4_ws/install/chapt4_interfaces/share/ament_index/resource_index/rosidl_interfaces/chapt4_interfaces
[0.619s] -- Up-to-date: /home/fishros/document/GitHub/Learning-ROS2-with-Fishbot/chapt4/chapt4_ws/install/chapt4_interfaces/include/chapt4_interfaces/chapt4_interfaces
[0.619s] -- Up-to-date: /home/fishros/document/GitHub/Learning-ROS2-with-Fishbot/chapt4/chapt4_ws/install/chapt4_interfaces/include/chapt4_interfaces/chapt4_interfaces/srv
[0.619s] -- Up-to-date: /home/fishros/document/GitHub/Learning-ROS2-with-Fishbot/chapt4/chapt4_ws/install/chapt4_interfaces/include/chapt4_interfaces/chapt4_interfaces/srv/face_detector.h
[0.619s] -- Up-to-date: /home/fishros/document/GitHub/Learning-ROS2-with-Fishbot/chapt4/chapt4_ws/install/chapt4_interfaces/include/chapt4_interfaces/chapt4_interfaces/srv/detail
[0.619s] -- Up-to-date: /home/fishros/document/GitHub/Learning-ROS2-with-Fishbot/chapt4/chapt4_ws/install/chapt4_interfaces/include/chapt4_interfaces/chapt4_interfaces/srv/detail/face_detector__functions.h
[0.619s] -- Up-to-date: /home/fishros/document/GitHub/Learning-ROS2-with-Fishbot/chapt4/chapt4_ws/install/chapt4_interfaces/include/chapt4_interfaces/chapt4_interfaces/srv/detail/face_detector__struct.h
[0.619s] -- Up-to-date: /home/fishros/document/GitHub/Learning-ROS2-with-Fishbot/chapt4/chapt4_ws/install/chapt4_interfaces/include/chapt4_interfaces/chapt4_interfaces/srv/detail/face_detector__functions.c
[0.620s] -- Up-to-date: /home/fishros/document/GitHub/Learning-ROS2-with-Fishbot/chapt4/chapt4_ws/install/chapt4_interfaces/include/chapt4_interfaces/chapt4_interfaces/srv/detail/face_detector__type_support.h
[0.620s] -- Up-to-date: /home/fishros/document/GitHub/Learning-ROS2-with-Fishbot/chapt4/chapt4_ws/install/chapt4_interfaces/include/chapt4_interfaces/chapt4_interfaces/msg
[0.620s] -- Up-to-date: /home/fishros/document/GitHub/Learning-ROS2-with-Fishbot/chapt4/chapt4_ws/install/chapt4_interfaces/include/chapt4_interfaces/chapt4_interfaces/msg/rosidl_generator_c__visibility_control.h
[0.620s] -- Up-to-date: /home/fishros/document/GitHub/Learning-ROS2-with-Fishbot/chapt4/chapt4_ws/install/chapt4_interfaces/share/chapt4_interfaces/environment/library_path.sh
[0.620s] -- Up-to-date: /home/fishros/document/GitHub/Learning-ROS2-with-Fishbot/chapt4/chapt4_ws/install/chapt4_interfaces/share/chapt4_interfaces/environment/library_path.dsv
[0.620s] -- Up-to-date: /home/fishros/document/GitHub/Learning-ROS2-with-Fishbot/chapt4/chapt4_ws/install/chapt4_interfaces/lib/libchapt4_interfaces__rosidl_generator_c.so
[0.620s] -- Up-to-date: /home/fishros/document/GitHub/Learning-ROS2-with-Fishbot/chapt4/chapt4_ws/install/chapt4_interfaces/include/chapt4_interfaces/chapt4_interfaces
[0.620s] -- Up-to-date: /home/fishros/document/GitHub/Learning-ROS2-with-Fishbot/chapt4/chapt4_ws/install/chapt4_interfaces/include/chapt4_interfaces/chapt4_interfaces/srv
[0.620s] -- Up-to-date: /home/fishros/document/GitHub/Learning-ROS2-with-Fishbot/chapt4/chapt4_ws/install/chapt4_interfaces/include/chapt4_interfaces/chapt4_interfaces/srv/detail
[0.621s] -- Up-to-date: /home/fishros/document/GitHub/Learning-ROS2-with-Fishbot/chapt4/chapt4_ws/install/chapt4_interfaces/include/chapt4_interfaces/chapt4_interfaces/srv/detail/face_detector__rosidl_typesupport_fastrtps_c.h
[0.621s] -- Up-to-date: /home/fishros/document/GitHub/Learning-ROS2-with-Fishbot/chapt4/chapt4_ws/install/chapt4_interfaces/include/chapt4_interfaces/chapt4_interfaces/msg
[0.621s] -- Up-to-date: /home/fishros/document/GitHub/Learning-ROS2-with-Fishbot/chapt4/chapt4_ws/install/chapt4_interfaces/include/chapt4_interfaces/chapt4_interfaces/msg/rosidl_typesupport_fastrtps_c__visibility_control.h
[0.621s] -- Up-to-date: /home/fishros/document/GitHub/Learning-ROS2-with-Fishbot/chapt4/chapt4_ws/install/chapt4_interfaces/lib/libchapt4_interfaces__rosidl_typesupport_fastrtps_c.so
[0.621s] -- Up-to-date: /home/fishros/document/GitHub/Learning-ROS2-with-Fishbot/chapt4/chapt4_ws/install/chapt4_interfaces/include/chapt4_interfaces/chapt4_interfaces
[0.621s] -- Up-to-date: /home/fishros/document/GitHub/Learning-ROS2-with-Fishbot/chapt4/chapt4_ws/install/chapt4_interfaces/include/chapt4_interfaces/chapt4_interfaces/srv
[0.621s] -- Up-to-date: /home/fishros/document/GitHub/Learning-ROS2-with-Fishbot/chapt4/chapt4_ws/install/chapt4_interfaces/include/chapt4_interfaces/chapt4_interfaces/srv/detail
[0.621s] -- Up-to-date: /home/fishros/document/GitHub/Learning-ROS2-with-Fishbot/chapt4/chapt4_ws/install/chapt4_interfaces/include/chapt4_interfaces/chapt4_interfaces/srv/detail/face_detector__type_support.c
[0.621s] -- Up-to-date: /home/fishros/document/GitHub/Learning-ROS2-with-Fishbot/chapt4/chapt4_ws/install/chapt4_interfaces/include/chapt4_interfaces/chapt4_interfaces/srv/detail/face_detector__rosidl_typesupport_introspection_c.h
[0.621s] -- Up-to-date: /home/fishros/document/GitHub/Learning-ROS2-with-Fishbot/chapt4/chapt4_ws/install/chapt4_interfaces/include/chapt4_interfaces/chapt4_interfaces/msg
[0.622s] -- Up-to-date: /home/fishros/document/GitHub/Learning-ROS2-with-Fishbot/chapt4/chapt4_ws/install/chapt4_interfaces/include/chapt4_interfaces/chapt4_interfaces/msg/rosidl_typesupport_introspection_c__visibility_control.h
[0.622s] -- Up-to-date: /home/fishros/document/GitHub/Learning-ROS2-with-Fishbot/chapt4/chapt4_ws/install/chapt4_interfaces/lib/libchapt4_interfaces__rosidl_typesupport_introspection_c.so
[0.622s] -- Up-to-date: /home/fishros/document/GitHub/Learning-ROS2-with-Fishbot/chapt4/chapt4_ws/install/chapt4_interfaces/lib/libchapt4_interfaces__rosidl_typesupport_c.so
[0.622s] -- Up-to-date: /home/fishros/document/GitHub/Learning-ROS2-with-Fishbot/chapt4/chapt4_ws/install/chapt4_interfaces/include/chapt4_interfaces/chapt4_interfaces
[0.622s] -- Up-to-date: /home/fishros/document/GitHub/Learning-ROS2-with-Fishbot/chapt4/chapt4_ws/install/chapt4_interfaces/include/chapt4_interfaces/chapt4_interfaces/srv
[0.622s] -- Up-to-date: /home/fishros/document/GitHub/Learning-ROS2-with-Fishbot/chapt4/chapt4_ws/install/chapt4_interfaces/include/chapt4_interfaces/chapt4_interfaces/srv/detail
[0.622s] -- Up-to-date: /home/fishros/document/GitHub/Learning-ROS2-with-Fishbot/chapt4/chapt4_ws/install/chapt4_interfaces/include/chapt4_interfaces/chapt4_interfaces/srv/detail/face_detector__type_support.hpp
[0.622s] -- Up-to-date: /home/fishros/document/GitHub/Learning-ROS2-with-Fishbot/chapt4/chapt4_ws/install/chapt4_interfaces/include/chapt4_interfaces/chapt4_interfaces/srv/detail/face_detector__traits.hpp
[0.623s] -- Up-to-date: /home/fishros/document/GitHub/Learning-ROS2-with-Fishbot/chapt4/chapt4_ws/install/chapt4_interfaces/include/chapt4_interfaces/chapt4_interfaces/srv/detail/face_detector__builder.hpp
[0.623s] -- Up-to-date: /home/fishros/document/GitHub/Learning-ROS2-with-Fishbot/chapt4/chapt4_ws/install/chapt4_interfaces/include/chapt4_interfaces/chapt4_interfaces/srv/detail/face_detector__struct.hpp
[0.623s] -- Up-to-date: /home/fishros/document/GitHub/Learning-ROS2-with-Fishbot/chapt4/chapt4_ws/install/chapt4_interfaces/include/chapt4_interfaces/chapt4_interfaces/srv/face_detector.hpp
[0.623s] -- Up-to-date: /home/fishros/document/GitHub/Learning-ROS2-with-Fishbot/chapt4/chapt4_ws/install/chapt4_interfaces/include/chapt4_interfaces/chapt4_interfaces/msg
[0.623s] -- Up-to-date: /home/fishros/document/GitHub/Learning-ROS2-with-Fishbot/chapt4/chapt4_ws/install/chapt4_interfaces/include/chapt4_interfaces/chapt4_interfaces/msg/rosidl_generator_cpp__visibility_control.hpp
[0.623s] -- Up-to-date: /home/fishros/document/GitHub/Learning-ROS2-with-Fishbot/chapt4/chapt4_ws/install/chapt4_interfaces/include/chapt4_interfaces/chapt4_interfaces
[0.624s] -- Up-to-date: /home/fishros/document/GitHub/Learning-ROS2-with-Fishbot/chapt4/chapt4_ws/install/chapt4_interfaces/include/chapt4_interfaces/chapt4_interfaces/srv
[0.624s] -- Up-to-date: /home/fishros/document/GitHub/Learning-ROS2-with-Fishbot/chapt4/chapt4_ws/install/chapt4_interfaces/include/chapt4_interfaces/chapt4_interfaces/srv/detail
[0.624s] -- Up-to-date: /home/fishros/document/GitHub/Learning-ROS2-with-Fishbot/chapt4/chapt4_ws/install/chapt4_interfaces/include/chapt4_interfaces/chapt4_interfaces/srv/detail/face_detector__rosidl_typesupport_fastrtps_cpp.hpp
[0.624s] -- Up-to-date: /home/fishros/document/GitHub/Learning-ROS2-with-Fishbot/chapt4/chapt4_ws/install/chapt4_interfaces/include/chapt4_interfaces/chapt4_interfaces/srv/detail/dds_fastrtps
[0.624s] -- Up-to-date: /home/fishros/document/GitHub/Learning-ROS2-with-Fishbot/chapt4/chapt4_ws/install/chapt4_interfaces/include/chapt4_interfaces/chapt4_interfaces/msg
[0.624s] -- Up-to-date: /home/fishros/document/GitHub/Learning-ROS2-with-Fishbot/chapt4/chapt4_ws/install/chapt4_interfaces/include/chapt4_interfaces/chapt4_interfaces/msg/rosidl_typesupport_fastrtps_cpp__visibility_control.h
[0.625s] -- Up-to-date: /home/fishros/document/GitHub/Learning-ROS2-with-Fishbot/chapt4/chapt4_ws/install/chapt4_interfaces/lib/libchapt4_interfaces__rosidl_typesupport_fastrtps_cpp.so
[0.625s] -- Up-to-date: /home/fishros/document/GitHub/Learning-ROS2-with-Fishbot/chapt4/chapt4_ws/install/chapt4_interfaces/include/chapt4_interfaces/chapt4_interfaces
[0.625s] -- Up-to-date: /home/fishros/document/GitHub/Learning-ROS2-with-Fishbot/chapt4/chapt4_ws/install/chapt4_interfaces/include/chapt4_interfaces/chapt4_interfaces/srv
[0.625s] -- Up-to-date: /home/fishros/document/GitHub/Learning-ROS2-with-Fishbot/chapt4/chapt4_ws/install/chapt4_interfaces/include/chapt4_interfaces/chapt4_interfaces/srv/detail
[0.625s] -- Up-to-date: /home/fishros/document/GitHub/Learning-ROS2-with-Fishbot/chapt4/chapt4_ws/install/chapt4_interfaces/include/chapt4_interfaces/chapt4_interfaces/srv/detail/face_detector__type_support.cpp
[0.625s] -- Up-to-date: /home/fishros/document/GitHub/Learning-ROS2-with-Fishbot/chapt4/chapt4_ws/install/chapt4_interfaces/include/chapt4_interfaces/chapt4_interfaces/srv/detail/face_detector__rosidl_typesupport_introspection_cpp.hpp
[0.625s] -- Up-to-date: /home/fishros/document/GitHub/Learning-ROS2-with-Fishbot/chapt4/chapt4_ws/install/chapt4_interfaces/lib/libchapt4_interfaces__rosidl_typesupport_introspection_cpp.so
[0.625s] -- Up-to-date: /home/fishros/document/GitHub/Learning-ROS2-with-Fishbot/chapt4/chapt4_ws/install/chapt4_interfaces/lib/libchapt4_interfaces__rosidl_typesupport_cpp.so
[0.625s] -- Up-to-date: /home/fishros/document/GitHub/Learning-ROS2-with-Fishbot/chapt4/chapt4_ws/install/chapt4_interfaces/share/chapt4_interfaces/environment/pythonpath.sh
[0.626s] -- Up-to-date: /home/fishros/document/GitHub/Learning-ROS2-with-Fishbot/chapt4/chapt4_ws/install/chapt4_interfaces/share/chapt4_interfaces/environment/pythonpath.dsv
[0.626s] -- Up-to-date: /home/fishros/document/GitHub/Learning-ROS2-with-Fishbot/chapt4/chapt4_ws/install/chapt4_interfaces/local/lib/python3.10/dist-packages/chapt4_interfaces-0.0.0-py3.10.egg-info
[0.626s] -- Installing: /home/fishros/document/GitHub/Learning-ROS2-with-Fishbot/chapt4/chapt4_ws/install/chapt4_interfaces/local/lib/python3.10/dist-packages/chapt4_interfaces-0.0.0-py3.10.egg-info/dependency_links.txt
[0.626s] -- Installing: /home/fishros/document/GitHub/Learning-ROS2-with-Fishbot/chapt4/chapt4_ws/install/chapt4_interfaces/local/lib/python3.10/dist-packages/chapt4_interfaces-0.0.0-py3.10.egg-info/PKG-INFO
[0.626s] -- Installing: /home/fishros/document/GitHub/Learning-ROS2-with-Fishbot/chapt4/chapt4_ws/install/chapt4_interfaces/local/lib/python3.10/dist-packages/chapt4_interfaces-0.0.0-py3.10.egg-info/SOURCES.txt
[0.626s] -- Installing: /home/fishros/document/GitHub/Learning-ROS2-with-Fishbot/chapt4/chapt4_ws/install/chapt4_interfaces/local/lib/python3.10/dist-packages/chapt4_interfaces-0.0.0-py3.10.egg-info/top_level.txt
[0.626s] -- Up-to-date: /home/fishros/document/GitHub/Learning-ROS2-with-Fishbot/chapt4/chapt4_ws/install/chapt4_interfaces/local/lib/python3.10/dist-packages/chapt4_interfaces
[0.626s] -- Up-to-date: /home/fishros/document/GitHub/Learning-ROS2-with-Fishbot/chapt4/chapt4_ws/install/chapt4_interfaces/local/lib/python3.10/dist-packages/chapt4_interfaces/_chapt4_interfaces_s.ep.rosidl_typesupport_c.c
[0.626s] -- Up-to-date: /home/fishros/document/GitHub/Learning-ROS2-with-Fishbot/chapt4/chapt4_ws/install/chapt4_interfaces/local/lib/python3.10/dist-packages/chapt4_interfaces/chapt4_interfaces_s__rosidl_typesupport_c.cpython-310-x86_64-linux-gnu.so
[0.626s] -- Up-to-date: /home/fishros/document/GitHub/Learning-ROS2-with-Fishbot/chapt4/chapt4_ws/install/chapt4_interfaces/local/lib/python3.10/dist-packages/chapt4_interfaces/srv
[0.626s] -- Up-to-date: /home/fishros/document/GitHub/Learning-ROS2-with-Fishbot/chapt4/chapt4_ws/install/chapt4_interfaces/local/lib/python3.10/dist-packages/chapt4_interfaces/srv/_face_detector.py
[0.626s] -- Up-to-date: /home/fishros/document/GitHub/Learning-ROS2-with-Fishbot/chapt4/chapt4_ws/install/chapt4_interfaces/local/lib/python3.10/dist-packages/chapt4_interfaces/srv/__init__.py
[0.626s] -- Up-to-date: /home/fishros/document/GitHub/Learning-ROS2-with-Fishbot/chapt4/chapt4_ws/install/chapt4_interfaces/local/lib/python3.10/dist-packages/chapt4_interfaces/srv/_face_detector_s.c
[0.627s] -- Up-to-date: /home/fishros/document/GitHub/Learning-ROS2-with-Fishbot/chapt4/chapt4_ws/install/chapt4_interfaces/local/lib/python3.10/dist-packages/chapt4_interfaces/_chapt4_interfaces_s.ep.rosidl_typesupport_fastrtps_c.c
[0.627s] -- Up-to-date: /home/fishros/document/GitHub/Learning-ROS2-with-Fishbot/chapt4/chapt4_ws/install/chapt4_interfaces/local/lib/python3.10/dist-packages/chapt4_interfaces/__init__.py
[0.627s] -- Up-to-date: /home/fishros/document/GitHub/Learning-ROS2-with-Fishbot/chapt4/chapt4_ws/install/chapt4_interfaces/local/lib/python3.10/dist-packages/chapt4_interfaces/libchapt4_interfaces__rosidl_generator_py.so
[0.627s] -- Up-to-date: /home/fishros/document/GitHub/Learning-ROS2-with-Fishbot/chapt4/chapt4_ws/install/chapt4_interfaces/local/lib/python3.10/dist-packages/chapt4_interfaces/chapt4_interfaces_s__rosidl_typesupport_fastrtps_c.cpython-310-x86_64-linux-gnu.so
[0.627s] -- Up-to-date: /home/fishros/document/GitHub/Learning-ROS2-with-Fishbot/chapt4/chapt4_ws/install/chapt4_interfaces/local/lib/python3.10/dist-packages/chapt4_interfaces/_chapt4_interfaces_s.ep.rosidl_typesupport_introspection_c.c
[0.627s] -- Up-to-date: /home/fishros/document/GitHub/Learning-ROS2-with-Fishbot/chapt4/chapt4_ws/install/chapt4_interfaces/local/lib/python3.10/dist-packages/chapt4_interfaces/chapt4_interfaces_s__rosidl_typesupport_introspection_c.cpython-310-x86_64-linux-gnu.so
[0.665s] Listing '/home/fishros/document/GitHub/Learning-ROS2-with-Fishbot/chapt4/chapt4_ws/install/chapt4_interfaces/local/lib/python3.10/dist-packages/chapt4_interfaces'...
[0.665s] Listing '/home/fishros/document/GitHub/Learning-ROS2-with-Fishbot/chapt4/chapt4_ws/install/chapt4_interfaces/local/lib/python3.10/dist-packages/chapt4_interfaces/srv'...
[0.676s] -- Up-to-date: /home/fishros/document/GitHub/Learning-ROS2-with-Fishbot/chapt4/chapt4_ws/install/chapt4_interfaces/local/lib/python3.10/dist-packages/chapt4_interfaces/chapt4_interfaces_s__rosidl_typesupport_fastrtps_c.cpython-310-x86_64-linux-gnu.so
[0.676s] -- Up-to-date: /home/fishros/document/GitHub/Learning-ROS2-with-Fishbot/chapt4/chapt4_ws/install/chapt4_interfaces/local/lib/python3.10/dist-packages/chapt4_interfaces/chapt4_interfaces_s__rosidl_typesupport_introspection_c.cpython-310-x86_64-linux-gnu.so
[0.676s] -- Up-to-date: /home/fishros/document/GitHub/Learning-ROS2-with-Fishbot/chapt4/chapt4_ws/install/chapt4_interfaces/local/lib/python3.10/dist-packages/chapt4_interfaces/chapt4_interfaces_s__rosidl_typesupport_c.cpython-310-x86_64-linux-gnu.so
[0.677s] -- Up-to-date: /home/fishros/document/GitHub/Learning-ROS2-with-Fishbot/chapt4/chapt4_ws/install/chapt4_interfaces/lib/libchapt4_interfaces__rosidl_generator_py.so
[0.677s] -- Up-to-date: /home/fishros/document/GitHub/Learning-ROS2-with-Fishbot/chapt4/chapt4_ws/install/chapt4_interfaces/share/chapt4_interfaces/srv/FaceDetector.idl
[0.677s] -- Up-to-date: /home/fishros/document/GitHub/Learning-ROS2-with-Fishbot/chapt4/chapt4_ws/install/chapt4_interfaces/share/chapt4_interfaces/srv/FaceDetector.srv
[0.677s] -- Up-to-date: /home/fishros/document/GitHub/Learning-ROS2-with-Fishbot/chapt4/chapt4_ws/install/chapt4_interfaces/share/chapt4_interfaces/srv/FaceDetector_Request.msg
[0.677s] -- Up-to-date: /home/fishros/document/GitHub/Learning-ROS2-with-Fishbot/chapt4/chapt4_ws/install/chapt4_interfaces/share/chapt4_interfaces/srv/FaceDetector_Response.msg
[0.677s] -- Up-to-date: /home/fishros/document/GitHub/Learning-ROS2-with-Fishbot/chapt4/chapt4_ws/install/chapt4_interfaces/share/ament_index/resource_index/package_run_dependencies/chapt4_interfaces
[0.677s] -- Up-to-date: /home/fishros/document/GitHub/Learning-ROS2-with-Fishbot/chapt4/chapt4_ws/install/chapt4_interfaces/share/ament_index/resource_index/parent_prefix_path/chapt4_interfaces
[0.678s] -- Up-to-date: /home/fishros/document/GitHub/Learning-ROS2-with-Fishbot/chapt4/chapt4_ws/install/chapt4_interfaces/share/chapt4_interfaces/environment/ament_prefix_path.sh
[0.678s] -- Up-to-date: /home/fishros/document/GitHub/Learning-ROS2-with-Fishbot/chapt4/chapt4_ws/install/chapt4_interfaces/share/chapt4_interfaces/environment/ament_prefix_path.dsv
[0.678s] -- Up-to-date: /home/fishros/document/GitHub/Learning-ROS2-with-Fishbot/chapt4/chapt4_ws/install/chapt4_interfaces/share/chapt4_interfaces/environment/path.sh
[0.678s] -- Up-to-date: /home/fishros/document/GitHub/Learning-ROS2-with-Fishbot/chapt4/chapt4_ws/install/chapt4_interfaces/share/chapt4_interfaces/environment/path.dsv
[0.678s] -- Up-to-date: /home/fishros/document/GitHub/Learning-ROS2-with-Fishbot/chapt4/chapt4_ws/install/chapt4_interfaces/share/chapt4_interfaces/local_setup.bash
[0.678s] -- Up-to-date: /home/fishros/document/GitHub/Learning-ROS2-with-Fishbot/chapt4/chapt4_ws/install/chapt4_interfaces/share/chapt4_interfaces/local_setup.sh
[0.678s] -- Up-to-date: /home/fishros/document/GitHub/Learning-ROS2-with-Fishbot/chapt4/chapt4_ws/install/chapt4_interfaces/share/chapt4_interfaces/local_setup.zsh
[0.678s] -- Up-to-date: /home/fishros/document/GitHub/Learning-ROS2-with-Fishbot/chapt4/chapt4_ws/install/chapt4_interfaces/share/chapt4_interfaces/local_setup.dsv
[0.679s] -- Installing: /home/fishros/document/GitHub/Learning-ROS2-with-Fishbot/chapt4/chapt4_ws/install/chapt4_interfaces/share/chapt4_interfaces/package.dsv
[0.679s] -- Up-to-date: /home/fishros/document/GitHub/Learning-ROS2-with-Fishbot/chapt4/chapt4_ws/install/chapt4_interfaces/share/ament_index/resource_index/packages/chapt4_interfaces
[0.679s] -- Up-to-date: /home/fishros/document/GitHub/Learning-ROS2-with-Fishbot/chapt4/chapt4_ws/install/chapt4_interfaces/share/chapt4_interfaces/cmake/export_chapt4_interfaces__rosidl_generator_cExport.cmake
[0.679s] -- Up-to-date: /home/fishros/document/GitHub/Learning-ROS2-with-Fishbot/chapt4/chapt4_ws/install/chapt4_interfaces/share/chapt4_interfaces/cmake/export_chapt4_interfaces__rosidl_generator_cExport-noconfig.cmake
[0.679s] -- Up-to-date: /home/fishros/document/GitHub/Learning-ROS2-with-Fishbot/chapt4/chapt4_ws/install/chapt4_interfaces/share/chapt4_interfaces/cmake/export_chapt4_interfaces__rosidl_typesupport_fastrtps_cExport.cmake
[0.679s] -- Up-to-date: /home/fishros/document/GitHub/Learning-ROS2-with-Fishbot/chapt4/chapt4_ws/install/chapt4_interfaces/share/chapt4_interfaces/cmake/export_chapt4_interfaces__rosidl_typesupport_fastrtps_cExport-noconfig.cmake
[0.679s] -- Up-to-date: /home/fishros/document/GitHub/Learning-ROS2-with-Fishbot/chapt4/chapt4_ws/install/chapt4_interfaces/share/chapt4_interfaces/cmake/chapt4_interfaces__rosidl_typesupport_introspection_cExport.cmake
[0.679s] -- Up-to-date: /home/fishros/document/GitHub/Learning-ROS2-with-Fishbot/chapt4/chapt4_ws/install/chapt4_interfaces/share/chapt4_interfaces/cmake/chapt4_interfaces__rosidl_typesupport_introspection_cExport-noconfig.cmake
[0.679s] -- Up-to-date: /home/fishros/document/GitHub/Learning-ROS2-with-Fishbot/chapt4/chapt4_ws/install/chapt4_interfaces/share/chapt4_interfaces/cmake/chapt4_interfaces__rosidl_typesupport_cExport.cmake
[0.679s] -- Up-to-date: /home/fishros/document/GitHub/Learning-ROS2-with-Fishbot/chapt4/chapt4_ws/install/chapt4_interfaces/share/chapt4_interfaces/cmake/chapt4_interfaces__rosidl_typesupport_cExport-noconfig.cmake
[0.679s] -- Up-to-date: /home/fishros/document/GitHub/Learning-ROS2-with-Fishbot/chapt4/chapt4_ws/install/chapt4_interfaces/share/chapt4_interfaces/cmake/export_chapt4_interfaces__rosidl_generator_cppExport.cmake
[0.679s] -- Up-to-date: /home/fishros/document/GitHub/Learning-ROS2-with-Fishbot/chapt4/chapt4_ws/install/chapt4_interfaces/share/chapt4_interfaces/cmake/export_chapt4_interfaces__rosidl_typesupport_fastrtps_cppExport.cmake
[0.679s] -- Up-to-date: /home/fishros/document/GitHub/Learning-ROS2-with-Fishbot/chapt4/chapt4_ws/install/chapt4_interfaces/share/chapt4_interfaces/cmake/export_chapt4_interfaces__rosidl_typesupport_fastrtps_cppExport-noconfig.cmake
[0.680s] -- Up-to-date: /home/fishros/document/GitHub/Learning-ROS2-with-Fishbot/chapt4/chapt4_ws/install/chapt4_interfaces/share/chapt4_interfaces/cmake/chapt4_interfaces__rosidl_typesupport_introspection_cppExport.cmake
[0.680s] -- Up-to-date: /home/fishros/document/GitHub/Learning-ROS2-with-Fishbot/chapt4/chapt4_ws/install/chapt4_interfaces/share/chapt4_interfaces/cmake/chapt4_interfaces__rosidl_typesupport_introspection_cppExport-noconfig.cmake
[0.680s] -- Up-to-date: /home/fishros/document/GitHub/Learning-ROS2-with-Fishbot/chapt4/chapt4_ws/install/chapt4_interfaces/share/chapt4_interfaces/cmake/chapt4_interfaces__rosidl_typesupport_cppExport.cmake
[0.680s] -- Up-to-date: /home/fishros/document/GitHub/Learning-ROS2-with-Fishbot/chapt4/chapt4_ws/install/chapt4_interfaces/share/chapt4_interfaces/cmake/chapt4_interfaces__rosidl_typesupport_cppExport-noconfig.cmake
[0.680s] -- Up-to-date: /home/fishros/document/GitHub/Learning-ROS2-with-Fishbot/chapt4/chapt4_ws/install/chapt4_interfaces/share/chapt4_interfaces/cmake/export_chapt4_interfaces__rosidl_generator_pyExport.cmake
[0.680s] -- Up-to-date: /home/fishros/document/GitHub/Learning-ROS2-with-Fishbot/chapt4/chapt4_ws/install/chapt4_interfaces/share/chapt4_interfaces/cmake/export_chapt4_interfaces__rosidl_generator_pyExport-noconfig.cmake
[0.680s] -- Up-to-date: /home/fishros/document/GitHub/Learning-ROS2-with-Fishbot/chapt4/chapt4_ws/install/chapt4_interfaces/share/chapt4_interfaces/cmake/rosidl_cmake-extras.cmake
[0.680s] -- Up-to-date: /home/fishros/document/GitHub/Learning-ROS2-with-Fishbot/chapt4/chapt4_ws/install/chapt4_interfaces/share/chapt4_interfaces/cmake/ament_cmake_export_dependencies-extras.cmake
[0.680s] -- Up-to-date: /home/fishros/document/GitHub/Learning-ROS2-with-Fishbot/chapt4/chapt4_ws/install/chapt4_interfaces/share/chapt4_interfaces/cmake/ament_cmake_export_include_directories-extras.cmake
[0.680s] -- Up-to-date: /home/fishros/document/GitHub/Learning-ROS2-with-Fishbot/chapt4/chapt4_ws/install/chapt4_interfaces/share/chapt4_interfaces/cmake/ament_cmake_export_libraries-extras.cmake
[0.680s] -- Up-to-date: /home/fishros/document/GitHub/Learning-ROS2-with-Fishbot/chapt4/chapt4_ws/install/chapt4_interfaces/share/chapt4_interfaces/cmake/ament_cmake_export_targets-extras.cmake
[0.680s] -- Up-to-date: /home/fishros/document/GitHub/Learning-ROS2-with-Fishbot/chapt4/chapt4_ws/install/chapt4_interfaces/share/chapt4_interfaces/cmake/rosidl_cmake_export_typesupport_targets-extras.cmake
[0.681s] -- Up-to-date: /home/fishros/document/GitHub/Learning-ROS2-with-Fishbot/chapt4/chapt4_ws/install/chapt4_interfaces/share/chapt4_interfaces/cmake/rosidl_cmake_export_typesupport_libraries-extras.cmake
[0.681s] -- Up-to-date: /home/fishros/document/GitHub/Learning-ROS2-with-Fishbot/chapt4/chapt4_ws/install/chapt4_interfaces/share/chapt4_interfaces/cmake/chapt4_interfacesConfig.cmake
[0.681s] -- Up-to-date: /home/fishros/document/GitHub/Learning-ROS2-with-Fishbot/chapt4/chapt4_ws/install/chapt4_interfaces/share/chapt4_interfaces/cmake/chapt4_interfacesConfig-version.cmake
[0.681s] -- Up-to-date: /home/fishros/document/GitHub/Learning-ROS2-with-Fishbot/chapt4/chapt4_ws/install/chapt4_interfaces/share/chapt4_interfaces/package.xml
[0.683s] Invoked command in '/home/fishros/document/GitHub/Learning-ROS2-with-Fishbot/chapt4/chapt4_ws/build/chapt4_interfaces' returned '0': CMAKE_PREFIX_PATH=/opt/ros/humble /usr/bin/cmake --install /home/fishros/document/GitHub/Learning-ROS2-with-Fishbot/chapt4/chapt4_ws/build/chapt4_interfaces
