[0.016s] Invoking command in '/home/fishros/文档/GitHub/Learning-ROS2-with-Fishbot/chapt3/topic_ws/build/demo_cpp_topic': CMAKE_PREFIX_PATH=/opt/ros/humble /usr/bin/cmake /home/fishros/文档/GitHub/Learning-ROS2-with-Fishbot/chapt3/topic_ws/src/demo_cpp_topic -DCMAKE_INSTALL_PREFIX=/home/fishros/文档/GitHub/Learning-ROS2-with-Fishbot/chapt3/topic_ws/install/demo_cpp_topic
[0.181s] -- The C compiler identification is GNU 11.4.0
[0.320s] -- The CXX compiler identification is GNU 11.4.0
[0.344s] -- Detecting C compiler ABI info
[0.463s] -- Detecting C compiler ABI info - done
[0.479s] -- Check for working C compiler: /usr/bin/cc - skipped
[0.480s] -- Detecting C compile features
[0.481s] -- Detecting C compile features - done
[0.488s] -- Detecting CXX compiler ABI info
[0.635s] -- Detecting CXX compiler ABI info - done
[0.652s] -- Check for working CXX compiler: /usr/bin/c++ - skipped
[0.652s] -- Detecting CXX compile features
[0.653s] -- Detecting CXX compile features - done
[0.665s] -- Found ament_cmake: 1.3.11 (/opt/ros/humble/share/ament_cmake/cmake)
[1.297s] -- Found Python3: /usr/bin/python3 (found version "3.10.12") found components: Interpreter 
[1.474s] -- Found rclcpp: 16.0.11 (/opt/ros/humble/share/rclcpp/cmake)
[1.594s] -- Found rosidl_generator_c: 3.1.6 (/opt/ros/humble/share/rosidl_generator_c/cmake)
[1.608s] -- Found rosidl_adapter: 3.1.6 (/opt/ros/humble/share/rosidl_adapter/cmake)
[1.630s] -- Found rosidl_generator_cpp: 3.1.6 (/opt/ros/humble/share/rosidl_generator_cpp/cmake)
[1.666s] -- Using all available rosidl_typesupport_c: rosidl_typesupport_fastrtps_c;rosidl_typesupport_introspection_c
[1.710s] -- Using all available rosidl_typesupport_cpp: rosidl_typesupport_fastrtps_cpp;rosidl_typesupport_introspection_cpp
[1.837s] -- Found rmw_implementation_cmake: 6.1.2 (/opt/ros/humble/share/rmw_implementation_cmake/cmake)
[1.844s] -- Found rmw_fastrtps_cpp: 6.2.7 (/opt/ros/humble/share/rmw_fastrtps_cpp/cmake)
[2.039s] -- Found OpenSSL: /usr/lib/x86_64-linux-gnu/libcrypto.so (found version "3.0.2")  
[2.093s] -- Found FastRTPS: /opt/ros/humble/include  
[2.157s] -- Using RMW implementation 'rmw_fastrtps_cpp' as default
[2.180s] -- Looking for pthread.h
[2.301s] -- Looking for pthread.h - found
[2.301s] -- Performing Test CMAKE_HAVE_LIBC_PTHREAD
[2.419s] -- Performing Test CMAKE_HAVE_LIBC_PTHREAD - Success
[2.421s] -- Found Threads: TRUE  
[2.569s] -- Found geometry_msgs: 4.2.4 (/opt/ros/humble/share/geometry_msgs/cmake)
[2.614s] -- Found turtlesim: 1.4.2 (/opt/ros/humble/share/turtlesim/cmake)
[2.723s] [31mCMake Error at /opt/ros/humble/share/ament_cmake_target_dependencies/cmake/ament_target_dependencies.cmake:42 (message):
[2.723s]   ament_target_dependencies() the first argument must be a valid target name
[2.723s] Call Stack (most recent call first):
[2.723s]   CMakeLists.txt:17 (ament_target_dependencies)
[2.724s] 
[2.724s] [0m
[2.724s] -- Configuring incomplete, errors occurred!
[2.724s] See also "/home/fishros/文档/GitHub/Learning-ROS2-with-Fishbot/chapt3/topic_ws/build/demo_cpp_topic/CMakeFiles/CMakeOutput.log".
[2.741s] Invoked command in '/home/fishros/文档/GitHub/Learning-ROS2-with-Fishbot/chapt3/topic_ws/build/demo_cpp_topic' returned '1': CMAKE_PREFIX_PATH=/opt/ros/humble /usr/bin/cmake /home/fishros/文档/GitHub/Learning-ROS2-with-Fishbot/chapt3/topic_ws/src/demo_cpp_topic -DCMAKE_INSTALL_PREFIX=/home/fishros/文档/GitHub/Learning-ROS2-with-Fishbot/chapt3/topic_ws/install/demo_cpp_topic
