[0.135s] DEBUG:colcon:Command line arguments: ['/usr/bin/colcon', 'build']
[0.135s] DEBUG:colcon:Parsed command line arguments: Namespace(log_base=None, log_level=None, verb_name='build', build_base='build', install_base='install', merge_install=False, symlink_install=False, test_result_base=None, continue_on_error=False, executor='parallel', parallel_workers=8, event_handlers=None, ignore_user_meta=False, metas=['./colcon.meta'], base_paths=['.'], packages_ignore=None, packages_ignore_regex=None, paths=None, packages_up_to=None, packages_up_to_regex=None, packages_above=None, packages_above_and_dependencies=None, packages_above_depth=None, packages_select_by_dep=None, packages_skip_by_dep=None, packages_skip_up_to=None, packages_select_build_failed=False, packages_skip_build_finished=False, packages_select_test_failures=False, packages_skip_test_passed=False, packages_select=None, packages_skip=None, packages_select_regex=None, packages_skip_regex=None, packages_start=None, packages_end=None, allow_overriding=[], cmake_args=None, cmake_target=None, cmake_target_skip_unavailable=False, cmake_clean_cache=False, cmake_clean_first=False, cmake_force_configure=False, ament_cmake_args=None, catkin_cmake_args=None, catkin_skip_building_tests=False, verb_parser=<colcon_defaults.argument_parser.defaults.DefaultArgumentsDecorator object at 0x7f144be505b0>, verb_extension=<colcon_core.verb.build.BuildVerb object at 0x7f144be1bfa0>, main=<bound method BuildVerb.main of <colcon_core.verb.build.BuildVerb object at 0x7f144be1bfa0>>)
[0.189s] Level 1:colcon.colcon_core.package_discovery:discover_packages(colcon_meta) check parameters
[0.189s] Level 1:colcon.colcon_core.package_discovery:discover_packages(recursive) check parameters
[0.189s] Level 1:colcon.colcon_core.package_discovery:discover_packages(ignore) check parameters
[0.189s] Level 1:colcon.colcon_core.package_discovery:discover_packages(path) check parameters
[0.189s] Level 1:colcon.colcon_core.package_discovery:discover_packages(colcon_meta) discover
[0.189s] Level 1:colcon.colcon_core.package_discovery:discover_packages(recursive) discover
[0.190s] INFO:colcon.colcon_core.package_discovery:Crawling recursively for packages in '/home/fishros/document/GitHub/Learning-ROS2-with-Fishbot/chapt3/topic_practice_ws/src'
[0.190s] Level 1:colcon.colcon_core.package_identification:_identify(.) by extensions ['ignore', 'ignore_ament_install']
[0.190s] Level 1:colcon.colcon_core.package_identification:_identify(.) by extension 'ignore'
[0.190s] Level 1:colcon.colcon_core.package_identification:_identify(.) by extension 'ignore_ament_install'
[0.190s] Level 1:colcon.colcon_core.package_identification:_identify(.) by extensions ['colcon_pkg']
[0.190s] Level 1:colcon.colcon_core.package_identification:_identify(.) by extension 'colcon_pkg'
[0.190s] Level 1:colcon.colcon_core.package_identification:_identify(.) by extensions ['colcon_meta']
[0.190s] Level 1:colcon.colcon_core.package_identification:_identify(.) by extension 'colcon_meta'
[0.190s] Level 1:colcon.colcon_core.package_identification:_identify(.) by extensions ['ros']
[0.190s] Level 1:colcon.colcon_core.package_identification:_identify(.) by extension 'ros'
[0.218s] Level 1:colcon.colcon_core.package_identification:_identify(.) by extensions ['cmake', 'python']
[0.218s] Level 1:colcon.colcon_core.package_identification:_identify(.) by extension 'cmake'
[0.219s] Level 1:colcon.colcon_core.package_identification:_identify(.) by extension 'python'
[0.219s] Level 1:colcon.colcon_core.package_identification:_identify(.) by extensions ['python_setup_py']
[0.219s] Level 1:colcon.colcon_core.package_identification:_identify(.) by extension 'python_setup_py'
[0.219s] Level 1:colcon.colcon_core.package_identification:_identify(build) by extensions ['ignore', 'ignore_ament_install']
[0.219s] Level 1:colcon.colcon_core.package_identification:_identify(build) by extension 'ignore'
[0.219s] Level 1:colcon.colcon_core.package_identification:_identify(build) ignored
[0.220s] Level 1:colcon.colcon_core.package_identification:_identify(install) by extensions ['ignore', 'ignore_ament_install']
[0.220s] Level 1:colcon.colcon_core.package_identification:_identify(install) by extension 'ignore'
[0.220s] Level 1:colcon.colcon_core.package_identification:_identify(install) ignored
[0.220s] Level 1:colcon.colcon_core.package_identification:_identify(log) by extensions ['ignore', 'ignore_ament_install']
[0.220s] Level 1:colcon.colcon_core.package_identification:_identify(log) by extension 'ignore'
[0.220s] Level 1:colcon.colcon_core.package_identification:_identify(log) ignored
[0.220s] Level 1:colcon.colcon_core.package_identification:_identify(status_display) by extensions ['ignore', 'ignore_ament_install']
[0.220s] Level 1:colcon.colcon_core.package_identification:_identify(status_display) by extension 'ignore'
[0.220s] Level 1:colcon.colcon_core.package_identification:_identify(status_display) by extension 'ignore_ament_install'
[0.220s] Level 1:colcon.colcon_core.package_identification:_identify(status_display) by extensions ['colcon_pkg']
[0.220s] Level 1:colcon.colcon_core.package_identification:_identify(status_display) by extension 'colcon_pkg'
[0.220s] Level 1:colcon.colcon_core.package_identification:_identify(status_display) by extensions ['colcon_meta']
[0.220s] Level 1:colcon.colcon_core.package_identification:_identify(status_display) by extension 'colcon_meta'
[0.221s] Level 1:colcon.colcon_core.package_identification:_identify(status_display) by extensions ['ros']
[0.221s] Level 1:colcon.colcon_core.package_identification:_identify(status_display) by extension 'ros'
[0.225s] DEBUG:colcon.colcon_core.package_identification:Package 'status_display' with type 'ros.ament_cmake' and name 'status_display'
[0.226s] Level 1:colcon.colcon_core.package_identification:_identify(status_interfaces) by extensions ['ignore', 'ignore_ament_install']
[0.226s] Level 1:colcon.colcon_core.package_identification:_identify(status_interfaces) by extension 'ignore'
[0.226s] Level 1:colcon.colcon_core.package_identification:_identify(status_interfaces) by extension 'ignore_ament_install'
[0.226s] Level 1:colcon.colcon_core.package_identification:_identify(status_interfaces) by extensions ['colcon_pkg']
[0.226s] Level 1:colcon.colcon_core.package_identification:_identify(status_interfaces) by extension 'colcon_pkg'
[0.226s] Level 1:colcon.colcon_core.package_identification:_identify(status_interfaces) by extensions ['colcon_meta']
[0.226s] Level 1:colcon.colcon_core.package_identification:_identify(status_interfaces) by extension 'colcon_meta'
[0.226s] Level 1:colcon.colcon_core.package_identification:_identify(status_interfaces) by extensions ['ros']
[0.226s] Level 1:colcon.colcon_core.package_identification:_identify(status_interfaces) by extension 'ros'
[0.228s] DEBUG:colcon.colcon_core.package_identification:Package 'status_interfaces' with type 'ros.ament_cmake' and name 'status_interfaces'
[0.228s] Level 1:colcon.colcon_core.package_identification:_identify(status_publisher) by extensions ['ignore', 'ignore_ament_install']
[0.228s] Level 1:colcon.colcon_core.package_identification:_identify(status_publisher) by extension 'ignore'
[0.228s] Level 1:colcon.colcon_core.package_identification:_identify(status_publisher) by extension 'ignore_ament_install'
[0.228s] Level 1:colcon.colcon_core.package_identification:_identify(status_publisher) by extensions ['colcon_pkg']
[0.228s] Level 1:colcon.colcon_core.package_identification:_identify(status_publisher) by extension 'colcon_pkg'
[0.229s] Level 1:colcon.colcon_core.package_identification:_identify(status_publisher) by extensions ['colcon_meta']
[0.229s] Level 1:colcon.colcon_core.package_identification:_identify(status_publisher) by extension 'colcon_meta'
[0.229s] Level 1:colcon.colcon_core.package_identification:_identify(status_publisher) by extensions ['ros']
[0.229s] Level 1:colcon.colcon_core.package_identification:_identify(status_publisher) by extension 'ros'
[0.230s] DEBUG:colcon.colcon_core.package_identification:Package 'status_publisher' with type 'ros.ament_python' and name 'status_publisher'
[0.230s] Level 1:colcon.colcon_core.package_discovery:discover_packages(recursive) using defaults
[0.230s] Level 1:colcon.colcon_core.package_discovery:discover_packages(ignore) discover
[0.230s] Level 1:colcon.colcon_core.package_discovery:discover_packages(ignore) using defaults
[0.230s] Level 1:colcon.colcon_core.package_discovery:discover_packages(path) discover
[0.230s] Level 1:colcon.colcon_core.package_discovery:discover_packages(path) using defaults
[0.261s] Level 1:colcon.colcon_core.package_discovery:discover_packages(prefix_path) check parameters
[0.261s] Level 1:colcon.colcon_core.package_discovery:discover_packages(prefix_path) discover
[0.264s] DEBUG:colcon.colcon_installed_package_information.package_discovery:Found 314 installed packages in /opt/ros/humble
[0.267s] Level 1:colcon.colcon_core.package_discovery:discover_packages(prefix_path) using defaults
[0.328s] Level 5:colcon.colcon_core.verb:set package 'status_interfaces' build argument 'cmake_args' from command line to 'None'
[0.328s] Level 5:colcon.colcon_core.verb:set package 'status_interfaces' build argument 'cmake_target' from command line to 'None'
[0.328s] Level 5:colcon.colcon_core.verb:set package 'status_interfaces' build argument 'cmake_target_skip_unavailable' from command line to 'False'
[0.328s] Level 5:colcon.colcon_core.verb:set package 'status_interfaces' build argument 'cmake_clean_cache' from command line to 'False'
[0.328s] Level 5:colcon.colcon_core.verb:set package 'status_interfaces' build argument 'cmake_clean_first' from command line to 'False'
[0.328s] Level 5:colcon.colcon_core.verb:set package 'status_interfaces' build argument 'cmake_force_configure' from command line to 'False'
[0.328s] Level 5:colcon.colcon_core.verb:set package 'status_interfaces' build argument 'ament_cmake_args' from command line to 'None'
[0.328s] Level 5:colcon.colcon_core.verb:set package 'status_interfaces' build argument 'catkin_cmake_args' from command line to 'None'
[0.328s] Level 5:colcon.colcon_core.verb:set package 'status_interfaces' build argument 'catkin_skip_building_tests' from command line to 'False'
[0.328s] DEBUG:colcon.colcon_core.verb:Building package 'status_interfaces' with the following arguments: {'ament_cmake_args': None, 'build_base': '/home/fishros/document/GitHub/Learning-ROS2-with-Fishbot/chapt3/topic_practice_ws/src/build/status_interfaces', 'catkin_cmake_args': None, 'catkin_skip_building_tests': False, 'cmake_args': None, 'cmake_clean_cache': False, 'cmake_clean_first': False, 'cmake_force_configure': False, 'cmake_target': None, 'cmake_target_skip_unavailable': False, 'install_base': '/home/fishros/document/GitHub/Learning-ROS2-with-Fishbot/chapt3/topic_practice_ws/src/install/status_interfaces', 'merge_install': False, 'path': '/home/fishros/document/GitHub/Learning-ROS2-with-Fishbot/chapt3/topic_practice_ws/src/status_interfaces', 'symlink_install': False, 'test_result_base': None}
[0.329s] Level 5:colcon.colcon_core.verb:set package 'status_display' build argument 'cmake_args' from command line to 'None'
[0.329s] Level 5:colcon.colcon_core.verb:set package 'status_display' build argument 'cmake_target' from command line to 'None'
[0.329s] Level 5:colcon.colcon_core.verb:set package 'status_display' build argument 'cmake_target_skip_unavailable' from command line to 'False'
[0.329s] Level 5:colcon.colcon_core.verb:set package 'status_display' build argument 'cmake_clean_cache' from command line to 'False'
[0.329s] Level 5:colcon.colcon_core.verb:set package 'status_display' build argument 'cmake_clean_first' from command line to 'False'
[0.329s] Level 5:colcon.colcon_core.verb:set package 'status_display' build argument 'cmake_force_configure' from command line to 'False'
[0.329s] Level 5:colcon.colcon_core.verb:set package 'status_display' build argument 'ament_cmake_args' from command line to 'None'
[0.329s] Level 5:colcon.colcon_core.verb:set package 'status_display' build argument 'catkin_cmake_args' from command line to 'None'
[0.329s] Level 5:colcon.colcon_core.verb:set package 'status_display' build argument 'catkin_skip_building_tests' from command line to 'False'
[0.329s] DEBUG:colcon.colcon_core.verb:Building package 'status_display' with the following arguments: {'ament_cmake_args': None, 'build_base': '/home/fishros/document/GitHub/Learning-ROS2-with-Fishbot/chapt3/topic_practice_ws/src/build/status_display', 'catkin_cmake_args': None, 'catkin_skip_building_tests': False, 'cmake_args': None, 'cmake_clean_cache': False, 'cmake_clean_first': False, 'cmake_force_configure': False, 'cmake_target': None, 'cmake_target_skip_unavailable': False, 'install_base': '/home/fishros/document/GitHub/Learning-ROS2-with-Fishbot/chapt3/topic_practice_ws/src/install/status_display', 'merge_install': False, 'path': '/home/fishros/document/GitHub/Learning-ROS2-with-Fishbot/chapt3/topic_practice_ws/src/status_display', 'symlink_install': False, 'test_result_base': None}
[0.330s] Level 5:colcon.colcon_core.verb:set package 'status_publisher' build argument 'cmake_args' from command line to 'None'
[0.330s] Level 5:colcon.colcon_core.verb:set package 'status_publisher' build argument 'cmake_target' from command line to 'None'
[0.330s] Level 5:colcon.colcon_core.verb:set package 'status_publisher' build argument 'cmake_target_skip_unavailable' from command line to 'False'
[0.330s] Level 5:colcon.colcon_core.verb:set package 'status_publisher' build argument 'cmake_clean_cache' from command line to 'False'
[0.330s] Level 5:colcon.colcon_core.verb:set package 'status_publisher' build argument 'cmake_clean_first' from command line to 'False'
[0.330s] Level 5:colcon.colcon_core.verb:set package 'status_publisher' build argument 'cmake_force_configure' from command line to 'False'
[0.330s] Level 5:colcon.colcon_core.verb:set package 'status_publisher' build argument 'ament_cmake_args' from command line to 'None'
[0.330s] Level 5:colcon.colcon_core.verb:set package 'status_publisher' build argument 'catkin_cmake_args' from command line to 'None'
[0.330s] Level 5:colcon.colcon_core.verb:set package 'status_publisher' build argument 'catkin_skip_building_tests' from command line to 'False'
[0.330s] DEBUG:colcon.colcon_core.verb:Building package 'status_publisher' with the following arguments: {'ament_cmake_args': None, 'build_base': '/home/fishros/document/GitHub/Learning-ROS2-with-Fishbot/chapt3/topic_practice_ws/src/build/status_publisher', 'catkin_cmake_args': None, 'catkin_skip_building_tests': False, 'cmake_args': None, 'cmake_clean_cache': False, 'cmake_clean_first': False, 'cmake_force_configure': False, 'cmake_target': None, 'cmake_target_skip_unavailable': False, 'install_base': '/home/fishros/document/GitHub/Learning-ROS2-with-Fishbot/chapt3/topic_practice_ws/src/install/status_publisher', 'merge_install': False, 'path': '/home/fishros/document/GitHub/Learning-ROS2-with-Fishbot/chapt3/topic_practice_ws/src/status_publisher', 'symlink_install': False, 'test_result_base': None}
[0.330s] INFO:colcon.colcon_core.executor:Executing jobs using 'parallel' executor
[0.332s] DEBUG:colcon.colcon_parallel_executor.executor.parallel:run_until_complete
[0.333s] INFO:colcon.colcon_ros.task.ament_cmake.build:Building ROS package in '/home/fishros/document/GitHub/Learning-ROS2-with-Fishbot/chapt3/topic_practice_ws/src/status_interfaces' with build type 'ament_cmake'
[0.333s] INFO:colcon.colcon_cmake.task.cmake.build:Building CMake package in '/home/fishros/document/GitHub/Learning-ROS2-with-Fishbot/chapt3/topic_practice_ws/src/status_interfaces'
[0.336s] INFO:colcon.colcon_core.plugin_system:Skipping extension 'colcon_core.shell.bat': Not used on non-Windows systems
[0.336s] INFO:colcon.colcon_core.shell:Skip shell extension 'powershell' for command environment: Not usable outside of PowerShell
[0.336s] DEBUG:colcon.colcon_core.shell:Skip shell extension 'dsv' for command environment
[0.349s] DEBUG:colcon.colcon_core.event_handler.log_command:Invoking command in '/home/fishros/document/GitHub/Learning-ROS2-with-Fishbot/chapt3/topic_practice_ws/src/build/status_interfaces': CMAKE_PREFIX_PATH=/opt/ros/humble /usr/bin/cmake --build /home/fishros/document/GitHub/Learning-ROS2-with-Fishbot/chapt3/topic_practice_ws/src/build/status_interfaces -- -j8 -l8
[0.909s] DEBUG:colcon.colcon_core.event_handler.log_command:Invoked command in '/home/fishros/document/GitHub/Learning-ROS2-with-Fishbot/chapt3/topic_practice_ws/src/build/status_interfaces' returned '0': CMAKE_PREFIX_PATH=/opt/ros/humble /usr/bin/cmake --build /home/fishros/document/GitHub/Learning-ROS2-with-Fishbot/chapt3/topic_practice_ws/src/build/status_interfaces -- -j8 -l8
[0.925s] DEBUG:colcon.colcon_core.event_handler.log_command:Invoking command in '/home/fishros/document/GitHub/Learning-ROS2-with-Fishbot/chapt3/topic_practice_ws/src/build/status_interfaces': CMAKE_PREFIX_PATH=/opt/ros/humble /usr/bin/cmake --install /home/fishros/document/GitHub/Learning-ROS2-with-Fishbot/chapt3/topic_practice_ws/src/build/status_interfaces
[1.011s] Level 1:colcon.colcon_core.environment:create_environment_scripts_only(status_interfaces)
[1.012s] DEBUG:colcon.colcon_core.event_handler.log_command:Invoked command in '/home/fishros/document/GitHub/Learning-ROS2-with-Fishbot/chapt3/topic_practice_ws/src/build/status_interfaces' returned '0': CMAKE_PREFIX_PATH=/opt/ros/humble /usr/bin/cmake --install /home/fishros/document/GitHub/Learning-ROS2-with-Fishbot/chapt3/topic_practice_ws/src/build/status_interfaces
[1.016s] Level 1:colcon.colcon_core.environment:checking '/home/fishros/document/GitHub/Learning-ROS2-with-Fishbot/chapt3/topic_practice_ws/src/install/status_interfaces' for CMake module files
[1.017s] Level 1:colcon.colcon_core.environment:checking '/home/fishros/document/GitHub/Learning-ROS2-with-Fishbot/chapt3/topic_practice_ws/src/install/status_interfaces' for CMake config files
[1.018s] Level 1:colcon.colcon_core.shell:create_environment_hook('status_interfaces', 'cmake_prefix_path')
[1.018s] INFO:colcon.colcon_core.shell:Creating environment hook '/home/fishros/document/GitHub/Learning-ROS2-with-Fishbot/chapt3/topic_practice_ws/src/install/status_interfaces/share/status_interfaces/hook/cmake_prefix_path.ps1'
[1.019s] INFO:colcon.colcon_core.shell:Creating environment descriptor '/home/fishros/document/GitHub/Learning-ROS2-with-Fishbot/chapt3/topic_practice_ws/src/install/status_interfaces/share/status_interfaces/hook/cmake_prefix_path.dsv'
[1.020s] INFO:colcon.colcon_core.shell:Creating environment hook '/home/fishros/document/GitHub/Learning-ROS2-with-Fishbot/chapt3/topic_practice_ws/src/install/status_interfaces/share/status_interfaces/hook/cmake_prefix_path.sh'
[1.021s] Level 1:colcon.colcon_core.environment:checking '/home/fishros/document/GitHub/Learning-ROS2-with-Fishbot/chapt3/topic_practice_ws/src/install/status_interfaces/lib'
[1.022s] Level 1:colcon.colcon_core.shell:create_environment_hook('status_interfaces', 'ld_library_path_lib')
[1.022s] INFO:colcon.colcon_core.shell:Creating environment hook '/home/fishros/document/GitHub/Learning-ROS2-with-Fishbot/chapt3/topic_practice_ws/src/install/status_interfaces/share/status_interfaces/hook/ld_library_path_lib.ps1'
[1.023s] INFO:colcon.colcon_core.shell:Creating environment descriptor '/home/fishros/document/GitHub/Learning-ROS2-with-Fishbot/chapt3/topic_practice_ws/src/install/status_interfaces/share/status_interfaces/hook/ld_library_path_lib.dsv'
[1.023s] INFO:colcon.colcon_core.shell:Creating environment hook '/home/fishros/document/GitHub/Learning-ROS2-with-Fishbot/chapt3/topic_practice_ws/src/install/status_interfaces/share/status_interfaces/hook/ld_library_path_lib.sh'
[1.024s] Level 1:colcon.colcon_core.environment:checking '/home/fishros/document/GitHub/Learning-ROS2-with-Fishbot/chapt3/topic_practice_ws/src/install/status_interfaces/bin'
[1.024s] Level 1:colcon.colcon_core.environment:checking '/home/fishros/document/GitHub/Learning-ROS2-with-Fishbot/chapt3/topic_practice_ws/src/install/status_interfaces/lib/pkgconfig/status_interfaces.pc'
[1.024s] Level 1:colcon.colcon_core.environment:checking '/home/fishros/document/GitHub/Learning-ROS2-with-Fishbot/chapt3/topic_practice_ws/src/install/status_interfaces/lib/python3.10/site-packages'
[1.025s] Level 1:colcon.colcon_core.environment:checking '/home/fishros/document/GitHub/Learning-ROS2-with-Fishbot/chapt3/topic_practice_ws/src/install/status_interfaces/bin'
[1.025s] INFO:colcon.colcon_core.shell:Creating package script '/home/fishros/document/GitHub/Learning-ROS2-with-Fishbot/chapt3/topic_practice_ws/src/install/status_interfaces/share/status_interfaces/package.ps1'
[1.026s] INFO:colcon.colcon_core.shell:Creating package descriptor '/home/fishros/document/GitHub/Learning-ROS2-with-Fishbot/chapt3/topic_practice_ws/src/install/status_interfaces/share/status_interfaces/package.dsv'
[1.027s] INFO:colcon.colcon_core.shell:Creating package script '/home/fishros/document/GitHub/Learning-ROS2-with-Fishbot/chapt3/topic_practice_ws/src/install/status_interfaces/share/status_interfaces/package.sh'
[1.028s] INFO:colcon.colcon_core.shell:Creating package script '/home/fishros/document/GitHub/Learning-ROS2-with-Fishbot/chapt3/topic_practice_ws/src/install/status_interfaces/share/status_interfaces/package.bash'
[1.029s] INFO:colcon.colcon_core.shell:Creating package script '/home/fishros/document/GitHub/Learning-ROS2-with-Fishbot/chapt3/topic_practice_ws/src/install/status_interfaces/share/status_interfaces/package.zsh'
[1.030s] Level 1:colcon.colcon_core.environment:create_file_with_runtime_dependencies(/home/fishros/document/GitHub/Learning-ROS2-with-Fishbot/chapt3/topic_practice_ws/src/install/status_interfaces/share/colcon-core/packages/status_interfaces)
[1.031s] Level 1:colcon.colcon_core.environment:create_environment_scripts_only(status_interfaces)
[1.031s] Level 1:colcon.colcon_core.environment:checking '/home/fishros/document/GitHub/Learning-ROS2-with-Fishbot/chapt3/topic_practice_ws/src/install/status_interfaces' for CMake module files
[1.032s] Level 1:colcon.colcon_core.environment:checking '/home/fishros/document/GitHub/Learning-ROS2-with-Fishbot/chapt3/topic_practice_ws/src/install/status_interfaces' for CMake config files
[1.033s] Level 1:colcon.colcon_core.shell:create_environment_hook('status_interfaces', 'cmake_prefix_path')
[1.033s] INFO:colcon.colcon_core.shell:Creating environment hook '/home/fishros/document/GitHub/Learning-ROS2-with-Fishbot/chapt3/topic_practice_ws/src/install/status_interfaces/share/status_interfaces/hook/cmake_prefix_path.ps1'
[1.033s] INFO:colcon.colcon_core.shell:Creating environment descriptor '/home/fishros/document/GitHub/Learning-ROS2-with-Fishbot/chapt3/topic_practice_ws/src/install/status_interfaces/share/status_interfaces/hook/cmake_prefix_path.dsv'
[1.034s] INFO:colcon.colcon_core.shell:Creating environment hook '/home/fishros/document/GitHub/Learning-ROS2-with-Fishbot/chapt3/topic_practice_ws/src/install/status_interfaces/share/status_interfaces/hook/cmake_prefix_path.sh'
[1.034s] Level 1:colcon.colcon_core.environment:checking '/home/fishros/document/GitHub/Learning-ROS2-with-Fishbot/chapt3/topic_practice_ws/src/install/status_interfaces/lib'
[1.034s] Level 1:colcon.colcon_core.shell:create_environment_hook('status_interfaces', 'ld_library_path_lib')
[1.035s] INFO:colcon.colcon_core.shell:Creating environment hook '/home/fishros/document/GitHub/Learning-ROS2-with-Fishbot/chapt3/topic_practice_ws/src/install/status_interfaces/share/status_interfaces/hook/ld_library_path_lib.ps1'
[1.035s] INFO:colcon.colcon_core.shell:Creating environment descriptor '/home/fishros/document/GitHub/Learning-ROS2-with-Fishbot/chapt3/topic_practice_ws/src/install/status_interfaces/share/status_interfaces/hook/ld_library_path_lib.dsv'
[1.036s] INFO:colcon.colcon_core.shell:Creating environment hook '/home/fishros/document/GitHub/Learning-ROS2-with-Fishbot/chapt3/topic_practice_ws/src/install/status_interfaces/share/status_interfaces/hook/ld_library_path_lib.sh'
[1.036s] Level 1:colcon.colcon_core.environment:checking '/home/fishros/document/GitHub/Learning-ROS2-with-Fishbot/chapt3/topic_practice_ws/src/install/status_interfaces/bin'
[1.036s] Level 1:colcon.colcon_core.environment:checking '/home/fishros/document/GitHub/Learning-ROS2-with-Fishbot/chapt3/topic_practice_ws/src/install/status_interfaces/lib/pkgconfig/status_interfaces.pc'
[1.036s] Level 1:colcon.colcon_core.environment:checking '/home/fishros/document/GitHub/Learning-ROS2-with-Fishbot/chapt3/topic_practice_ws/src/install/status_interfaces/lib/python3.10/site-packages'
[1.037s] Level 1:colcon.colcon_core.environment:checking '/home/fishros/document/GitHub/Learning-ROS2-with-Fishbot/chapt3/topic_practice_ws/src/install/status_interfaces/bin'
[1.037s] INFO:colcon.colcon_core.shell:Creating package script '/home/fishros/document/GitHub/Learning-ROS2-with-Fishbot/chapt3/topic_practice_ws/src/install/status_interfaces/share/status_interfaces/package.ps1'
[1.038s] INFO:colcon.colcon_core.shell:Creating package descriptor '/home/fishros/document/GitHub/Learning-ROS2-with-Fishbot/chapt3/topic_practice_ws/src/install/status_interfaces/share/status_interfaces/package.dsv'
[1.038s] INFO:colcon.colcon_core.shell:Creating package script '/home/fishros/document/GitHub/Learning-ROS2-with-Fishbot/chapt3/topic_practice_ws/src/install/status_interfaces/share/status_interfaces/package.sh'
[1.039s] INFO:colcon.colcon_core.shell:Creating package script '/home/fishros/document/GitHub/Learning-ROS2-with-Fishbot/chapt3/topic_practice_ws/src/install/status_interfaces/share/status_interfaces/package.bash'
[1.039s] INFO:colcon.colcon_core.shell:Creating package script '/home/fishros/document/GitHub/Learning-ROS2-with-Fishbot/chapt3/topic_practice_ws/src/install/status_interfaces/share/status_interfaces/package.zsh'
[1.040s] Level 1:colcon.colcon_core.environment:create_file_with_runtime_dependencies(/home/fishros/document/GitHub/Learning-ROS2-with-Fishbot/chapt3/topic_practice_ws/src/install/status_interfaces/share/colcon-core/packages/status_interfaces)
[1.040s] INFO:colcon.colcon_ros.task.ament_cmake.build:Building ROS package in '/home/fishros/document/GitHub/Learning-ROS2-with-Fishbot/chapt3/topic_practice_ws/src/status_display' with build type 'ament_cmake'
[1.040s] INFO:colcon.colcon_cmake.task.cmake.build:Building CMake package in '/home/fishros/document/GitHub/Learning-ROS2-with-Fishbot/chapt3/topic_practice_ws/src/status_display'
[1.041s] INFO:colcon.colcon_core.shell:Skip shell extension 'powershell' for command environment: Not usable outside of PowerShell
[1.041s] DEBUG:colcon.colcon_core.shell:Skip shell extension 'dsv' for command environment
[1.046s] INFO:colcon.colcon_ros.task.ament_python.build:Building ROS package in '/home/fishros/document/GitHub/Learning-ROS2-with-Fishbot/chapt3/topic_practice_ws/src/status_publisher' with build type 'ament_python'
[1.046s] Level 1:colcon.colcon_core.shell:create_environment_hook('status_publisher', 'ament_prefix_path')
[1.046s] INFO:colcon.colcon_core.shell:Creating environment hook '/home/fishros/document/GitHub/Learning-ROS2-with-Fishbot/chapt3/topic_practice_ws/src/install/status_publisher/share/status_publisher/hook/ament_prefix_path.ps1'
[1.047s] INFO:colcon.colcon_core.shell:Creating environment descriptor '/home/fishros/document/GitHub/Learning-ROS2-with-Fishbot/chapt3/topic_practice_ws/src/install/status_publisher/share/status_publisher/hook/ament_prefix_path.dsv'
[1.047s] INFO:colcon.colcon_core.shell:Creating environment hook '/home/fishros/document/GitHub/Learning-ROS2-with-Fishbot/chapt3/topic_practice_ws/src/install/status_publisher/share/status_publisher/hook/ament_prefix_path.sh'
[1.048s] INFO:colcon.colcon_core.shell:Skip shell extension 'powershell' for command environment: Not usable outside of PowerShell
[1.048s] DEBUG:colcon.colcon_core.shell:Skip shell extension 'dsv' for command environment
[1.060s] DEBUG:colcon.colcon_core.event_handler.log_command:Invoking command in '/home/fishros/document/GitHub/Learning-ROS2-with-Fishbot/chapt3/topic_practice_ws/src/build/status_display': AMENT_PREFIX_PATH=/home/fishros/document/GitHub/Learning-ROS2-with-Fishbot/chapt3/topic_practice_ws/src/install/status_interfaces:${AMENT_PREFIX_PATH} CMAKE_PREFIX_PATH=/home/fishros/document/GitHub/Learning-ROS2-with-Fishbot/chapt3/topic_practice_ws/src/install/status_interfaces:/opt/ros/humble LD_LIBRARY_PATH=/home/fishros/document/GitHub/Learning-ROS2-with-Fishbot/chapt3/topic_practice_ws/src/install/status_interfaces/lib:${LD_LIBRARY_PATH} PYTHONPATH=/home/fishros/document/GitHub/Learning-ROS2-with-Fishbot/chapt3/topic_practice_ws/src/install/status_interfaces/local/lib/python3.10/dist-packages:${PYTHONPATH} /usr/bin/cmake /home/fishros/document/GitHub/Learning-ROS2-with-Fishbot/chapt3/topic_practice_ws/src/status_display -DCMAKE_INSTALL_PREFIX=/home/fishros/document/GitHub/Learning-ROS2-with-Fishbot/chapt3/topic_practice_ws/src/install/status_display
[1.421s] INFO:colcon.colcon_core.task.python.build:Building Python package in '/home/fishros/document/GitHub/Learning-ROS2-with-Fishbot/chapt3/topic_practice_ws/src/status_publisher'
[1.422s] INFO:colcon.colcon_core.shell:Skip shell extension 'powershell' for command environment: Not usable outside of PowerShell
[1.422s] DEBUG:colcon.colcon_core.shell:Skip shell extension 'dsv' for command environment
[1.924s] DEBUG:colcon.colcon_core.event_handler.log_command:Invoked command in '/home/fishros/document/GitHub/Learning-ROS2-with-Fishbot/chapt3/topic_practice_ws/src/build/status_display' returned '0': AMENT_PREFIX_PATH=/home/fishros/document/GitHub/Learning-ROS2-with-Fishbot/chapt3/topic_practice_ws/src/install/status_interfaces:${AMENT_PREFIX_PATH} CMAKE_PREFIX_PATH=/home/fishros/document/GitHub/Learning-ROS2-with-Fishbot/chapt3/topic_practice_ws/src/install/status_interfaces:/opt/ros/humble LD_LIBRARY_PATH=/home/fishros/document/GitHub/Learning-ROS2-with-Fishbot/chapt3/topic_practice_ws/src/install/status_interfaces/lib:${LD_LIBRARY_PATH} PYTHONPATH=/home/fishros/document/GitHub/Learning-ROS2-with-Fishbot/chapt3/topic_practice_ws/src/install/status_interfaces/local/lib/python3.10/dist-packages:${PYTHONPATH} /usr/bin/cmake /home/fishros/document/GitHub/Learning-ROS2-with-Fishbot/chapt3/topic_practice_ws/src/status_display -DCMAKE_INSTALL_PREFIX=/home/fishros/document/GitHub/Learning-ROS2-with-Fishbot/chapt3/topic_practice_ws/src/install/status_display
[1.931s] DEBUG:colcon.colcon_core.event_handler.log_command:Invoking command in '/home/fishros/document/GitHub/Learning-ROS2-with-Fishbot/chapt3/topic_practice_ws/src/build/status_display': AMENT_PREFIX_PATH=/home/fishros/document/GitHub/Learning-ROS2-with-Fishbot/chapt3/topic_practice_ws/src/install/status_interfaces:${AMENT_PREFIX_PATH} CMAKE_PREFIX_PATH=/home/fishros/document/GitHub/Learning-ROS2-with-Fishbot/chapt3/topic_practice_ws/src/install/status_interfaces:/opt/ros/humble LD_LIBRARY_PATH=/home/fishros/document/GitHub/Learning-ROS2-with-Fishbot/chapt3/topic_practice_ws/src/install/status_interfaces/lib:${LD_LIBRARY_PATH} PYTHONPATH=/home/fishros/document/GitHub/Learning-ROS2-with-Fishbot/chapt3/topic_practice_ws/src/install/status_interfaces/local/lib/python3.10/dist-packages:${PYTHONPATH} /usr/bin/cmake --build /home/fishros/document/GitHub/Learning-ROS2-with-Fishbot/chapt3/topic_practice_ws/src/build/status_display -- -j8 -l8
[2.172s] DEBUG:colcon.colcon_core.event_handler.log_command:Invoking command in '/home/fishros/document/GitHub/Learning-ROS2-with-Fishbot/chapt3/topic_practice_ws/src/status_publisher': AMENT_PREFIX_PATH=/home/fishros/document/GitHub/Learning-ROS2-with-Fishbot/chapt3/topic_practice_ws/src/install/status_interfaces:${AMENT_PREFIX_PATH} CMAKE_PREFIX_PATH=/home/fishros/document/GitHub/Learning-ROS2-with-Fishbot/chapt3/topic_practice_ws/src/install/status_interfaces LD_LIBRARY_PATH=/home/fishros/document/GitHub/Learning-ROS2-with-Fishbot/chapt3/topic_practice_ws/src/install/status_interfaces/lib:${LD_LIBRARY_PATH} PYTHONPATH=/home/fishros/document/GitHub/Learning-ROS2-with-Fishbot/chapt3/topic_practice_ws/src/build/status_publisher/prefix_override:/usr/lib/python3/dist-packages/colcon_core/task/python/colcon_distutils_commands:/home/fishros/document/GitHub/Learning-ROS2-with-Fishbot/chapt3/topic_practice_ws/src/install/status_publisher/lib/python3.10/site-packages:/home/fishros/document/GitHub/Learning-ROS2-with-Fishbot/chapt3/topic_practice_ws/src/install/status_interfaces/local/lib/python3.10/dist-packages:${PYTHONPATH} /usr/bin/python3 -W ignore:setup.py install is deprecated -W ignore:easy_install command is deprecated setup.py egg_info --egg-base ../build/status_publisher build --build-base /home/fishros/document/GitHub/Learning-ROS2-with-Fishbot/chapt3/topic_practice_ws/src/build/status_publisher/build install --record /home/fishros/document/GitHub/Learning-ROS2-with-Fishbot/chapt3/topic_practice_ws/src/build/status_publisher/install.log --single-version-externally-managed install_data
[2.891s] Level 1:colcon.colcon_core.environment:checking '/home/fishros/document/GitHub/Learning-ROS2-with-Fishbot/chapt3/topic_practice_ws/src/install/status_publisher' for CMake module files
[2.892s] DEBUG:colcon.colcon_core.event_handler.log_command:Invoked command in '/home/fishros/document/GitHub/Learning-ROS2-with-Fishbot/chapt3/topic_practice_ws/src/status_publisher' returned '0': AMENT_PREFIX_PATH=/home/fishros/document/GitHub/Learning-ROS2-with-Fishbot/chapt3/topic_practice_ws/src/install/status_interfaces:${AMENT_PREFIX_PATH} CMAKE_PREFIX_PATH=/home/fishros/document/GitHub/Learning-ROS2-with-Fishbot/chapt3/topic_practice_ws/src/install/status_interfaces LD_LIBRARY_PATH=/home/fishros/document/GitHub/Learning-ROS2-with-Fishbot/chapt3/topic_practice_ws/src/install/status_interfaces/lib:${LD_LIBRARY_PATH} PYTHONPATH=/home/fishros/document/GitHub/Learning-ROS2-with-Fishbot/chapt3/topic_practice_ws/src/build/status_publisher/prefix_override:/usr/lib/python3/dist-packages/colcon_core/task/python/colcon_distutils_commands:/home/fishros/document/GitHub/Learning-ROS2-with-Fishbot/chapt3/topic_practice_ws/src/install/status_publisher/lib/python3.10/site-packages:/home/fishros/document/GitHub/Learning-ROS2-with-Fishbot/chapt3/topic_practice_ws/src/install/status_interfaces/local/lib/python3.10/dist-packages:${PYTHONPATH} /usr/bin/python3 -W ignore:setup.py install is deprecated -W ignore:easy_install command is deprecated setup.py egg_info --egg-base ../build/status_publisher build --build-base /home/fishros/document/GitHub/Learning-ROS2-with-Fishbot/chapt3/topic_practice_ws/src/build/status_publisher/build install --record /home/fishros/document/GitHub/Learning-ROS2-with-Fishbot/chapt3/topic_practice_ws/src/build/status_publisher/install.log --single-version-externally-managed install_data
[2.892s] Level 1:colcon.colcon_core.environment:checking '/home/fishros/document/GitHub/Learning-ROS2-with-Fishbot/chapt3/topic_practice_ws/src/install/status_publisher' for CMake config files
[2.894s] Level 1:colcon.colcon_core.environment:checking '/home/fishros/document/GitHub/Learning-ROS2-with-Fishbot/chapt3/topic_practice_ws/src/install/status_publisher/lib'
[2.894s] Level 1:colcon.colcon_core.environment:checking '/home/fishros/document/GitHub/Learning-ROS2-with-Fishbot/chapt3/topic_practice_ws/src/install/status_publisher/bin'
[2.894s] Level 1:colcon.colcon_core.environment:checking '/home/fishros/document/GitHub/Learning-ROS2-with-Fishbot/chapt3/topic_practice_ws/src/install/status_publisher/lib/pkgconfig/status_publisher.pc'
[2.894s] Level 1:colcon.colcon_core.environment:checking '/home/fishros/document/GitHub/Learning-ROS2-with-Fishbot/chapt3/topic_practice_ws/src/install/status_publisher/lib/python3.10/site-packages'
[2.894s] Level 1:colcon.colcon_core.shell:create_environment_hook('status_publisher', 'pythonpath')
[2.895s] INFO:colcon.colcon_core.shell:Creating environment hook '/home/fishros/document/GitHub/Learning-ROS2-with-Fishbot/chapt3/topic_practice_ws/src/install/status_publisher/share/status_publisher/hook/pythonpath.ps1'
[2.896s] INFO:colcon.colcon_core.shell:Creating environment descriptor '/home/fishros/document/GitHub/Learning-ROS2-with-Fishbot/chapt3/topic_practice_ws/src/install/status_publisher/share/status_publisher/hook/pythonpath.dsv'
[2.897s] INFO:colcon.colcon_core.shell:Creating environment hook '/home/fishros/document/GitHub/Learning-ROS2-with-Fishbot/chapt3/topic_practice_ws/src/install/status_publisher/share/status_publisher/hook/pythonpath.sh'
[2.898s] Level 1:colcon.colcon_core.environment:checking '/home/fishros/document/GitHub/Learning-ROS2-with-Fishbot/chapt3/topic_practice_ws/src/install/status_publisher/bin'
[2.898s] Level 1:colcon.colcon_core.environment:create_environment_scripts_only(status_publisher)
[2.899s] INFO:colcon.colcon_core.shell:Creating package script '/home/fishros/document/GitHub/Learning-ROS2-with-Fishbot/chapt3/topic_practice_ws/src/install/status_publisher/share/status_publisher/package.ps1'
[2.900s] INFO:colcon.colcon_core.shell:Creating package descriptor '/home/fishros/document/GitHub/Learning-ROS2-with-Fishbot/chapt3/topic_practice_ws/src/install/status_publisher/share/status_publisher/package.dsv'
[2.900s] INFO:colcon.colcon_core.shell:Creating package script '/home/fishros/document/GitHub/Learning-ROS2-with-Fishbot/chapt3/topic_practice_ws/src/install/status_publisher/share/status_publisher/package.sh'
[2.901s] INFO:colcon.colcon_core.shell:Creating package script '/home/fishros/document/GitHub/Learning-ROS2-with-Fishbot/chapt3/topic_practice_ws/src/install/status_publisher/share/status_publisher/package.bash'
[2.902s] INFO:colcon.colcon_core.shell:Creating package script '/home/fishros/document/GitHub/Learning-ROS2-with-Fishbot/chapt3/topic_practice_ws/src/install/status_publisher/share/status_publisher/package.zsh'
[2.902s] Level 1:colcon.colcon_core.environment:create_file_with_runtime_dependencies(/home/fishros/document/GitHub/Learning-ROS2-with-Fishbot/chapt3/topic_practice_ws/src/install/status_publisher/share/colcon-core/packages/status_publisher)
[17.212s] DEBUG:colcon.colcon_core.event_handler.log_command:Invoked command in '/home/fishros/document/GitHub/Learning-ROS2-with-Fishbot/chapt3/topic_practice_ws/src/build/status_display' returned '0': AMENT_PREFIX_PATH=/home/fishros/document/GitHub/Learning-ROS2-with-Fishbot/chapt3/topic_practice_ws/src/install/status_interfaces:${AMENT_PREFIX_PATH} CMAKE_PREFIX_PATH=/home/fishros/document/GitHub/Learning-ROS2-with-Fishbot/chapt3/topic_practice_ws/src/install/status_interfaces:/opt/ros/humble LD_LIBRARY_PATH=/home/fishros/document/GitHub/Learning-ROS2-with-Fishbot/chapt3/topic_practice_ws/src/install/status_interfaces/lib:${LD_LIBRARY_PATH} PYTHONPATH=/home/fishros/document/GitHub/Learning-ROS2-with-Fishbot/chapt3/topic_practice_ws/src/install/status_interfaces/local/lib/python3.10/dist-packages:${PYTHONPATH} /usr/bin/cmake --build /home/fishros/document/GitHub/Learning-ROS2-with-Fishbot/chapt3/topic_practice_ws/src/build/status_display -- -j8 -l8
[17.215s] DEBUG:colcon.colcon_core.event_handler.log_command:Invoking command in '/home/fishros/document/GitHub/Learning-ROS2-with-Fishbot/chapt3/topic_practice_ws/src/build/status_display': AMENT_PREFIX_PATH=/home/fishros/document/GitHub/Learning-ROS2-with-Fishbot/chapt3/topic_practice_ws/src/install/status_interfaces:${AMENT_PREFIX_PATH} CMAKE_PREFIX_PATH=/home/fishros/document/GitHub/Learning-ROS2-with-Fishbot/chapt3/topic_practice_ws/src/install/status_interfaces:/opt/ros/humble LD_LIBRARY_PATH=/home/fishros/document/GitHub/Learning-ROS2-with-Fishbot/chapt3/topic_practice_ws/src/install/status_interfaces/lib:${LD_LIBRARY_PATH} PYTHONPATH=/home/fishros/document/GitHub/Learning-ROS2-with-Fishbot/chapt3/topic_practice_ws/src/install/status_interfaces/local/lib/python3.10/dist-packages:${PYTHONPATH} /usr/bin/cmake --install /home/fishros/document/GitHub/Learning-ROS2-with-Fishbot/chapt3/topic_practice_ws/src/build/status_display
[17.236s] Level 1:colcon.colcon_core.environment:create_environment_scripts_only(status_display)
[17.236s] Level 1:colcon.colcon_core.environment:checking '/home/fishros/document/GitHub/Learning-ROS2-with-Fishbot/chapt3/topic_practice_ws/src/install/status_display' for CMake module files
[17.237s] DEBUG:colcon.colcon_core.event_handler.log_command:Invoked command in '/home/fishros/document/GitHub/Learning-ROS2-with-Fishbot/chapt3/topic_practice_ws/src/build/status_display' returned '0': AMENT_PREFIX_PATH=/home/fishros/document/GitHub/Learning-ROS2-with-Fishbot/chapt3/topic_practice_ws/src/install/status_interfaces:${AMENT_PREFIX_PATH} CMAKE_PREFIX_PATH=/home/fishros/document/GitHub/Learning-ROS2-with-Fishbot/chapt3/topic_practice_ws/src/install/status_interfaces:/opt/ros/humble LD_LIBRARY_PATH=/home/fishros/document/GitHub/Learning-ROS2-with-Fishbot/chapt3/topic_practice_ws/src/install/status_interfaces/lib:${LD_LIBRARY_PATH} PYTHONPATH=/home/fishros/document/GitHub/Learning-ROS2-with-Fishbot/chapt3/topic_practice_ws/src/install/status_interfaces/local/lib/python3.10/dist-packages:${PYTHONPATH} /usr/bin/cmake --install /home/fishros/document/GitHub/Learning-ROS2-with-Fishbot/chapt3/topic_practice_ws/src/build/status_display
[17.238s] Level 1:colcon.colcon_core.environment:checking '/home/fishros/document/GitHub/Learning-ROS2-with-Fishbot/chapt3/topic_practice_ws/src/install/status_display' for CMake config files
[17.239s] Level 1:colcon.colcon_core.shell:create_environment_hook('status_display', 'cmake_prefix_path')
[17.239s] INFO:colcon.colcon_core.shell:Creating environment hook '/home/fishros/document/GitHub/Learning-ROS2-with-Fishbot/chapt3/topic_practice_ws/src/install/status_display/share/status_display/hook/cmake_prefix_path.ps1'
[17.240s] INFO:colcon.colcon_core.shell:Creating environment descriptor '/home/fishros/document/GitHub/Learning-ROS2-with-Fishbot/chapt3/topic_practice_ws/src/install/status_display/share/status_display/hook/cmake_prefix_path.dsv'
[17.240s] INFO:colcon.colcon_core.shell:Creating environment hook '/home/fishros/document/GitHub/Learning-ROS2-with-Fishbot/chapt3/topic_practice_ws/src/install/status_display/share/status_display/hook/cmake_prefix_path.sh'
[17.241s] Level 1:colcon.colcon_core.environment:checking '/home/fishros/document/GitHub/Learning-ROS2-with-Fishbot/chapt3/topic_practice_ws/src/install/status_display/lib'
[17.242s] Level 1:colcon.colcon_core.environment:checking '/home/fishros/document/GitHub/Learning-ROS2-with-Fishbot/chapt3/topic_practice_ws/src/install/status_display/bin'
[17.242s] Level 1:colcon.colcon_core.environment:checking '/home/fishros/document/GitHub/Learning-ROS2-with-Fishbot/chapt3/topic_practice_ws/src/install/status_display/lib/pkgconfig/status_display.pc'
[17.242s] Level 1:colcon.colcon_core.environment:checking '/home/fishros/document/GitHub/Learning-ROS2-with-Fishbot/chapt3/topic_practice_ws/src/install/status_display/lib/python3.10/site-packages'
[17.243s] Level 1:colcon.colcon_core.environment:checking '/home/fishros/document/GitHub/Learning-ROS2-with-Fishbot/chapt3/topic_practice_ws/src/install/status_display/bin'
[17.243s] INFO:colcon.colcon_core.shell:Creating package script '/home/fishros/document/GitHub/Learning-ROS2-with-Fishbot/chapt3/topic_practice_ws/src/install/status_display/share/status_display/package.ps1'
[17.244s] INFO:colcon.colcon_core.shell:Creating package descriptor '/home/fishros/document/GitHub/Learning-ROS2-with-Fishbot/chapt3/topic_practice_ws/src/install/status_display/share/status_display/package.dsv'
[17.244s] INFO:colcon.colcon_core.shell:Creating package script '/home/fishros/document/GitHub/Learning-ROS2-with-Fishbot/chapt3/topic_practice_ws/src/install/status_display/share/status_display/package.sh'
[17.245s] INFO:colcon.colcon_core.shell:Creating package script '/home/fishros/document/GitHub/Learning-ROS2-with-Fishbot/chapt3/topic_practice_ws/src/install/status_display/share/status_display/package.bash'
[17.245s] INFO:colcon.colcon_core.shell:Creating package script '/home/fishros/document/GitHub/Learning-ROS2-with-Fishbot/chapt3/topic_practice_ws/src/install/status_display/share/status_display/package.zsh'
[17.246s] Level 1:colcon.colcon_core.environment:create_file_with_runtime_dependencies(/home/fishros/document/GitHub/Learning-ROS2-with-Fishbot/chapt3/topic_practice_ws/src/install/status_display/share/colcon-core/packages/status_display)
[17.247s] Level 1:colcon.colcon_core.environment:create_environment_scripts_only(status_display)
[17.247s] Level 1:colcon.colcon_core.environment:checking '/home/fishros/document/GitHub/Learning-ROS2-with-Fishbot/chapt3/topic_practice_ws/src/install/status_display' for CMake module files
[17.248s] Level 1:colcon.colcon_core.environment:checking '/home/fishros/document/GitHub/Learning-ROS2-with-Fishbot/chapt3/topic_practice_ws/src/install/status_display' for CMake config files
[17.248s] Level 1:colcon.colcon_core.shell:create_environment_hook('status_display', 'cmake_prefix_path')
[17.249s] INFO:colcon.colcon_core.shell:Creating environment hook '/home/fishros/document/GitHub/Learning-ROS2-with-Fishbot/chapt3/topic_practice_ws/src/install/status_display/share/status_display/hook/cmake_prefix_path.ps1'
[17.249s] INFO:colcon.colcon_core.shell:Creating environment descriptor '/home/fishros/document/GitHub/Learning-ROS2-with-Fishbot/chapt3/topic_practice_ws/src/install/status_display/share/status_display/hook/cmake_prefix_path.dsv'
[17.250s] INFO:colcon.colcon_core.shell:Creating environment hook '/home/fishros/document/GitHub/Learning-ROS2-with-Fishbot/chapt3/topic_practice_ws/src/install/status_display/share/status_display/hook/cmake_prefix_path.sh'
[17.251s] Level 1:colcon.colcon_core.environment:checking '/home/fishros/document/GitHub/Learning-ROS2-with-Fishbot/chapt3/topic_practice_ws/src/install/status_display/lib'
[17.251s] Level 1:colcon.colcon_core.environment:checking '/home/fishros/document/GitHub/Learning-ROS2-with-Fishbot/chapt3/topic_practice_ws/src/install/status_display/bin'
[17.251s] Level 1:colcon.colcon_core.environment:checking '/home/fishros/document/GitHub/Learning-ROS2-with-Fishbot/chapt3/topic_practice_ws/src/install/status_display/lib/pkgconfig/status_display.pc'
[17.251s] Level 1:colcon.colcon_core.environment:checking '/home/fishros/document/GitHub/Learning-ROS2-with-Fishbot/chapt3/topic_practice_ws/src/install/status_display/lib/python3.10/site-packages'
[17.252s] Level 1:colcon.colcon_core.environment:checking '/home/fishros/document/GitHub/Learning-ROS2-with-Fishbot/chapt3/topic_practice_ws/src/install/status_display/bin'
[17.252s] INFO:colcon.colcon_core.shell:Creating package script '/home/fishros/document/GitHub/Learning-ROS2-with-Fishbot/chapt3/topic_practice_ws/src/install/status_display/share/status_display/package.ps1'
[17.253s] INFO:colcon.colcon_core.shell:Creating package descriptor '/home/fishros/document/GitHub/Learning-ROS2-with-Fishbot/chapt3/topic_practice_ws/src/install/status_display/share/status_display/package.dsv'
[17.254s] INFO:colcon.colcon_core.shell:Creating package script '/home/fishros/document/GitHub/Learning-ROS2-with-Fishbot/chapt3/topic_practice_ws/src/install/status_display/share/status_display/package.sh'
[17.255s] INFO:colcon.colcon_core.shell:Creating package script '/home/fishros/document/GitHub/Learning-ROS2-with-Fishbot/chapt3/topic_practice_ws/src/install/status_display/share/status_display/package.bash'
[17.255s] INFO:colcon.colcon_core.shell:Creating package script '/home/fishros/document/GitHub/Learning-ROS2-with-Fishbot/chapt3/topic_practice_ws/src/install/status_display/share/status_display/package.zsh'
[17.256s] Level 1:colcon.colcon_core.environment:create_file_with_runtime_dependencies(/home/fishros/document/GitHub/Learning-ROS2-with-Fishbot/chapt3/topic_practice_ws/src/install/status_display/share/colcon-core/packages/status_display)
[17.256s] DEBUG:colcon.colcon_parallel_executor.executor.parallel:closing loop
[17.257s] DEBUG:colcon.colcon_parallel_executor.executor.parallel:loop closed
[17.257s] DEBUG:colcon.colcon_parallel_executor.executor.parallel:run_until_complete finished with '0'
[17.257s] DEBUG:colcon.colcon_core.event_reactor:joining thread
[17.264s] INFO:colcon.colcon_core.plugin_system:Skipping extension 'colcon_notification.desktop_notification.terminal_notifier': Not used on non-Darwin systems
[17.264s] INFO:colcon.colcon_core.plugin_system:Skipping extension 'colcon_notification.desktop_notification.win32': Not used on non-Windows systems
[17.264s] INFO:colcon.colcon_notification.desktop_notification:Sending desktop notification using 'notify2'
[17.280s] DEBUG:colcon.colcon_core.event_reactor:joined thread
[17.281s] INFO:colcon.colcon_core.shell:Creating prefix script '/home/fishros/document/GitHub/Learning-ROS2-with-Fishbot/chapt3/topic_practice_ws/src/install/local_setup.ps1'
[17.283s] INFO:colcon.colcon_core.shell:Creating prefix util module '/home/fishros/document/GitHub/Learning-ROS2-with-Fishbot/chapt3/topic_practice_ws/src/install/_local_setup_util_ps1.py'
[17.286s] INFO:colcon.colcon_core.shell:Creating prefix chain script '/home/fishros/document/GitHub/Learning-ROS2-with-Fishbot/chapt3/topic_practice_ws/src/install/setup.ps1'
[17.287s] INFO:colcon.colcon_core.shell:Creating prefix script '/home/fishros/document/GitHub/Learning-ROS2-with-Fishbot/chapt3/topic_practice_ws/src/install/local_setup.sh'
[17.288s] INFO:colcon.colcon_core.shell:Creating prefix util module '/home/fishros/document/GitHub/Learning-ROS2-with-Fishbot/chapt3/topic_practice_ws/src/install/_local_setup_util_sh.py'
[17.289s] INFO:colcon.colcon_core.shell:Creating prefix chain script '/home/fishros/document/GitHub/Learning-ROS2-with-Fishbot/chapt3/topic_practice_ws/src/install/setup.sh'
[17.291s] INFO:colcon.colcon_core.shell:Creating prefix script '/home/fishros/document/GitHub/Learning-ROS2-with-Fishbot/chapt3/topic_practice_ws/src/install/local_setup.bash'
[17.291s] INFO:colcon.colcon_core.shell:Creating prefix chain script '/home/fishros/document/GitHub/Learning-ROS2-with-Fishbot/chapt3/topic_practice_ws/src/install/setup.bash'
[17.293s] INFO:colcon.colcon_core.shell:Creating prefix script '/home/fishros/document/GitHub/Learning-ROS2-with-Fishbot/chapt3/topic_practice_ws/src/install/local_setup.zsh'
[17.294s] INFO:colcon.colcon_core.shell:Creating prefix chain script '/home/fishros/document/GitHub/Learning-ROS2-with-Fishbot/chapt3/topic_practice_ws/src/install/setup.zsh'
