[0.704s] Invoking command in '/home/fishros/文档/GitHub/Learning-ROS2-with-Fishbot/chapt2/chapt2_ws/src/demo_python_pkg': PYTHONPATH=/home/fishros/文档/GitHub/Learning-ROS2-with-Fishbot/chapt2/chapt2_ws/build/demo_python_pkg/prefix_override:/usr/lib/python3/dist-packages/colcon_core/task/python/colcon_distutils_commands:/home/fishros/文档/GitHub/Learning-ROS2-with-Fishbot/chapt2/chapt2_ws/install/demo_python_pkg/lib/python3.10/site-packages:${PYTHONPATH} /usr/bin/python3 -W ignore:setup.py install is deprecated -W ignore:easy_install command is deprecated setup.py egg_info --egg-base ../../build/demo_python_pkg build --build-base /home/fishros/文档/GitHub/Learning-ROS2-with-Fishbot/chapt2/chapt2_ws/build/demo_python_pkg/build install --record /home/fishros/文档/GitHub/Learning-ROS2-with-Fishbot/chapt2/chapt2_ws/build/demo_python_pkg/install.log --single-version-externally-managed install_data
[0.857s] /home/fishros/.local/lib/python3.10/site-packages/setuptools/_distutils/dist.py:270: UserWarning: Unknown distribution option: 'tests_require'
[0.857s]   warnings.warn(msg)
[0.927s] running egg_info
[0.938s] writing ../../build/demo_python_pkg/demo_python_pkg.egg-info/PKG-INFO
[0.939s] writing dependency_links to ../../build/demo_python_pkg/demo_python_pkg.egg-info/dependency_links.txt
[0.939s] writing entry points to ../../build/demo_python_pkg/demo_python_pkg.egg-info/entry_points.txt
[0.940s] writing requirements to ../../build/demo_python_pkg/demo_python_pkg.egg-info/requires.txt
[0.940s] writing top-level names to ../../build/demo_python_pkg/demo_python_pkg.egg-info/top_level.txt
[0.968s] reading manifest file '../../build/demo_python_pkg/demo_python_pkg.egg-info/SOURCES.txt'
[0.968s] adding license file 'LICENSE'
[0.969s] writing manifest file '../../build/demo_python_pkg/demo_python_pkg.egg-info/SOURCES.txt'
[0.969s] running build
[0.969s] running build_py
[0.970s] copying demo_python_pkg/person_node.py -> /home/fishros/文档/GitHub/Learning-ROS2-with-Fishbot/chapt2/chapt2_ws/build/demo_python_pkg/build/lib/demo_python_pkg
[0.970s] copying demo_python_pkg/__init__.py -> /home/fishros/文档/GitHub/Learning-ROS2-with-Fishbot/chapt2/chapt2_ws/build/demo_python_pkg/build/lib/demo_python_pkg
[0.970s] copying demo_python_pkg/python_node.py -> /home/fishros/文档/GitHub/Learning-ROS2-with-Fishbot/chapt2/chapt2_ws/build/demo_python_pkg/build/lib/demo_python_pkg
[0.970s] copying demo_python_pkg/writer_node.py -> /home/fishros/文档/GitHub/Learning-ROS2-with-Fishbot/chapt2/chapt2_ws/build/demo_python_pkg/build/lib/demo_python_pkg
[0.971s] running install
[0.975s] running install_lib
[0.989s] copying /home/fishros/文档/GitHub/Learning-ROS2-with-Fishbot/chapt2/chapt2_ws/build/demo_python_pkg/build/lib/demo_python_pkg/person_node.py -> /home/fishros/文档/GitHub/Learning-ROS2-with-Fishbot/chapt2/chapt2_ws/install/demo_python_pkg/lib/python3.10/site-packages/demo_python_pkg
[0.990s] copying /home/fishros/文档/GitHub/Learning-ROS2-with-Fishbot/chapt2/chapt2_ws/build/demo_python_pkg/build/lib/demo_python_pkg/writer_node.py -> /home/fishros/文档/GitHub/Learning-ROS2-with-Fishbot/chapt2/chapt2_ws/install/demo_python_pkg/lib/python3.10/site-packages/demo_python_pkg
[0.990s] byte-compiling /home/fishros/文档/GitHub/Learning-ROS2-with-Fishbot/chapt2/chapt2_ws/install/demo_python_pkg/lib/python3.10/site-packages/demo_python_pkg/person_node.py to person_node.cpython-310.pyc
[0.991s] byte-compiling /home/fishros/文档/GitHub/Learning-ROS2-with-Fishbot/chapt2/chapt2_ws/install/demo_python_pkg/lib/python3.10/site-packages/demo_python_pkg/writer_node.py to writer_node.cpython-310.pyc
[0.991s] running install_data
[0.992s] copying resource/demo_python_pkg -> /home/fishros/文档/GitHub/Learning-ROS2-with-Fishbot/chapt2/chapt2_ws/install/demo_python_pkg/share/ament_index/resource_index/packages
[0.992s] copying package.xml -> /home/fishros/文档/GitHub/Learning-ROS2-with-Fishbot/chapt2/chapt2_ws/install/demo_python_pkg/share/demo_python_pkg
[0.992s] running install_egg_info
[1.005s] removing '/home/fishros/文档/GitHub/Learning-ROS2-with-Fishbot/chapt2/chapt2_ws/install/demo_python_pkg/lib/python3.10/site-packages/demo_python_pkg-0.0.0-py3.10.egg-info' (and everything under it)
[1.006s] Copying ../../build/demo_python_pkg/demo_python_pkg.egg-info to /home/fishros/文档/GitHub/Learning-ROS2-with-Fishbot/chapt2/chapt2_ws/install/demo_python_pkg/lib/python3.10/site-packages/demo_python_pkg-0.0.0-py3.10.egg-info
[1.007s] running install_scripts
[1.120s] Installing person_node script to /home/fishros/文档/GitHub/Learning-ROS2-with-Fishbot/chapt2/chapt2_ws/install/demo_python_pkg/lib/demo_python_pkg
[1.121s] Installing python_node script to /home/fishros/文档/GitHub/Learning-ROS2-with-Fishbot/chapt2/chapt2_ws/install/demo_python_pkg/lib/demo_python_pkg
[1.121s] Installing writer_node script to /home/fishros/文档/GitHub/Learning-ROS2-with-Fishbot/chapt2/chapt2_ws/install/demo_python_pkg/lib/demo_python_pkg
[1.121s] writing list of installed files to '/home/fishros/文档/GitHub/Learning-ROS2-with-Fishbot/chapt2/chapt2_ws/build/demo_python_pkg/install.log'
[1.146s] Invoked command in '/home/fishros/文档/GitHub/Learning-ROS2-with-Fishbot/chapt2/chapt2_ws/src/demo_python_pkg' returned '0': PYTHONPATH=/home/fishros/文档/GitHub/Learning-ROS2-with-Fishbot/chapt2/chapt2_ws/build/demo_python_pkg/prefix_override:/usr/lib/python3/dist-packages/colcon_core/task/python/colcon_distutils_commands:/home/fishros/文档/GitHub/Learning-ROS2-with-Fishbot/chapt2/chapt2_ws/install/demo_python_pkg/lib/python3.10/site-packages:${PYTHONPATH} /usr/bin/python3 -W ignore:setup.py install is deprecated -W ignore:easy_install command is deprecated setup.py egg_info --egg-base ../../build/demo_python_pkg build --build-base /home/fishros/文档/GitHub/Learning-ROS2-with-Fishbot/chapt2/chapt2_ws/build/demo_python_pkg/build install --record /home/fishros/文档/GitHub/Learning-ROS2-with-Fishbot/chapt2/chapt2_ws/build/demo_python_pkg/install.log --single-version-externally-managed install_data
