In file included from [01m[K/opt/ros/humble/include/rclcpp/rclcpp/logging.hpp:24[m[K,
                 from [01m[K/opt/ros/humble/include/rclcpp/rclcpp/client.hpp:40[m[K,
                 from [01m[K/opt/ros/humble/include/rclcpp/rclcpp/callback_group.hpp:24[m[K,
                 from [01m[K/opt/ros/humble/include/rclcpp/rclcpp/any_executable.hpp:20[m[K,
                 from [01m[K/opt/ros/humble/include/rclcpp/rclcpp/memory_strategy.hpp:25[m[K,
                 from [01m[K/opt/ros/humble/include/rclcpp/rclcpp/memory_strategies.hpp:18[m[K,
                 from [01m[K/opt/ros/humble/include/rclcpp/rclcpp/executor_options.hpp:20[m[K,
                 from [01m[K/opt/ros/humble/include/rclcpp/rclcpp/executor.hpp:37[m[K,
                 from [01m[K/opt/ros/humble/include/rclcpp/rclcpp/executors/multi_threaded_executor.hpp:25[m[K,
                 from [01m[K/opt/ros/humble/include/rclcpp/rclcpp/executors.hpp:21[m[K,
                 from [01m[K/opt/ros/humble/include/rclcpp/rclcpp/rclcpp.hpp:155[m[K,
                 from [01m[K/home/fishros/文档/GitHub/Learning-ROS2-with-Fishbot/chapt2/chapt2_ws/src/demo_cpp_pkg/src/person_node.cpp:2[m[K:
[01m[K/home/fishros/文档/GitHub/Learning-ROS2-with-Fishbot/chapt2/chapt2_ws/src/demo_cpp_pkg/src/person_node.cpp:[m[K In member function ‘[01m[Kvoid PersonNode::eat(const string&)[m[K’:
[01m[K/home/fishros/文档/GitHub/Learning-ROS2-with-Fishbot/chapt2/chapt2_ws/src/demo_cpp_pkg/src/person_node.cpp:22:15:[m[K [01;31m[Kerror: [m[Kinvalid use of non-static member function ‘[01m[Kconst _CharT* std::__cxx11::basic_string<_CharT, _Traits, _Alloc>::c_str() const [with _CharT = char; _Traits = std::char_traits<char>; _Alloc = std::allocator<char>][m[K’
   22 |         [01;31m[Kname_.c_str[m[K,age_, food_name.c_str);
      |         [01;31m[K~~~~~~^~~~~[m[K
In file included from [01m[K/usr/include/c++/11/string:55[m[K,
                 from [01m[K/home/fishros/文档/GitHub/Learning-ROS2-with-Fishbot/chapt2/chapt2_ws/src/demo_cpp_pkg/src/person_node.cpp:1[m[K:
[01m[K/usr/include/c++/11/bits/basic_string.h:2320:7:[m[K [01;36m[Knote: [m[Kdeclared here
 2320 |       [01;36m[Kc_str[m[K() const _GLIBCXX_NOEXCEPT
      |       [01;36m[K^~~~~[m[K
[01m[K/home/fishros/文档/GitHub/Learning-ROS2-with-Fishbot/chapt2/chapt2_ws/src/demo_cpp_pkg/src/person_node.cpp:[m[K In function ‘[01m[Kint main(int, char**)[m[K’:
[01m[K/home/fishros/文档/GitHub/Learning-ROS2-with-Fishbot/chapt2/chapt2_ws/src/demo_cpp_pkg/src/person_node.cpp:32:13:[m[K [01;35m[Kwarning: [m[Kstatement is a reference, not call, to function ‘[01m[Krclcpp::shutdown[m[K’ [[01;35m[K]8;;https://gcc.gnu.org/onlinedocs/gcc/Warning-Options.html#index-Waddress-Waddress]8;;[m[K]
   32 |     [01;35m[Krclcpp::shutdown[m[K;
      |     [01;35m[K~~~~~~~~^~~~~~~~[m[K
[01m[K/home/fishros/文档/GitHub/Learning-ROS2-with-Fishbot/chapt2/chapt2_ws/src/demo_cpp_pkg/src/person_node.cpp:32:13:[m[K [01;35m[Kwarning: [m[Kstatement has no effect [[01;35m[K]8;;https://gcc.gnu.org/onlinedocs/gcc/Warning-Options.html#index-Wunused-value-Wunused-value]8;;[m[K]
gmake[2]: *** [CMakeFiles/person_node.dir/build.make:76：CMakeFiles/person_node.dir/src/person_node.cpp.o] 错误 1
gmake[1]: *** [CMakeFiles/Makefile2:165：CMakeFiles/person_node.dir/all] 错误 2
gmake: *** [Makefile:146：all] 错误 2
