[0.970s] Invoking command in '/home/fishros/document/GitHub/Learning-ROS2-with-Fishbot/chapt4/chapt4_ws/src/demo_python_service': AMENT_PREFIX_PATH=/home/fishros/document/GitHub/Learning-ROS2-with-Fishbot/chapt4/chapt4_ws/install/chapt4_interfaces:${AMENT_PREFIX_PATH} CMAKE_PREFIX_PATH=/home/fishros/document/GitHub/Learning-ROS2-with-Fishbot/chapt4/chapt4_ws/install/chapt4_interfaces LD_LIBRARY_PATH=/home/fishros/document/GitHub/Learning-ROS2-with-Fishbot/chapt4/chapt4_ws/install/chapt4_interfaces/lib:${LD_LIBRARY_PATH} PYTHONPATH=/home/fishros/document/GitHub/Learning-ROS2-with-Fishbot/chapt4/chapt4_ws/build/demo_python_service/prefix_override:/usr/lib/python3/dist-packages/colcon_core/task/python/colcon_distutils_commands:/home/fishros/document/GitHub/Learning-ROS2-with-Fishbot/chapt4/chapt4_ws/install/demo_python_service/lib/python3.10/site-packages:/home/fishros/document/GitHub/Learning-ROS2-with-Fishbot/chapt4/chapt4_ws/install/chapt4_interfaces/local/lib/python3.10/dist-packages:${PYTHONPATH} /usr/bin/python3 -W ignore:setup.py install is deprecated -W ignore:easy_install command is deprecated setup.py egg_info --egg-base ../../build/demo_python_service build --build-base /home/fishros/document/GitHub/Learning-ROS2-with-Fishbot/chapt4/chapt4_ws/build/demo_python_service/build install --record /home/fishros/document/GitHub/Learning-ROS2-with-Fishbot/chapt4/chapt4_ws/build/demo_python_service/install.log --single-version-externally-managed install_data
[1.194s] /home/fishros/.local/lib/python3.10/site-packages/setuptools/_distutils/dist.py:270: UserWarning: Unknown distribution option: 'tests_require'
[1.195s]   warnings.warn(msg)
[1.328s] running egg_info
[1.351s] writing ../../build/demo_python_service/demo_python_service.egg-info/PKG-INFO
[1.352s] writing dependency_links to ../../build/demo_python_service/demo_python_service.egg-info/dependency_links.txt
[1.352s] writing entry points to ../../build/demo_python_service/demo_python_service.egg-info/entry_points.txt
[1.352s] writing requirements to ../../build/demo_python_service/demo_python_service.egg-info/requires.txt
[1.352s] writing top-level names to ../../build/demo_python_service/demo_python_service.egg-info/top_level.txt
[1.404s] reading manifest file '../../build/demo_python_service/demo_python_service.egg-info/SOURCES.txt'
[1.404s] adding license file 'LICENSE'
[1.406s] writing manifest file '../../build/demo_python_service/demo_python_service.egg-info/SOURCES.txt'
[1.407s] running build
[1.407s] running build_py
[1.407s] copying demo_python_service/face_detect_node.py -> /home/fishros/document/GitHub/Learning-ROS2-with-Fishbot/chapt4/chapt4_ws/build/demo_python_service/build/lib/demo_python_service
[1.408s] copying demo_python_service/__init__.py -> /home/fishros/document/GitHub/Learning-ROS2-with-Fishbot/chapt4/chapt4_ws/build/demo_python_service/build/lib/demo_python_service
[1.408s] copying demo_python_service/learn_face_detect.py -> /home/fishros/document/GitHub/Learning-ROS2-with-Fishbot/chapt4/chapt4_ws/build/demo_python_service/build/lib/demo_python_service
[1.408s] running install
[1.419s] running install_lib
[1.443s] copying /home/fishros/document/GitHub/Learning-ROS2-with-Fishbot/chapt4/chapt4_ws/build/demo_python_service/build/lib/demo_python_service/face_detect_node.py -> /home/fishros/document/GitHub/Learning-ROS2-with-Fishbot/chapt4/chapt4_ws/install/demo_python_service/lib/python3.10/site-packages/demo_python_service
[1.444s] byte-compiling /home/fishros/document/GitHub/Learning-ROS2-with-Fishbot/chapt4/chapt4_ws/install/demo_python_service/lib/python3.10/site-packages/demo_python_service/face_detect_node.py to face_detect_node.cpython-310.pyc
[1.445s] running install_data
[1.446s] copying resource/demo_python_service -> /home/fishros/document/GitHub/Learning-ROS2-with-Fishbot/chapt4/chapt4_ws/install/demo_python_service/share/ament_index/resource_index/packages
[1.446s] copying package.xml -> /home/fishros/document/GitHub/Learning-ROS2-with-Fishbot/chapt4/chapt4_ws/install/demo_python_service/share/demo_python_service
[1.446s] copying resource/default.jpg -> /home/fishros/document/GitHub/Learning-ROS2-with-Fishbot/chapt4/chapt4_ws/install/demo_python_service/share/demo_python_service/resource
[1.447s] running install_egg_info
[1.472s] removing '/home/fishros/document/GitHub/Learning-ROS2-with-Fishbot/chapt4/chapt4_ws/install/demo_python_service/lib/python3.10/site-packages/demo_python_service-0.0.0-py3.10.egg-info' (and everything under it)
[1.472s] Copying ../../build/demo_python_service/demo_python_service.egg-info to /home/fishros/document/GitHub/Learning-ROS2-with-Fishbot/chapt4/chapt4_ws/install/demo_python_service/lib/python3.10/site-packages/demo_python_service-0.0.0-py3.10.egg-info
[1.473s] running install_scripts
[1.658s] Installing face_detect_node script to /home/fishros/document/GitHub/Learning-ROS2-with-Fishbot/chapt4/chapt4_ws/install/demo_python_service/lib/demo_python_service
[1.660s] Installing learn_face_detect script to /home/fishros/document/GitHub/Learning-ROS2-with-Fishbot/chapt4/chapt4_ws/install/demo_python_service/lib/demo_python_service
[1.662s] writing list of installed files to '/home/fishros/document/GitHub/Learning-ROS2-with-Fishbot/chapt4/chapt4_ws/build/demo_python_service/install.log'
[1.725s] Invoked command in '/home/fishros/document/GitHub/Learning-ROS2-with-Fishbot/chapt4/chapt4_ws/src/demo_python_service' returned '0': AMENT_PREFIX_PATH=/home/fishros/document/GitHub/Learning-ROS2-with-Fishbot/chapt4/chapt4_ws/install/chapt4_interfaces:${AMENT_PREFIX_PATH} CMAKE_PREFIX_PATH=/home/fishros/document/GitHub/Learning-ROS2-with-Fishbot/chapt4/chapt4_ws/install/chapt4_interfaces LD_LIBRARY_PATH=/home/fishros/document/GitHub/Learning-ROS2-with-Fishbot/chapt4/chapt4_ws/install/chapt4_interfaces/lib:${LD_LIBRARY_PATH} PYTHONPATH=/home/fishros/document/GitHub/Learning-ROS2-with-Fishbot/chapt4/chapt4_ws/build/demo_python_service/prefix_override:/usr/lib/python3/dist-packages/colcon_core/task/python/colcon_distutils_commands:/home/fishros/document/GitHub/Learning-ROS2-with-Fishbot/chapt4/chapt4_ws/install/demo_python_service/lib/python3.10/site-packages:/home/fishros/document/GitHub/Learning-ROS2-with-Fishbot/chapt4/chapt4_ws/install/chapt4_interfaces/local/lib/python3.10/dist-packages:${PYTHONPATH} /usr/bin/python3 -W ignore:setup.py install is deprecated -W ignore:easy_install command is deprecated setup.py egg_info --egg-base ../../build/demo_python_service build --build-base /home/fishros/document/GitHub/Learning-ROS2-with-Fishbot/chapt4/chapt4_ws/build/demo_python_service/build install --record /home/fishros/document/GitHub/Learning-ROS2-with-Fishbot/chapt4/chapt4_ws/build/demo_python_service/install.log --single-version-externally-managed install_data
