[0.018s] Invoking command in '/home/fishros/document/GitHub/Learning-ROS2-with-Fishbot/chapt3/topic_practice_ws/src/build/status_display': AMENT_PREFIX_PATH=/home/fishros/document/GitHub/Learning-ROS2-with-Fishbot/chapt3/topic_practice_ws/src/install/status_interfaces:${AMENT_PREFIX_PATH} CMAKE_PREFIX_PATH=/home/fishros/document/GitHub/Learning-ROS2-with-Fishbot/chapt3/topic_practice_ws/src/install/status_interfaces:/opt/ros/humble LD_LIBRARY_PATH=/home/fishros/document/GitHub/Learning-ROS2-with-Fishbot/chapt3/topic_practice_ws/src/install/status_interfaces/lib:${LD_LIBRARY_PATH} PYTHONPATH=/home/fishros/document/GitHub/Learning-ROS2-with-Fishbot/chapt3/topic_practice_ws/src/install/status_interfaces/local/lib/python3.10/dist-packages:${PYTHONPATH} /usr/bin/cmake /home/fishros/document/GitHub/Learning-ROS2-with-Fishbot/chapt3/topic_practice_ws/src/status_display -DCMAKE_INSTALL_PREFIX=/home/fishros/document/GitHub/Learning-ROS2-with-Fishbot/chapt3/topic_practice_ws/src/install/status_display
[0.035s] -- Found ament_cmake: 1.3.11 (/opt/ros/humble/share/ament_cmake/cmake)
[0.231s] -- Found rclcpp: 16.0.11 (/opt/ros/humble/share/rclcpp/cmake)
[0.283s] -- Found rosidl_generator_c: 3.1.6 (/opt/ros/humble/share/rosidl_generator_c/cmake)
[0.284s] -- Found rosidl_adapter: 3.1.6 (/opt/ros/humble/share/rosidl_adapter/cmake)
[0.293s] -- Found rosidl_generator_cpp: 3.1.6 (/opt/ros/humble/share/rosidl_generator_cpp/cmake)
[0.316s] -- Using all available rosidl_typesupport_c: rosidl_typesupport_fastrtps_c;rosidl_typesupport_introspection_c
[0.335s] -- Using all available rosidl_typesupport_cpp: rosidl_typesupport_fastrtps_cpp;rosidl_typesupport_introspection_cpp
[0.393s] -- Found rmw_implementation_cmake: 6.1.2 (/opt/ros/humble/share/rmw_implementation_cmake/cmake)
[0.395s] -- Found rmw_fastrtps_cpp: 6.2.7 (/opt/ros/humble/share/rmw_fastrtps_cpp/cmake)
[0.542s] -- Using RMW implementation 'rmw_fastrtps_cpp' as default
[0.636s] -- Found status_interfaces: 0.0.0 (/home/fishros/document/GitHub/Learning-ROS2-with-Fishbot/chapt3/topic_practice_ws/src/install/status_interfaces/share/status_interfaces/cmake)
[0.733s] -- Found ament_lint_auto: 0.12.11 (/opt/ros/humble/share/ament_lint_auto/cmake)
[0.837s] -- Added test 'cppcheck' to perform static code analysis on C / C++ code
[0.837s] -- Configured cppcheck include dirs: 
[0.837s] -- Configured cppcheck exclude dirs and/or files: 
[0.838s] -- Added test 'lint_cmake' to check CMake code style
[0.839s] -- Added test 'uncrustify' to check C / C++ code style
[0.839s] -- Configured uncrustify additional arguments: 
[0.840s] -- Added test 'xmllint' to check XML markup files
[0.841s] -- Configuring done
[0.858s] -- Generating done
[0.866s] -- Build files have been written to: /home/fishros/document/GitHub/Learning-ROS2-with-Fishbot/chapt3/topic_practice_ws/src/build/status_display
[0.882s] Invoked command in '/home/fishros/document/GitHub/Learning-ROS2-with-Fishbot/chapt3/topic_practice_ws/src/build/status_display' returned '0': AMENT_PREFIX_PATH=/home/fishros/document/GitHub/Learning-ROS2-with-Fishbot/chapt3/topic_practice_ws/src/install/status_interfaces:${AMENT_PREFIX_PATH} CMAKE_PREFIX_PATH=/home/fishros/document/GitHub/Learning-ROS2-with-Fishbot/chapt3/topic_practice_ws/src/install/status_interfaces:/opt/ros/humble LD_LIBRARY_PATH=/home/fishros/document/GitHub/Learning-ROS2-with-Fishbot/chapt3/topic_practice_ws/src/install/status_interfaces/lib:${LD_LIBRARY_PATH} PYTHONPATH=/home/fishros/document/GitHub/Learning-ROS2-with-Fishbot/chapt3/topic_practice_ws/src/install/status_interfaces/local/lib/python3.10/dist-packages:${PYTHONPATH} /usr/bin/cmake /home/fishros/document/GitHub/Learning-ROS2-with-Fishbot/chapt3/topic_practice_ws/src/status_display -DCMAKE_INSTALL_PREFIX=/home/fishros/document/GitHub/Learning-ROS2-with-Fishbot/chapt3/topic_practice_ws/src/install/status_display
[0.888s] Invoking command in '/home/fishros/document/GitHub/Learning-ROS2-with-Fishbot/chapt3/topic_practice_ws/src/build/status_display': AMENT_PREFIX_PATH=/home/fishros/document/GitHub/Learning-ROS2-with-Fishbot/chapt3/topic_practice_ws/src/install/status_interfaces:${AMENT_PREFIX_PATH} CMAKE_PREFIX_PATH=/home/fishros/document/GitHub/Learning-ROS2-with-Fishbot/chapt3/topic_practice_ws/src/install/status_interfaces:/opt/ros/humble LD_LIBRARY_PATH=/home/fishros/document/GitHub/Learning-ROS2-with-Fishbot/chapt3/topic_practice_ws/src/install/status_interfaces/lib:${LD_LIBRARY_PATH} PYTHONPATH=/home/fishros/document/GitHub/Learning-ROS2-with-Fishbot/chapt3/topic_practice_ws/src/install/status_interfaces/local/lib/python3.10/dist-packages:${PYTHONPATH} /usr/bin/cmake --build /home/fishros/document/GitHub/Learning-ROS2-with-Fishbot/chapt3/topic_practice_ws/src/build/status_display -- -j8 -l8
[0.963s] [ 50%] [32mBuilding CXX object CMakeFiles/sys_status_display.dir/src/sys_status_display.cpp.o[0m
[13.857s] [100%] [32m[1mLinking CXX executable sys_status_display[0m
[16.154s] [100%] Built target sys_status_display
[16.170s] Invoked command in '/home/fishros/document/GitHub/Learning-ROS2-with-Fishbot/chapt3/topic_practice_ws/src/build/status_display' returned '0': AMENT_PREFIX_PATH=/home/fishros/document/GitHub/Learning-ROS2-with-Fishbot/chapt3/topic_practice_ws/src/install/status_interfaces:${AMENT_PREFIX_PATH} CMAKE_PREFIX_PATH=/home/fishros/document/GitHub/Learning-ROS2-with-Fishbot/chapt3/topic_practice_ws/src/install/status_interfaces:/opt/ros/humble LD_LIBRARY_PATH=/home/fishros/document/GitHub/Learning-ROS2-with-Fishbot/chapt3/topic_practice_ws/src/install/status_interfaces/lib:${LD_LIBRARY_PATH} PYTHONPATH=/home/fishros/document/GitHub/Learning-ROS2-with-Fishbot/chapt3/topic_practice_ws/src/install/status_interfaces/local/lib/python3.10/dist-packages:${PYTHONPATH} /usr/bin/cmake --build /home/fishros/document/GitHub/Learning-ROS2-with-Fishbot/chapt3/topic_practice_ws/src/build/status_display -- -j8 -l8
[16.173s] Invoking command in '/home/fishros/document/GitHub/Learning-ROS2-with-Fishbot/chapt3/topic_practice_ws/src/build/status_display': AMENT_PREFIX_PATH=/home/fishros/document/GitHub/Learning-ROS2-with-Fishbot/chapt3/topic_practice_ws/src/install/status_interfaces:${AMENT_PREFIX_PATH} CMAKE_PREFIX_PATH=/home/fishros/document/GitHub/Learning-ROS2-with-Fishbot/chapt3/topic_practice_ws/src/install/status_interfaces:/opt/ros/humble LD_LIBRARY_PATH=/home/fishros/document/GitHub/Learning-ROS2-with-Fishbot/chapt3/topic_practice_ws/src/install/status_interfaces/lib:${LD_LIBRARY_PATH} PYTHONPATH=/home/fishros/document/GitHub/Learning-ROS2-with-Fishbot/chapt3/topic_practice_ws/src/install/status_interfaces/local/lib/python3.10/dist-packages:${PYTHONPATH} /usr/bin/cmake --install /home/fishros/document/GitHub/Learning-ROS2-with-Fishbot/chapt3/topic_practice_ws/src/build/status_display
[16.182s] -- Install configuration: ""
[16.182s] -- Installing: /home/fishros/document/GitHub/Learning-ROS2-with-Fishbot/chapt3/topic_practice_ws/src/install/status_display/lib/status_display/sys_status_display
[16.191s] -- Set runtime path of "/home/fishros/document/GitHub/Learning-ROS2-with-Fishbot/chapt3/topic_practice_ws/src/install/status_display/lib/status_display/sys_status_display" to ""
[16.191s] -- Installing: /home/fishros/document/GitHub/Learning-ROS2-with-Fishbot/chapt3/topic_practice_ws/src/install/status_display/share/ament_index/resource_index/package_run_dependencies/status_display
[16.191s] -- Installing: /home/fishros/document/GitHub/Learning-ROS2-with-Fishbot/chapt3/topic_practice_ws/src/install/status_display/share/ament_index/resource_index/parent_prefix_path/status_display
[16.191s] -- Installing: /home/fishros/document/GitHub/Learning-ROS2-with-Fishbot/chapt3/topic_practice_ws/src/install/status_display/share/status_display/environment/ament_prefix_path.sh
[16.191s] -- Installing: /home/fishros/document/GitHub/Learning-ROS2-with-Fishbot/chapt3/topic_practice_ws/src/install/status_display/share/status_display/environment/ament_prefix_path.dsv
[16.191s] -- Installing: /home/fishros/document/GitHub/Learning-ROS2-with-Fishbot/chapt3/topic_practice_ws/src/install/status_display/share/status_display/environment/path.sh
[16.191s] -- Installing: /home/fishros/document/GitHub/Learning-ROS2-with-Fishbot/chapt3/topic_practice_ws/src/install/status_display/share/status_display/environment/path.dsv
[16.191s] -- Installing: /home/fishros/document/GitHub/Learning-ROS2-with-Fishbot/chapt3/topic_practice_ws/src/install/status_display/share/status_display/local_setup.bash
[16.191s] -- Installing: /home/fishros/document/GitHub/Learning-ROS2-with-Fishbot/chapt3/topic_practice_ws/src/install/status_display/share/status_display/local_setup.sh
[16.192s] -- Installing: /home/fishros/document/GitHub/Learning-ROS2-with-Fishbot/chapt3/topic_practice_ws/src/install/status_display/share/status_display/local_setup.zsh
[16.192s] -- Installing: /home/fishros/document/GitHub/Learning-ROS2-with-Fishbot/chapt3/topic_practice_ws/src/install/status_display/share/status_display/local_setup.dsv
[16.192s] -- Installing: /home/fishros/document/GitHub/Learning-ROS2-with-Fishbot/chapt3/topic_practice_ws/src/install/status_display/share/status_display/package.dsv
[16.192s] -- Installing: /home/fishros/document/GitHub/Learning-ROS2-with-Fishbot/chapt3/topic_practice_ws/src/install/status_display/share/ament_index/resource_index/packages/status_display
[16.192s] -- Installing: /home/fishros/document/GitHub/Learning-ROS2-with-Fishbot/chapt3/topic_practice_ws/src/install/status_display/share/status_display/cmake/status_displayConfig.cmake
[16.192s] -- Installing: /home/fishros/document/GitHub/Learning-ROS2-with-Fishbot/chapt3/topic_practice_ws/src/install/status_display/share/status_display/cmake/status_displayConfig-version.cmake
[16.192s] -- Installing: /home/fishros/document/GitHub/Learning-ROS2-with-Fishbot/chapt3/topic_practice_ws/src/install/status_display/share/status_display/package.xml
[16.195s] Invoked command in '/home/fishros/document/GitHub/Learning-ROS2-with-Fishbot/chapt3/topic_practice_ws/src/build/status_display' returned '0': AMENT_PREFIX_PATH=/home/fishros/document/GitHub/Learning-ROS2-with-Fishbot/chapt3/topic_practice_ws/src/install/status_interfaces:${AMENT_PREFIX_PATH} CMAKE_PREFIX_PATH=/home/fishros/document/GitHub/Learning-ROS2-with-Fishbot/chapt3/topic_practice_ws/src/install/status_interfaces:/opt/ros/humble LD_LIBRARY_PATH=/home/fishros/document/GitHub/Learning-ROS2-with-Fishbot/chapt3/topic_practice_ws/src/install/status_interfaces/lib:${LD_LIBRARY_PATH} PYTHONPATH=/home/fishros/document/GitHub/Learning-ROS2-with-Fishbot/chapt3/topic_practice_ws/src/install/status_interfaces/local/lib/python3.10/dist-packages:${PYTHONPATH} /usr/bin/cmake --install /home/fishros/document/GitHub/Learning-ROS2-with-Fishbot/chapt3/topic_practice_ws/src/build/status_display
